2025-08-22 20:16:32,621 INFO: 
                ____                _       _____  ____
               / __ ) ____ _ _____ (_)_____/ ___/ / __ \
              / __  |/ __ `// ___// // ___/\__ \ / /_/ /
             / /_/ // /_/ /(__  )/ // /__ ___/ // _, _/
            /_____/ \__,_//____//_/ \___//____//_/ |_|
     ______                   __   __                 __      __
    / ____/____   ____   ____/ /  / /   __  __ _____ / /__   / /
   / / __ / __ \ / __ \ / __  /  / /   / / / // ___// //_/  / /
  / /_/ // /_/ // /_/ // /_/ /  / /___/ /_/ // /__ / /<    /_/
  \____/ \____/ \____/ \____/  /_____/\____/ \___//_/|_|  (_)
    
Version Information: 
	BasicSR: 0.1.1
	PyTorch: 2.7.1+cu126
	TorchVision: 0.22.1+cu126
2025-08-22 20:16:32,621 INFO: 
  name: PFT_light_SRx2_dimezzato
  model_type: PFTModel
  scale: 2
  num_gpu: 1
  manual_seed: 0
  find_unused_parameters: True
  datasets:[
    train:[
      name: Dimezzato
      type: PairedImageDataset
      dataroot_gt: datasets/Dataset2_dimezzato/HR
      dataroot_lq: datasets/Dataset2_dimezzato/LR
      filename_tmpl: {}x2
      io_backend:[
        type: disk
      ]
      gt_size: 128
      use_hflip: True
      use_rot: True
      num_worker_per_gpu: 8
      batch_size_per_gpu: 8
      dataset_enlarge_ratio: 1
      prefetch_mode: cuda
      pin_memory: True
      persistent_workers: True
      phase: train
      scale: 2
    ]
    val_1:[
      name: Set5
      type: PairedImageDataset
      dataroot_gt: datasets/TestDataSR/HR/Set5/x2
      dataroot_lq: datasets/TestDataSR/LR/LRBI/Set5/x2
      io_backend:[
        type: disk
      ]
      phase: val
      scale: 2
    ]
    val_2:[
      name: Set14
      type: PairedImageDataset
      dataroot_gt: datasets/TestDataSR/HR/Set14/x2
      dataroot_lq: datasets/TestDataSR/LR/LRBI/Set14/x2
      io_backend:[
        type: disk
      ]
      phase: val
      scale: 2
    ]
    val_3:[
      name: BSD100
      type: PairedImageDataset
      dataroot_gt: datasets/TestDataSR/HR/B100/x2
      dataroot_lq: datasets/TestDataSR/LR/LRBI/B100/x2
      io_backend:[
        type: disk
      ]
      phase: val
      scale: 2
    ]
  ]
  network_g:[
    type: PFT
    upscale: 2
    in_chans: 3
    img_size: 64
    embed_dim: 52
    depths: [2, 4, 6, 6, 6]
    num_heads: 4
    num_topk: [1024, 1024, 256, 256, 256, 256, 128, 128, 128, 128, 128, 128, 64, 64, 64, 64, 64, 64, 32, 32, 32, 32, 32, 32]
    window_size: 32
    convffn_kernel_size: 7
    img_range: 1.0
    mlp_ratio: 1
    upsampler: pixelshuffledirect
    resi_connection: 1conv
    use_checkpoint: False
  ]
  path:[
    pretrain_network_g: None
    strict_load_g: True
    resume_state: None
    experiments_root: /app/PFT-SR/experiments/PFT_light_SRx2_dimezzato
    models: /app/PFT-SR/experiments/PFT_light_SRx2_dimezzato/models
    training_states: /app/PFT-SR/experiments/PFT_light_SRx2_dimezzato/training_states
    log: /app/PFT-SR/experiments/PFT_light_SRx2_dimezzato
    visualization: /app/PFT-SR/experiments/PFT_light_SRx2_dimezzato/visualization
  ]
  train:[
    ema_decay: 0.999
    optim_g:[
      type: AdamW
      lr: 0.0005
      weight_decay: 0
      betas: [0.9, 0.99]
    ]
    scheduler:[
      type: MultiStepLR
      milestones: [1000, 2000, 3000, 4000, 5000, 6000, 7000, 8000, 9000, 10000, 11000, 12000, 13000]
      gamma: 0.5
    ]
    total_iter: 13750
    warmup_iter: 500
    pixel_opt:[
      type: L1Loss
      loss_weight: 1.0
      reduction: mean
    ]
  ]
  val:[
    val_freq: 10000.0
    save_img: False
    metrics:[
      psnr:[
        type: calculate_psnr
        crop_border: 2
        test_y_channel: True
      ]
      ssim:[
        type: calculate_ssim
        crop_border: 2
        test_y_channel: True
      ]
    ]
  ]
  logger:[
    print_freq: 100
    save_checkpoint_freq: 1000.0
    use_tb_logger: True
    wandb:[
      project: None
      resume_id: None
    ]
  ]
  dist_params:[
    backend: nccl
    port: 29500
  ]
  dist: False
  rank: 0
  world_size: 1
  auto_resume: False
  is_train: True
  root_path: /app/PFT-SR

2025-08-22 20:16:32,725 INFO: Dataset [PairedImageDataset] - Dimezzato is built.
2025-08-22 20:16:32,726 INFO: Training statistics:
	Number of train images: 1144
	Dataset enlarge ratio: 1
	Batch size per gpu: 8
	World size (gpu number): 1
	Require iter number per epoch: 143
	Total epochs: 97; iters: 13750.
2025-08-22 20:16:32,726 INFO: Dataset [PairedImageDataset] - Set5 is built.
2025-08-22 20:16:32,726 INFO: Number of val images/folders in Set5: 5
2025-08-22 20:16:32,727 INFO: Dataset [PairedImageDataset] - Set14 is built.
2025-08-22 20:16:32,727 INFO: Number of val images/folders in Set14: 14
2025-08-22 20:16:32,731 INFO: Dataset [PairedImageDataset] - BSD100 is built.
2025-08-22 20:16:32,731 INFO: Number of val images/folders in BSD100: 100
2025-08-22 20:16:32,791 INFO: Network [PFT] is created.
2025-08-22 20:16:32,931 INFO: Network: PFT, with parameters: 775,532
2025-08-22 20:16:32,932 INFO: PFT(
  (conv_first): Conv2d(3, 52, kernel_size=(3, 3), stride=(1, 1), padding=(1, 1))
  (patch_embed): PatchEmbed(
    (norm): LayerNorm((52,), eps=1e-05, elementwise_affine=True)
  )
  (patch_unembed): PatchUnEmbed()
  (layers): ModuleList(
    (0): PFTB(
      (patch_embed): PatchEmbed()
      (patch_unembed): PatchUnEmbed()
      (residual_group): BasicBlock(
        dim=52, input_resolution=(64, 64), depth=2
        (layers): ModuleList(
          (0-1): 2 x PFTransformerLayer(
            (softmax): Softmax(dim=-1)
            (lrelu): LeakyReLU(negative_slope=0.01)
            (sigmoid): Sigmoid()
            (norm1): LayerNorm((52,), eps=1e-05, elementwise_affine=True)
            (norm2): LayerNorm((52,), eps=1e-05, elementwise_affine=True)
            (wqkv): Linear(in_features=52, out_features=156, bias=True)
            (v_LePE): dwconv(
              (depthwise_conv): Sequential(
                (0): Conv2d(52, 52, kernel_size=(7, 7), stride=(1, 1), padding=(3, 3), groups=52)
                (1): GELU(approximate='none')
              )
            )
            (attn_win): WindowAttention(
              dim=52, window_size=(32, 32), num_heads=4, qkv_bias=True
              (proj): Linear(in_features=52, out_features=52, bias=True)
              (softmax): Softmax(dim=-1)
            )
            (convffn): ConvFFN(
              (fc1): Linear(in_features=52, out_features=52, bias=True)
              (act): GELU(approximate='none')
              (dwconv): dwconv(
                (depthwise_conv): Sequential(
                  (0): Conv2d(52, 52, kernel_size=(7, 7), stride=(1, 1), padding=(3, 3), groups=52)
                  (1): GELU(approximate='none')
                )
              )
              (fc2): Linear(in_features=52, out_features=52, bias=True)
            )
          )
        )
      )
      (conv): Conv2d(52, 52, kernel_size=(3, 3), stride=(1, 1), padding=(1, 1))
    )
    (1): PFTB(
      (patch_embed): PatchEmbed()
      (patch_unembed): PatchUnEmbed()
      (residual_group): BasicBlock(
        dim=52, input_resolution=(64, 64), depth=4
        (layers): ModuleList(
          (0-3): 4 x PFTransformerLayer(
            (softmax): Softmax(dim=-1)
            (lrelu): LeakyReLU(negative_slope=0.01)
            (sigmoid): Sigmoid()
            (norm1): LayerNorm((52,), eps=1e-05, elementwise_affine=True)
            (norm2): LayerNorm((52,), eps=1e-05, elementwise_affine=True)
            (wqkv): Linear(in_features=52, out_features=156, bias=True)
            (v_LePE): dwconv(
              (depthwise_conv): Sequential(
                (0): Conv2d(52, 52, kernel_size=(7, 7), stride=(1, 1), padding=(3, 3), groups=52)
                (1): GELU(approximate='none')
              )
            )
            (attn_win): WindowAttention(
              dim=52, window_size=(32, 32), num_heads=4, qkv_bias=True
              (proj): Linear(in_features=52, out_features=52, bias=True)
              (softmax): Softmax(dim=-1)
            )
            (convffn): ConvFFN(
              (fc1): Linear(in_features=52, out_features=52, bias=True)
              (act): GELU(approximate='none')
              (dwconv): dwconv(
                (depthwise_conv): Sequential(
                  (0): Conv2d(52, 52, kernel_size=(7, 7), stride=(1, 1), padding=(3, 3), groups=52)
                  (1): GELU(approximate='none')
                )
              )
              (fc2): Linear(in_features=52, out_features=52, bias=True)
            )
          )
        )
      )
      (conv): Conv2d(52, 52, kernel_size=(3, 3), stride=(1, 1), padding=(1, 1))
    )
    (2-4): 3 x PFTB(
      (patch_embed): PatchEmbed()
      (patch_unembed): PatchUnEmbed()
      (residual_group): BasicBlock(
        dim=52, input_resolution=(64, 64), depth=6
        (layers): ModuleList(
          (0-5): 6 x PFTransformerLayer(
            (softmax): Softmax(dim=-1)
            (lrelu): LeakyReLU(negative_slope=0.01)
            (sigmoid): Sigmoid()
            (norm1): LayerNorm((52,), eps=1e-05, elementwise_affine=True)
            (norm2): LayerNorm((52,), eps=1e-05, elementwise_affine=True)
            (wqkv): Linear(in_features=52, out_features=156, bias=True)
            (v_LePE): dwconv(
              (depthwise_conv): Sequential(
                (0): Conv2d(52, 52, kernel_size=(7, 7), stride=(1, 1), padding=(3, 3), groups=52)
                (1): GELU(approximate='none')
              )
            )
            (attn_win): WindowAttention(
              dim=52, window_size=(32, 32), num_heads=4, qkv_bias=True
              (proj): Linear(in_features=52, out_features=52, bias=True)
              (softmax): Softmax(dim=-1)
            )
            (convffn): ConvFFN(
              (fc1): Linear(in_features=52, out_features=52, bias=True)
              (act): GELU(approximate='none')
              (dwconv): dwconv(
                (depthwise_conv): Sequential(
                  (0): Conv2d(52, 52, kernel_size=(7, 7), stride=(1, 1), padding=(3, 3), groups=52)
                  (1): GELU(approximate='none')
                )
              )
              (fc2): Linear(in_features=52, out_features=52, bias=True)
            )
          )
        )
      )
      (conv): Conv2d(52, 52, kernel_size=(3, 3), stride=(1, 1), padding=(1, 1))
    )
  )
  (norm): LayerNorm((52,), eps=1e-05, elementwise_affine=True)
  (conv_after_body): Conv2d(52, 52, kernel_size=(3, 3), stride=(1, 1), padding=(1, 1))
  (upsample): UpsampleOneStep(
    (0): Conv2d(52, 12, kernel_size=(3, 3), stride=(1, 1), padding=(1, 1))
    (1): PixelShuffle(upscale_factor=2)
  )
)
2025-08-22 20:16:32,934 INFO: Use Exponential Moving Average with decay: 0.999
2025-08-22 20:16:32,986 INFO: Network [PFT] is created.
2025-08-22 20:16:33,025 INFO: Loss [L1Loss] is created.
2025-08-22 20:16:33,027 INFO: Model [PFTModel] is created.
2025-08-22 20:16:33,181 INFO: Use cuda prefetch dataloader
2025-08-22 20:16:33,181 INFO: Start training from epoch: 0, iter: 0
2025-08-22 20:17:35,062 INFO: [PFT_l..][epoch:  0, iter:     100, lr:(1.000e-04,)] [eta: 2:15:16, time (data): 0.619 (0.001)] l_pix: 5.4206e-02 
2025-08-22 20:18:35,865 INFO: [PFT_l..][epoch:  1, iter:     200, lr:(2.000e-04,)] [eta: 2:15:47, time (data): 0.613 (0.001)] l_pix: 3.0184e-02 
2025-08-22 20:19:36,429 INFO: [PFT_l..][epoch:  2, iter:     300, lr:(3.000e-04,)] [eta: 2:15:06, time (data): 0.606 (0.001)] l_pix: 4.1392e-02 
2025-08-22 20:20:36,701 INFO: [PFT_l..][epoch:  2, iter:     400, lr:(4.000e-04,)] [eta: 2:14:06, time (data): 0.604 (0.001)] l_pix: 3.5056e-02 
2025-08-22 20:21:36,943 INFO: [PFT_l..][epoch:  3, iter:     500, lr:(4.990e-04,)] [eta: 2:13:04, time (data): 0.602 (0.001)] l_pix: 3.1284e-02 
2025-08-22 20:22:36,769 INFO: [PFT_l..][epoch:  4, iter:     600, lr:(4.990e-04,)] [eta: 2:11:54, time (data): 0.600 (0.001)] l_pix: 3.0001e-02 
2025-08-22 20:23:36,214 INFO: [PFT_l..][epoch:  4, iter:     700, lr:(4.990e-04,)] [eta: 2:10:40, time (data): 0.594 (0.001)] l_pix: 1.9487e-02 
2025-08-22 20:24:35,596 INFO: [PFT_l..][epoch:  5, iter:     800, lr:(4.990e-04,)] [eta: 2:09:29, time (data): 0.594 (0.001)] l_pix: 2.3157e-02 
2025-08-22 20:25:34,647 INFO: [PFT_l..][epoch:  6, iter:     900, lr:(4.990e-04,)] [eta: 2:08:15, time (data): 0.590 (0.001)] l_pix: 1.8485e-02 
2025-08-22 20:26:33,158 INFO: [PFT_l..][epoch:  6, iter:   1,000, lr:(4.990e-04,)] [eta: 2:06:58, time (data): 0.588 (0.001)] l_pix: 2.0156e-02 
2025-08-22 20:26:33,159 INFO: Saving models and training states.
2025-08-22 20:27:32,175 INFO: [PFT_l..][epoch:  7, iter:   1,100, lr:(2.495e-04,)] [eta: 2:05:50, time (data): 0.587 (0.000)] l_pix: 2.1861e-02 
2025-08-22 20:28:30,776 INFO: [PFT_l..][epoch:  8, iter:   1,200, lr:(2.495e-04,)] [eta: 2:04:38, time (data): 0.587 (0.001)] l_pix: 1.2586e-02 
2025-08-22 20:29:29,147 INFO: [PFT_l..][epoch:  9, iter:   1,300, lr:(2.495e-04,)] [eta: 2:03:27, time (data): 0.584 (0.001)] l_pix: 1.9553e-02 
2025-08-22 20:30:27,269 INFO: [PFT_l..][epoch:  9, iter:   1,400, lr:(2.495e-04,)] [eta: 2:02:15, time (data): 0.582 (0.001)] l_pix: 1.7666e-02 
2025-08-22 20:31:25,482 INFO: [PFT_l..][epoch: 10, iter:   1,500, lr:(2.495e-04,)] [eta: 2:01:06, time (data): 0.582 (0.001)] l_pix: 1.7715e-02 
2025-08-22 20:32:23,710 INFO: [PFT_l..][epoch: 11, iter:   1,600, lr:(2.495e-04,)] [eta: 1:59:59, time (data): 0.582 (0.001)] l_pix: 2.2125e-02 
2025-08-22 20:33:21,720 INFO: [PFT_l..][epoch: 11, iter:   1,700, lr:(2.495e-04,)] [eta: 1:58:51, time (data): 0.580 (0.000)] l_pix: 1.8189e-02 
2025-08-22 20:34:19,828 INFO: [PFT_l..][epoch: 12, iter:   1,800, lr:(2.495e-04,)] [eta: 1:57:44, time (data): 0.581 (0.001)] l_pix: 2.2410e-02 
2025-08-22 20:35:17,907 INFO: [PFT_l..][epoch: 13, iter:   1,900, lr:(2.495e-04,)] [eta: 1:56:39, time (data): 0.581 (0.001)] l_pix: 2.2465e-02 
2025-08-22 20:36:15,977 INFO: [PFT_l..][epoch: 13, iter:   2,000, lr:(2.495e-04,)] [eta: 1:55:34, time (data): 0.581 (0.001)] l_pix: 2.0275e-02 
2025-08-22 20:36:15,977 INFO: Saving models and training states.
2025-08-22 20:37:14,809 INFO: [PFT_l..][epoch: 14, iter:   2,100, lr:(1.247e-04,)] [eta: 1:54:34, time (data): 0.586 (0.000)] l_pix: 1.4792e-02 
2025-08-22 20:38:13,515 INFO: [PFT_l..][epoch: 15, iter:   2,200, lr:(1.247e-04,)] [eta: 1:53:33, time (data): 0.586 (0.001)] l_pix: 1.4821e-02 
2025-08-22 20:39:12,137 INFO: [PFT_l..][epoch: 16, iter:   2,300, lr:(1.247e-04,)] [eta: 1:52:32, time (data): 0.586 (0.001)] l_pix: 1.0927e-02 
2025-08-22 20:40:10,855 INFO: [PFT_l..][epoch: 16, iter:   2,400, lr:(1.247e-04,)] [eta: 1:51:32, time (data): 0.587 (0.001)] l_pix: 1.5840e-02 
2025-08-22 20:41:09,613 INFO: [PFT_l..][epoch: 17, iter:   2,500, lr:(1.247e-04,)] [eta: 1:50:32, time (data): 0.588 (0.001)] l_pix: 1.9687e-02 
2025-08-22 20:42:08,338 INFO: [PFT_l..][epoch: 18, iter:   2,600, lr:(1.247e-04,)] [eta: 1:49:32, time (data): 0.588 (0.001)] l_pix: 1.3333e-02 
2025-08-22 20:43:07,012 INFO: [PFT_l..][epoch: 18, iter:   2,700, lr:(1.247e-04,)] [eta: 1:48:32, time (data): 0.587 (0.001)] l_pix: 2.0719e-02 
2025-08-22 20:44:05,833 INFO: [PFT_l..][epoch: 19, iter:   2,800, lr:(1.247e-04,)] [eta: 1:47:33, time (data): 0.587 (0.001)] l_pix: 1.9471e-02 
2025-08-22 20:45:04,643 INFO: [PFT_l..][epoch: 20, iter:   2,900, lr:(1.247e-04,)] [eta: 1:46:33, time (data): 0.588 (0.001)] l_pix: 1.6558e-02 
2025-08-22 20:46:03,385 INFO: [PFT_l..][epoch: 20, iter:   3,000, lr:(1.247e-04,)] [eta: 1:45:34, time (data): 0.588 (0.001)] l_pix: 1.9402e-02 
2025-08-22 20:46:03,386 INFO: Saving models and training states.
2025-08-22 20:47:02,414 INFO: [PFT_l..][epoch: 21, iter:   3,100, lr:(6.237e-05,)] [eta: 1:44:35, time (data): 0.588 (0.000)] l_pix: 2.2828e-02 
2025-08-22 20:48:01,244 INFO: [PFT_l..][epoch: 22, iter:   3,200, lr:(6.237e-05,)] [eta: 1:43:36, time (data): 0.588 (0.001)] l_pix: 1.2543e-02 
2025-08-22 20:49:00,068 INFO: [PFT_l..][epoch: 23, iter:   3,300, lr:(6.237e-05,)] [eta: 1:42:36, time (data): 0.588 (0.001)] l_pix: 2.1994e-02 
2025-08-22 20:49:58,795 INFO: [PFT_l..][epoch: 23, iter:   3,400, lr:(6.237e-05,)] [eta: 1:41:37, time (data): 0.588 (0.001)] l_pix: 1.5694e-02 
2025-08-22 20:50:57,686 INFO: [PFT_l..][epoch: 24, iter:   3,500, lr:(6.237e-05,)] [eta: 1:40:38, time (data): 0.589 (0.002)] l_pix: 1.3127e-02 
2025-08-22 20:51:56,536 INFO: [PFT_l..][epoch: 25, iter:   3,600, lr:(6.237e-05,)] [eta: 1:39:39, time (data): 0.589 (0.001)] l_pix: 1.4808e-02 
2025-08-22 20:52:55,342 INFO: [PFT_l..][epoch: 25, iter:   3,700, lr:(6.237e-05,)] [eta: 1:38:40, time (data): 0.588 (0.000)] l_pix: 1.1780e-02 
2025-08-22 20:53:54,217 INFO: [PFT_l..][epoch: 26, iter:   3,800, lr:(6.237e-05,)] [eta: 1:37:41, time (data): 0.588 (0.001)] l_pix: 1.4692e-02 
2025-08-22 20:54:53,089 INFO: [PFT_l..][epoch: 27, iter:   3,900, lr:(6.237e-05,)] [eta: 1:36:42, time (data): 0.589 (0.001)] l_pix: 1.4287e-02 
2025-08-22 20:55:51,953 INFO: [PFT_l..][epoch: 27, iter:   4,000, lr:(6.237e-05,)] [eta: 1:35:43, time (data): 0.589 (0.001)] l_pix: 1.4896e-02 
2025-08-22 20:55:51,953 INFO: Saving models and training states.
2025-08-22 20:56:51,128 INFO: [PFT_l..][epoch: 28, iter:   4,100, lr:(3.119e-05,)] [eta: 1:34:44, time (data): 0.589 (0.001)] l_pix: 1.5806e-02 
2025-08-22 20:57:50,118 INFO: [PFT_l..][epoch: 29, iter:   4,200, lr:(3.119e-05,)] [eta: 1:33:46, time (data): 0.590 (0.001)] l_pix: 1.7120e-02 
2025-08-22 20:58:49,152 INFO: [PFT_l..][epoch: 30, iter:   4,300, lr:(3.119e-05,)] [eta: 1:32:47, time (data): 0.591 (0.001)] l_pix: 1.4297e-02 
2025-08-22 20:59:48,042 INFO: [PFT_l..][epoch: 30, iter:   4,400, lr:(3.119e-05,)] [eta: 1:31:48, time (data): 0.590 (0.001)] l_pix: 1.2953e-02 
2025-08-22 21:00:46,524 INFO: [PFT_l..][epoch: 31, iter:   4,500, lr:(3.119e-05,)] [eta: 1:30:48, time (data): 0.585 (0.002)] l_pix: 1.7326e-02 
2025-08-22 21:01:45,002 INFO: [PFT_l..][epoch: 32, iter:   4,600, lr:(3.119e-05,)] [eta: 1:29:48, time (data): 0.585 (0.001)] l_pix: 1.6773e-02 
2025-08-22 21:02:43,435 INFO: [PFT_l..][epoch: 32, iter:   4,700, lr:(3.119e-05,)] [eta: 1:28:48, time (data): 0.584 (0.000)] l_pix: 1.3296e-02 
2025-08-22 21:03:42,000 INFO: [PFT_l..][epoch: 33, iter:   4,800, lr:(3.119e-05,)] [eta: 1:27:49, time (data): 0.585 (0.001)] l_pix: 1.3215e-02 
2025-08-22 21:04:40,505 INFO: [PFT_l..][epoch: 34, iter:   4,900, lr:(3.119e-05,)] [eta: 1:26:49, time (data): 0.586 (0.002)] l_pix: 1.5009e-02 
2025-08-22 21:05:39,009 INFO: [PFT_l..][epoch: 34, iter:   5,000, lr:(3.119e-05,)] [eta: 1:25:50, time (data): 0.585 (0.001)] l_pix: 1.3640e-02 
2025-08-22 21:05:39,010 INFO: Saving models and training states.
2025-08-22 21:06:37,636 INFO: [PFT_l..][epoch: 35, iter:   5,100, lr:(1.559e-05,)] [eta: 1:24:51, time (data): 0.584 (0.000)] l_pix: 2.0942e-02 
2025-08-22 21:07:36,396 INFO: [PFT_l..][epoch: 36, iter:   5,200, lr:(1.559e-05,)] [eta: 1:23:52, time (data): 0.586 (0.001)] l_pix: 1.1649e-02 
2025-08-22 21:08:35,275 INFO: [PFT_l..][epoch: 37, iter:   5,300, lr:(1.559e-05,)] [eta: 1:22:53, time (data): 0.589 (0.002)] l_pix: 1.9702e-02 
2025-08-22 21:09:34,057 INFO: [PFT_l..][epoch: 37, iter:   5,400, lr:(1.559e-05,)] [eta: 1:21:54, time (data): 0.588 (0.001)] l_pix: 1.4430e-02 
2025-08-22 21:10:32,639 INFO: [PFT_l..][epoch: 38, iter:   5,500, lr:(1.559e-05,)] [eta: 1:20:54, time (data): 0.586 (0.001)] l_pix: 2.2212e-02 
2025-08-22 21:11:31,204 INFO: [PFT_l..][epoch: 39, iter:   5,600, lr:(1.559e-05,)] [eta: 1:19:55, time (data): 0.586 (0.001)] l_pix: 1.6168e-02 
2025-08-22 21:12:29,571 INFO: [PFT_l..][epoch: 39, iter:   5,700, lr:(1.559e-05,)] [eta: 1:18:56, time (data): 0.584 (0.000)] l_pix: 1.5550e-02 
2025-08-22 21:13:27,967 INFO: [PFT_l..][epoch: 40, iter:   5,800, lr:(1.559e-05,)] [eta: 1:17:56, time (data): 0.584 (0.001)] l_pix: 1.3554e-02 
2025-08-22 21:14:26,335 INFO: [PFT_l..][epoch: 41, iter:   5,900, lr:(1.559e-05,)] [eta: 1:16:57, time (data): 0.584 (0.002)] l_pix: 1.1070e-02 
2025-08-22 21:15:24,627 INFO: [PFT_l..][epoch: 41, iter:   6,000, lr:(1.559e-05,)] [eta: 1:15:57, time (data): 0.583 (0.001)] l_pix: 1.3511e-02 
2025-08-22 21:15:24,628 INFO: Saving models and training states.
2025-08-22 21:16:23,287 INFO: [PFT_l..][epoch: 42, iter:   6,100, lr:(7.797e-06,)] [eta: 1:14:58, time (data): 0.584 (0.000)] l_pix: 1.9742e-02 
2025-08-22 21:17:21,763 INFO: [PFT_l..][epoch: 43, iter:   6,200, lr:(7.797e-06,)] [eta: 1:13:59, time (data): 0.584 (0.001)] l_pix: 2.5205e-02 
2025-08-22 21:18:20,333 INFO: [PFT_l..][epoch: 44, iter:   6,300, lr:(7.797e-06,)] [eta: 1:13:00, time (data): 0.586 (0.002)] l_pix: 2.1008e-02 
2025-08-22 21:19:18,701 INFO: [PFT_l..][epoch: 44, iter:   6,400, lr:(7.797e-06,)] [eta: 1:12:01, time (data): 0.585 (0.001)] l_pix: 1.2462e-02 
2025-08-22 21:20:17,088 INFO: [PFT_l..][epoch: 45, iter:   6,500, lr:(7.797e-06,)] [eta: 1:11:01, time (data): 0.584 (0.002)] l_pix: 1.1641e-02 
2025-08-22 21:21:15,562 INFO: [PFT_l..][epoch: 46, iter:   6,600, lr:(7.797e-06,)] [eta: 1:10:02, time (data): 0.585 (0.001)] l_pix: 1.6704e-02 
2025-08-22 21:22:14,109 INFO: [PFT_l..][epoch: 46, iter:   6,700, lr:(7.797e-06,)] [eta: 1:09:03, time (data): 0.586 (0.000)] l_pix: 1.5701e-02 
2025-08-22 21:23:12,735 INFO: [PFT_l..][epoch: 47, iter:   6,800, lr:(7.797e-06,)] [eta: 1:08:04, time (data): 0.586 (0.001)] l_pix: 1.5641e-02 
2025-08-22 21:24:11,525 INFO: [PFT_l..][epoch: 48, iter:   6,900, lr:(7.797e-06,)] [eta: 1:07:05, time (data): 0.589 (0.002)] l_pix: 2.0860e-02 
2025-08-22 21:25:10,029 INFO: [PFT_l..][epoch: 48, iter:   7,000, lr:(7.797e-06,)] [eta: 1:06:06, time (data): 0.586 (0.001)] l_pix: 1.1371e-02 
2025-08-22 21:25:10,030 INFO: Saving models and training states.
2025-08-22 21:26:08,619 INFO: [PFT_l..][epoch: 49, iter:   7,100, lr:(3.898e-06,)] [eta: 1:05:07, time (data): 0.583 (0.001)] l_pix: 1.8393e-02 
2025-08-22 21:27:07,017 INFO: [PFT_l..][epoch: 50, iter:   7,200, lr:(3.898e-06,)] [eta: 1:04:08, time (data): 0.584 (0.001)] l_pix: 1.4957e-02 
2025-08-22 21:28:05,385 INFO: [PFT_l..][epoch: 51, iter:   7,300, lr:(3.898e-06,)] [eta: 1:03:09, time (data): 0.584 (0.002)] l_pix: 1.3072e-02 
2025-08-22 21:29:03,790 INFO: [PFT_l..][epoch: 51, iter:   7,400, lr:(3.898e-06,)] [eta: 1:02:10, time (data): 0.584 (0.001)] l_pix: 1.6640e-02 
2025-08-22 21:30:02,211 INFO: [PFT_l..][epoch: 52, iter:   7,500, lr:(3.898e-06,)] [eta: 1:01:11, time (data): 0.583 (0.000)] l_pix: 1.6894e-02 
2025-08-22 21:31:00,621 INFO: [PFT_l..][epoch: 53, iter:   7,600, lr:(3.898e-06,)] [eta: 1:00:12, time (data): 0.584 (0.001)] l_pix: 1.6973e-02 
2025-08-22 21:31:58,962 INFO: [PFT_l..][epoch: 53, iter:   7,700, lr:(3.898e-06,)] [eta: 0:59:13, time (data): 0.583 (0.000)] l_pix: 1.4480e-02 
2025-08-22 21:32:57,405 INFO: [PFT_l..][epoch: 54, iter:   7,800, lr:(3.898e-06,)] [eta: 0:58:14, time (data): 0.584 (0.001)] l_pix: 1.7897e-02 
2025-08-22 21:33:55,834 INFO: [PFT_l..][epoch: 55, iter:   7,900, lr:(3.898e-06,)] [eta: 0:57:15, time (data): 0.585 (0.002)] l_pix: 1.2066e-02 
2025-08-22 21:34:54,151 INFO: [PFT_l..][epoch: 55, iter:   8,000, lr:(3.898e-06,)] [eta: 0:56:16, time (data): 0.584 (0.001)] l_pix: 1.8521e-02 
2025-08-22 21:34:54,151 INFO: Saving models and training states.
2025-08-22 21:35:52,853 INFO: [PFT_l..][epoch: 56, iter:   8,100, lr:(1.949e-06,)] [eta: 0:55:17, time (data): 0.584 (0.000)] l_pix: 2.6484e-02 
2025-08-22 21:36:51,342 INFO: [PFT_l..][epoch: 57, iter:   8,200, lr:(1.949e-06,)] [eta: 0:54:18, time (data): 0.585 (0.001)] l_pix: 2.2478e-02 
2025-08-22 21:37:50,385 INFO: [PFT_l..][epoch: 58, iter:   8,300, lr:(1.949e-06,)] [eta: 0:53:20, time (data): 0.591 (0.002)] l_pix: 1.4447e-02 
2025-08-22 21:38:49,389 INFO: [PFT_l..][epoch: 58, iter:   8,400, lr:(1.949e-06,)] [eta: 0:52:21, time (data): 0.590 (0.001)] l_pix: 1.5814e-02 
2025-08-22 21:39:48,345 INFO: [PFT_l..][epoch: 59, iter:   8,500, lr:(1.949e-06,)] [eta: 0:51:23, time (data): 0.589 (0.000)] l_pix: 1.9122e-02 
2025-08-22 21:40:47,280 INFO: [PFT_l..][epoch: 60, iter:   8,600, lr:(1.949e-06,)] [eta: 0:50:24, time (data): 0.589 (0.001)] l_pix: 1.2810e-02 
2025-08-22 21:41:46,185 INFO: [PFT_l..][epoch: 60, iter:   8,700, lr:(1.949e-06,)] [eta: 0:49:25, time (data): 0.589 (0.000)] l_pix: 1.0842e-02 
2025-08-22 21:42:45,306 INFO: [PFT_l..][epoch: 61, iter:   8,800, lr:(1.949e-06,)] [eta: 0:48:27, time (data): 0.590 (0.001)] l_pix: 1.4950e-02 
2025-08-22 21:43:44,301 INFO: [PFT_l..][epoch: 62, iter:   8,900, lr:(1.949e-06,)] [eta: 0:47:28, time (data): 0.590 (0.002)] l_pix: 1.2189e-02 
2025-08-22 21:44:43,190 INFO: [PFT_l..][epoch: 62, iter:   9,000, lr:(1.949e-06,)] [eta: 0:46:30, time (data): 0.589 (0.001)] l_pix: 1.4622e-02 
2025-08-22 21:44:43,191 INFO: Saving models and training states.
2025-08-22 21:45:42,436 INFO: [PFT_l..][epoch: 63, iter:   9,100, lr:(9.746e-07,)] [eta: 0:45:31, time (data): 0.590 (0.000)] l_pix: 1.1527e-02 
2025-08-22 21:46:41,435 INFO: [PFT_l..][epoch: 64, iter:   9,200, lr:(9.746e-07,)] [eta: 0:44:32, time (data): 0.590 (0.001)] l_pix: 1.5146e-02 
2025-08-22 21:47:40,266 INFO: [PFT_l..][epoch: 65, iter:   9,300, lr:(9.746e-07,)] [eta: 0:43:34, time (data): 0.588 (0.002)] l_pix: 1.1219e-02 
2025-08-22 21:48:38,632 INFO: [PFT_l..][epoch: 65, iter:   9,400, lr:(9.746e-07,)] [eta: 0:42:35, time (data): 0.585 (0.001)] l_pix: 1.1422e-02 
2025-08-22 21:49:37,012 INFO: [PFT_l..][epoch: 66, iter:   9,500, lr:(9.746e-07,)] [eta: 0:41:36, time (data): 0.583 (0.000)] l_pix: 1.4841e-02 
2025-08-22 21:50:35,465 INFO: [PFT_l..][epoch: 67, iter:   9,600, lr:(9.746e-07,)] [eta: 0:40:37, time (data): 0.584 (0.001)] l_pix: 1.8062e-02 
2025-08-22 21:51:33,789 INFO: [PFT_l..][epoch: 67, iter:   9,700, lr:(9.746e-07,)] [eta: 0:39:38, time (data): 0.583 (0.000)] l_pix: 1.4373e-02 
2025-08-22 21:52:32,160 INFO: [PFT_l..][epoch: 68, iter:   9,800, lr:(9.746e-07,)] [eta: 0:38:39, time (data): 0.584 (0.001)] l_pix: 2.5245e-02 
2025-08-22 21:53:30,502 INFO: [PFT_l..][epoch: 69, iter:   9,900, lr:(9.746e-07,)] [eta: 0:37:40, time (data): 0.584 (0.002)] l_pix: 1.5510e-02 
2025-08-22 21:54:28,719 INFO: [PFT_l..][epoch: 69, iter:  10,000, lr:(9.746e-07,)] [eta: 0:36:41, time (data): 0.583 (0.001)] l_pix: 1.0766e-02 
2025-08-22 21:54:28,720 INFO: Saving models and training states.
2025-08-22 21:54:28,885 WARNING: Multiple validation datasets are *only* supported by SRModel.
2025-08-22 21:54:31,281 INFO: Validation Set5
	 # psnr: 34.4675	Best: 34.4675 @ 10000 iter
	 # ssim: 0.9341	Best: 0.9341 @ 10000 iter

2025-08-22 21:54:43,073 INFO: Validation Set14
	 # psnr: 30.9730	Best: 30.9730 @ 10000 iter
	 # ssim: 0.8727	Best: 0.8727 @ 10000 iter

2025-08-22 21:55:27,292 INFO: Validation BSD100
	 # psnr: 29.9926	Best: 29.9926 @ 10000 iter
	 # ssim: 0.8453	Best: 0.8453 @ 10000 iter

2025-08-22 21:56:26,198 INFO: [PFT_l..][epoch: 70, iter:  10,100, lr:(4.873e-07,)] [eta: 0:36:04, time (data): 0.589 (0.000)] l_pix: 1.3948e-02 
2025-08-22 21:57:25,073 INFO: [PFT_l..][epoch: 71, iter:  10,200, lr:(4.873e-07,)] [eta: 0:35:04, time (data): 0.589 (0.001)] l_pix: 2.5125e-02 
2025-08-22 21:58:23,978 INFO: [PFT_l..][epoch: 72, iter:  10,300, lr:(4.873e-07,)] [eta: 0:34:05, time (data): 0.589 (0.002)] l_pix: 1.8303e-02 
2025-08-22 21:59:22,496 INFO: [PFT_l..][epoch: 72, iter:  10,400, lr:(4.873e-07,)] [eta: 0:33:05, time (data): 0.586 (0.001)] l_pix: 1.3166e-02 
2025-08-22 22:00:21,062 INFO: [PFT_l..][epoch: 73, iter:  10,500, lr:(4.873e-07,)] [eta: 0:32:06, time (data): 0.585 (0.001)] l_pix: 1.5913e-02 
2025-08-22 22:01:19,654 INFO: [PFT_l..][epoch: 74, iter:  10,600, lr:(4.873e-07,)] [eta: 0:31:06, time (data): 0.586 (0.001)] l_pix: 1.4811e-02 
2025-08-22 22:02:18,187 INFO: [PFT_l..][epoch: 74, iter:  10,700, lr:(4.873e-07,)] [eta: 0:30:07, time (data): 0.586 (0.001)] l_pix: 1.8972e-02 
2025-08-22 22:03:16,834 INFO: [PFT_l..][epoch: 75, iter:  10,800, lr:(4.873e-07,)] [eta: 0:29:07, time (data): 0.586 (0.001)] l_pix: 1.6440e-02 
2025-08-22 22:04:15,597 INFO: [PFT_l..][epoch: 76, iter:  10,900, lr:(4.873e-07,)] [eta: 0:28:08, time (data): 0.586 (0.002)] l_pix: 1.3851e-02 
2025-08-22 22:05:14,046 INFO: [PFT_l..][epoch: 76, iter:  11,000, lr:(4.873e-07,)] [eta: 0:27:09, time (data): 0.585 (0.001)] l_pix: 1.3610e-02 
2025-08-22 22:05:14,046 INFO: Saving models and training states.
2025-08-22 22:06:12,654 INFO: [PFT_l..][epoch: 77, iter:  11,100, lr:(2.437e-07,)] [eta: 0:26:09, time (data): 0.584 (0.001)] l_pix: 1.5431e-02 
2025-08-22 22:07:11,014 INFO: [PFT_l..][epoch: 78, iter:  11,200, lr:(2.437e-07,)] [eta: 0:25:10, time (data): 0.584 (0.001)] l_pix: 1.1567e-02 
2025-08-22 22:08:09,316 INFO: [PFT_l..][epoch: 79, iter:  11,300, lr:(2.437e-07,)] [eta: 0:24:10, time (data): 0.584 (0.002)] l_pix: 1.2018e-02 
2025-08-22 22:09:07,610 INFO: [PFT_l..][epoch: 79, iter:  11,400, lr:(2.437e-07,)] [eta: 0:23:11, time (data): 0.583 (0.001)] l_pix: 1.9034e-02 
2025-08-22 22:10:06,017 INFO: [PFT_l..][epoch: 80, iter:  11,500, lr:(2.437e-07,)] [eta: 0:22:11, time (data): 0.583 (0.000)] l_pix: 1.6343e-02 
2025-08-22 22:11:04,382 INFO: [PFT_l..][epoch: 81, iter:  11,600, lr:(2.437e-07,)] [eta: 0:21:12, time (data): 0.583 (0.001)] l_pix: 1.2612e-02 
2025-08-22 22:12:02,687 INFO: [PFT_l..][epoch: 81, iter:  11,700, lr:(2.437e-07,)] [eta: 0:20:13, time (data): 0.583 (0.000)] l_pix: 1.9922e-02 
2025-08-22 22:13:01,183 INFO: [PFT_l..][epoch: 82, iter:  11,800, lr:(2.437e-07,)] [eta: 0:19:13, time (data): 0.584 (0.001)] l_pix: 1.0331e-02 
2025-08-22 22:13:59,849 INFO: [PFT_l..][epoch: 83, iter:  11,900, lr:(2.437e-07,)] [eta: 0:18:14, time (data): 0.586 (0.003)] l_pix: 1.5336e-02 
2025-08-22 22:14:58,213 INFO: [PFT_l..][epoch: 83, iter:  12,000, lr:(2.437e-07,)] [eta: 0:17:15, time (data): 0.584 (0.001)] l_pix: 1.8400e-02 
2025-08-22 22:14:58,214 INFO: Saving models and training states.
2025-08-22 22:15:56,975 INFO: [PFT_l..][epoch: 84, iter:  12,100, lr:(1.218e-07,)] [eta: 0:16:15, time (data): 0.584 (0.001)] l_pix: 1.6237e-02 
2025-08-22 22:16:55,704 INFO: [PFT_l..][epoch: 85, iter:  12,200, lr:(1.218e-07,)] [eta: 0:15:16, time (data): 0.586 (0.001)] l_pix: 1.1482e-02 
2025-08-22 22:17:54,224 INFO: [PFT_l..][epoch: 86, iter:  12,300, lr:(1.218e-07,)] [eta: 0:14:17, time (data): 0.586 (0.002)] l_pix: 1.2856e-02 
2025-08-22 22:18:52,952 INFO: [PFT_l..][epoch: 86, iter:  12,400, lr:(1.218e-07,)] [eta: 0:13:18, time (data): 0.587 (0.001)] l_pix: 1.9509e-02 
2025-08-22 22:19:52,055 INFO: [PFT_l..][epoch: 87, iter:  12,500, lr:(1.218e-07,)] [eta: 0:12:19, time (data): 0.590 (0.001)] l_pix: 1.4293e-02 
2025-08-22 22:20:50,881 INFO: [PFT_l..][epoch: 88, iter:  12,600, lr:(1.218e-07,)] [eta: 0:11:19, time (data): 0.589 (0.001)] l_pix: 1.1126e-02 
2025-08-22 22:21:49,574 INFO: [PFT_l..][epoch: 88, iter:  12,700, lr:(1.218e-07,)] [eta: 0:10:20, time (data): 0.585 (0.001)] l_pix: 1.9577e-02 
2025-08-22 22:22:48,083 INFO: [PFT_l..][epoch: 89, iter:  12,800, lr:(1.218e-07,)] [eta: 0:09:21, time (data): 0.585 (0.001)] l_pix: 1.5428e-02 
2025-08-22 22:23:46,679 INFO: [PFT_l..][epoch: 90, iter:  12,900, lr:(1.218e-07,)] [eta: 0:08:22, time (data): 0.589 (0.003)] l_pix: 2.6760e-02 
2025-08-22 22:24:45,131 INFO: [PFT_l..][epoch: 90, iter:  13,000, lr:(1.218e-07,)] [eta: 0:07:23, time (data): 0.586 (0.001)] l_pix: 1.7150e-02 
2025-08-22 22:24:45,132 INFO: Saving models and training states.
2025-08-22 22:25:43,890 INFO: [PFT_l..][epoch: 91, iter:  13,100, lr:(6.091e-08,)] [eta: 0:06:23, time (data): 0.586 (0.001)] l_pix: 1.4918e-02 
2025-08-22 22:26:42,279 INFO: [PFT_l..][epoch: 92, iter:  13,200, lr:(6.091e-08,)] [eta: 0:05:24, time (data): 0.584 (0.001)] l_pix: 2.2534e-02 
2025-08-22 22:27:40,722 INFO: [PFT_l..][epoch: 93, iter:  13,300, lr:(6.091e-08,)] [eta: 0:04:25, time (data): 0.586 (0.003)] l_pix: 8.6306e-03 
2025-08-22 22:28:39,073 INFO: [PFT_l..][epoch: 93, iter:  13,400, lr:(6.091e-08,)] [eta: 0:03:26, time (data): 0.584 (0.001)] l_pix: 1.4309e-02 
2025-08-22 22:29:37,484 INFO: [PFT_l..][epoch: 94, iter:  13,500, lr:(6.091e-08,)] [eta: 0:02:27, time (data): 0.583 (0.000)] l_pix: 1.5787e-02 
2025-08-22 22:30:35,910 INFO: [PFT_l..][epoch: 95, iter:  13,600, lr:(6.091e-08,)] [eta: 0:01:28, time (data): 0.584 (0.001)] l_pix: 2.1758e-02 
2025-08-22 22:31:34,255 INFO: [PFT_l..][epoch: 95, iter:  13,700, lr:(6.091e-08,)] [eta: 0:00:28, time (data): 0.584 (0.000)] l_pix: 2.0024e-02 
2025-08-22 22:32:03,650 INFO: End of training. Time consumed: 2:15:30
2025-08-22 22:32:03,650 INFO: Save the latest model.
2025-08-22 22:32:06,106 INFO: Validation Set5
	 # psnr: 34.4759	Best: 34.4759 @ 13752 iter
	 # ssim: 0.9341	Best: 0.9341 @ 13752 iter

2025-08-22 22:32:17,730 INFO: Validation Set14
	 # psnr: 30.9778	Best: 30.9778 @ 13752 iter
	 # ssim: 0.8728	Best: 0.8728 @ 13752 iter

2025-08-22 22:33:02,358 INFO: Validation BSD100
	 # psnr: 29.9965	Best: 29.9965 @ 13752 iter
	 # ssim: 0.8453	Best: 0.8453 @ 13752 iter

