2025-08-04 14:15:37,287 INFO: 
                ____                _       _____  ____
               / __ ) ____ _ _____ (_)_____/ ___/ / __ \
              / __  |/ __ `// ___// // ___/\__ \ / /_/ /
             / /_/ // /_/ /(__  )/ // /__ ___/ // _, _/
            /_____/ \__,_//____//_/ \___//____//_/ |_|
     ______                   __   __                 __      __
    / ____/____   ____   ____/ /  / /   __  __ _____ / /__   / /
   / / __ / __ \ / __ \ / __  /  / /   / / / // ___// //_/  / /
  / /_/ // /_/ // /_/ // /_/ /  / /___/ /_/ // /__ / /<    /_/
  \____/ \____/ \____/ \____/  /_____/\____/ \___//_/|_|  (_)
    
Version Information: 
	BasicSR: 0.1.1
	PyTorch: 2.5.0+cu124
	TorchVision: 0.20.0+cu124
2025-08-04 14:15:37,287 INFO: 
  name: gabri_pft_SRx2_Set5train
  model_type: PFTModel
  scale: 2
  num_gpu: 1
  manual_seed: 0
  find_unused_parameters: True
  datasets:[
    train:[
      name: Set5
      type: PairedImageDataset
      dataroot_gt: HR/Set5/x2
      dataroot_lq: LR/Set5/x2
      filename_tmpl: {}
      io_backend:[
        type: disk
      ]
      gt_size: 128
      use_hflip: True
      use_rot: True
      num_worker_per_gpu: 4
      batch_size_per_gpu: 5
      dataset_enlarge_ratio: 1
      prefetch_mode: cuda
      pin_memory: True
      persistent_workers: True
      phase: train
      scale: 2
    ]
  ]
  network_g:[
    type: PFT
    upscale: 2
    in_chans: 3
    img_size: 64
    embed_dim: 240
    depths: [4, 4, 4, 6, 6, 6]
    num_heads: 6
    num_topk: [1024, 1024, 1024, 1024, 256, 256, 256, 256, 128, 128, 128, 128, 64, 64, 64, 64, 64, 64, 32, 32, 32, 32, 32, 32, 16, 16, 16, 16, 16, 16]
    window_size: 32
    convffn_kernel_size: 7
    img_range: 1.0
    mlp_ratio: 2.0
    upsampler: pixelshuffle
    resi_connection: 1conv
    use_checkpoint: False
  ]
  path:[
    pretrain_network_g: experiments/modelli_trainati/Andrea200Epoche.pth
    strict_load_g: True
    resume_state: None
    experiments_root: /app/PFT-SR/experiments/gabri_pft_SRx2_Set5train
    models: /app/PFT-SR/experiments/gabri_pft_SRx2_Set5train/models
    training_states: /app/PFT-SR/experiments/gabri_pft_SRx2_Set5train/training_states
    log: /app/PFT-SR/experiments/gabri_pft_SRx2_Set5train
    visualization: /app/PFT-SR/experiments/gabri_pft_SRx2_Set5train/visualization
  ]
  train:[
    ema_decay: 0.999
    optim_g:[
      type: AdamW
      lr: 0.0002
      weight_decay: 0
      betas: [0.9, 0.99]
    ]
    scheduler:[
      type: MultiStepLR
      milestones: [250000, 400000, 450000, 475000, 490000]
      gamma: 0.5
    ]
    total_iter: 500000
    warmup_iter: 20000
    pixel_opt:[
      type: L1Loss
      loss_weight: 1.0
      reduction: mean
    ]
  ]
  val:[
    val_freq: 10000.0
    save_img: False
    metrics:[
      psnr:[
        type: calculate_psnr
        crop_border: 2
        test_y_channel: True
      ]
      ssim:[
        type: calculate_ssim
        crop_border: 2
        test_y_channel: True
      ]
    ]
  ]
  logger:[
    print_freq: 100
    save_checkpoint_freq: 10000.0
    use_tb_logger: True
    wandb:[
      project: None
      resume_id: None
    ]
  ]
  dist_params:[
    backend: nccl
    port: 29500
  ]
  dist: False
  rank: 0
  world_size: 1
  auto_resume: False
  is_train: True
  root_path: /app/PFT-SR

2025-08-04 14:15:37,423 INFO: Dataset [PairedImageDataset] - Set5 is built.
2025-08-04 14:15:37,423 INFO: Training statistics:
	Number of train images: 5
	Dataset enlarge ratio: 1
	Batch size per gpu: 5
	World size (gpu number): 1
	Require iter number per epoch: 1
	Total epochs: 500000; iters: 500000.
2025-08-04 14:15:37,792 INFO: Network [PFT] is created.
2025-08-04 14:15:37,951 INFO: Network: PFT, with parameters: 19,623,527
2025-08-04 14:15:37,951 INFO: PFT(
  (conv_first): Conv2d(3, 240, kernel_size=(3, 3), stride=(1, 1), padding=(1, 1))
  (patch_embed): PatchEmbed(
    (norm): LayerNorm((240,), eps=1e-05, elementwise_affine=True)
  )
  (patch_unembed): PatchUnEmbed()
  (layers): ModuleList(
    (0-2): 3 x PFTB(
      (patch_embed): PatchEmbed()
      (patch_unembed): PatchUnEmbed()
      (residual_group): BasicBlock(
        dim=240, input_resolution=(64, 64), depth=4
        (layers): ModuleList(
          (0-3): 4 x PFTransformerLayer(
            (softmax): Softmax(dim=-1)
            (lrelu): LeakyReLU(negative_slope=0.01)
            (sigmoid): Sigmoid()
            (norm1): LayerNorm((240,), eps=1e-05, elementwise_affine=True)
            (norm2): LayerNorm((240,), eps=1e-05, elementwise_affine=True)
            (wqkv): Linear(in_features=240, out_features=720, bias=True)
            (v_LePE): dwconv(
              (depthwise_conv): Sequential(
                (0): Conv2d(240, 240, kernel_size=(7, 7), stride=(1, 1), padding=(3, 3), groups=240)
                (1): GELU(approximate='none')
              )
            )
            (attn_win): WindowAttention(
              dim=240, window_size=(32, 32), num_heads=6, qkv_bias=True
              (proj): Linear(in_features=240, out_features=240, bias=True)
              (softmax): Softmax(dim=-1)
            )
            (convffn): ConvFFN(
              (fc1): Linear(in_features=240, out_features=480, bias=True)
              (act): GELU(approximate='none')
              (dwconv): dwconv(
                (depthwise_conv): Sequential(
                  (0): Conv2d(480, 480, kernel_size=(7, 7), stride=(1, 1), padding=(3, 3), groups=480)
                  (1): GELU(approximate='none')
                )
              )
              (fc2): Linear(in_features=480, out_features=240, bias=True)
            )
          )
        )
      )
      (conv): Conv2d(240, 240, kernel_size=(3, 3), stride=(1, 1), padding=(1, 1))
    )
    (3-5): 3 x PFTB(
      (patch_embed): PatchEmbed()
      (patch_unembed): PatchUnEmbed()
      (residual_group): BasicBlock(
        dim=240, input_resolution=(64, 64), depth=6
        (layers): ModuleList(
          (0-5): 6 x PFTransformerLayer(
            (softmax): Softmax(dim=-1)
            (lrelu): LeakyReLU(negative_slope=0.01)
            (sigmoid): Sigmoid()
            (norm1): LayerNorm((240,), eps=1e-05, elementwise_affine=True)
            (norm2): LayerNorm((240,), eps=1e-05, elementwise_affine=True)
            (wqkv): Linear(in_features=240, out_features=720, bias=True)
            (v_LePE): dwconv(
              (depthwise_conv): Sequential(
                (0): Conv2d(240, 240, kernel_size=(7, 7), stride=(1, 1), padding=(3, 3), groups=240)
                (1): GELU(approximate='none')
              )
            )
            (attn_win): WindowAttention(
              dim=240, window_size=(32, 32), num_heads=6, qkv_bias=True
              (proj): Linear(in_features=240, out_features=240, bias=True)
              (softmax): Softmax(dim=-1)
            )
            (convffn): ConvFFN(
              (fc1): Linear(in_features=240, out_features=480, bias=True)
              (act): GELU(approximate='none')
              (dwconv): dwconv(
                (depthwise_conv): Sequential(
                  (0): Conv2d(480, 480, kernel_size=(7, 7), stride=(1, 1), padding=(3, 3), groups=480)
                  (1): GELU(approximate='none')
                )
              )
              (fc2): Linear(in_features=480, out_features=240, bias=True)
            )
          )
        )
      )
      (conv): Conv2d(240, 240, kernel_size=(3, 3), stride=(1, 1), padding=(1, 1))
    )
  )
  (norm): LayerNorm((240,), eps=1e-05, elementwise_affine=True)
  (conv_after_body): Conv2d(240, 240, kernel_size=(3, 3), stride=(1, 1), padding=(1, 1))
  (conv_before_upsample): Sequential(
    (0): Conv2d(240, 64, kernel_size=(3, 3), stride=(1, 1), padding=(1, 1))
    (1): LeakyReLU(negative_slope=0.01, inplace=True)
  )
  (upsample): Upsample(
    (0): Conv2d(64, 256, kernel_size=(3, 3), stride=(1, 1), padding=(1, 1))
    (1): PixelShuffle(upscale_factor=2)
  )
  (conv_last): Conv2d(64, 3, kernel_size=(3, 3), stride=(1, 1), padding=(1, 1))
)
2025-08-04 14:15:37,997 INFO: Loading PFT model from experiments/modelli_trainati/Andrea200Epoche.pth, with param key: [params].
2025-08-04 14:15:38,020 WARNING: Current net - loaded net:
2025-08-04 14:15:38,020 WARNING:   conv_before_upsample.0.bias
2025-08-04 14:15:38,020 WARNING:   conv_before_upsample.0.weight
2025-08-04 14:15:38,020 WARNING:   conv_last.bias
2025-08-04 14:15:38,020 WARNING:   conv_last.weight
2025-08-04 14:15:38,020 WARNING:   layers.0.residual_group.layers.2.attn_win.proj.bias
2025-08-04 14:15:38,020 WARNING:   layers.0.residual_group.layers.2.attn_win.proj.weight
2025-08-04 14:15:38,020 WARNING:   layers.0.residual_group.layers.2.attn_win.relative_position_bias_table
2025-08-04 14:15:38,020 WARNING:   layers.0.residual_group.layers.2.convffn.dwconv.depthwise_conv.0.bias
2025-08-04 14:15:38,020 WARNING:   layers.0.residual_group.layers.2.convffn.dwconv.depthwise_conv.0.weight
2025-08-04 14:15:38,020 WARNING:   layers.0.residual_group.layers.2.convffn.fc1.bias
2025-08-04 14:15:38,020 WARNING:   layers.0.residual_group.layers.2.convffn.fc1.weight
2025-08-04 14:15:38,020 WARNING:   layers.0.residual_group.layers.2.convffn.fc2.bias
2025-08-04 14:15:38,020 WARNING:   layers.0.residual_group.layers.2.convffn.fc2.weight
2025-08-04 14:15:38,020 WARNING:   layers.0.residual_group.layers.2.norm1.bias
2025-08-04 14:15:38,021 WARNING:   layers.0.residual_group.layers.2.norm1.weight
2025-08-04 14:15:38,021 WARNING:   layers.0.residual_group.layers.2.norm2.bias
2025-08-04 14:15:38,021 WARNING:   layers.0.residual_group.layers.2.norm2.weight
2025-08-04 14:15:38,021 WARNING:   layers.0.residual_group.layers.2.v_LePE.depthwise_conv.0.bias
2025-08-04 14:15:38,021 WARNING:   layers.0.residual_group.layers.2.v_LePE.depthwise_conv.0.weight
2025-08-04 14:15:38,021 WARNING:   layers.0.residual_group.layers.2.wqkv.bias
2025-08-04 14:15:38,021 WARNING:   layers.0.residual_group.layers.2.wqkv.weight
2025-08-04 14:15:38,021 WARNING:   layers.0.residual_group.layers.3.attn_win.proj.bias
2025-08-04 14:15:38,021 WARNING:   layers.0.residual_group.layers.3.attn_win.proj.weight
2025-08-04 14:15:38,021 WARNING:   layers.0.residual_group.layers.3.attn_win.relative_position_bias_table
2025-08-04 14:15:38,021 WARNING:   layers.0.residual_group.layers.3.convffn.dwconv.depthwise_conv.0.bias
2025-08-04 14:15:38,021 WARNING:   layers.0.residual_group.layers.3.convffn.dwconv.depthwise_conv.0.weight
2025-08-04 14:15:38,021 WARNING:   layers.0.residual_group.layers.3.convffn.fc1.bias
2025-08-04 14:15:38,021 WARNING:   layers.0.residual_group.layers.3.convffn.fc1.weight
2025-08-04 14:15:38,021 WARNING:   layers.0.residual_group.layers.3.convffn.fc2.bias
2025-08-04 14:15:38,021 WARNING:   layers.0.residual_group.layers.3.convffn.fc2.weight
2025-08-04 14:15:38,021 WARNING:   layers.0.residual_group.layers.3.norm1.bias
2025-08-04 14:15:38,021 WARNING:   layers.0.residual_group.layers.3.norm1.weight
2025-08-04 14:15:38,021 WARNING:   layers.0.residual_group.layers.3.norm2.bias
2025-08-04 14:15:38,021 WARNING:   layers.0.residual_group.layers.3.norm2.weight
2025-08-04 14:15:38,021 WARNING:   layers.0.residual_group.layers.3.v_LePE.depthwise_conv.0.bias
2025-08-04 14:15:38,021 WARNING:   layers.0.residual_group.layers.3.v_LePE.depthwise_conv.0.weight
2025-08-04 14:15:38,021 WARNING:   layers.0.residual_group.layers.3.wqkv.bias
2025-08-04 14:15:38,021 WARNING:   layers.0.residual_group.layers.3.wqkv.weight
2025-08-04 14:15:38,021 WARNING:   layers.5.conv.bias
2025-08-04 14:15:38,021 WARNING:   layers.5.conv.weight
2025-08-04 14:15:38,021 WARNING:   layers.5.residual_group.layers.0.attn_win.proj.bias
2025-08-04 14:15:38,021 WARNING:   layers.5.residual_group.layers.0.attn_win.proj.weight
2025-08-04 14:15:38,021 WARNING:   layers.5.residual_group.layers.0.attn_win.relative_position_bias_table
2025-08-04 14:15:38,022 WARNING:   layers.5.residual_group.layers.0.convffn.dwconv.depthwise_conv.0.bias
2025-08-04 14:15:38,022 WARNING:   layers.5.residual_group.layers.0.convffn.dwconv.depthwise_conv.0.weight
2025-08-04 14:15:38,022 WARNING:   layers.5.residual_group.layers.0.convffn.fc1.bias
2025-08-04 14:15:38,022 WARNING:   layers.5.residual_group.layers.0.convffn.fc1.weight
2025-08-04 14:15:38,022 WARNING:   layers.5.residual_group.layers.0.convffn.fc2.bias
2025-08-04 14:15:38,022 WARNING:   layers.5.residual_group.layers.0.convffn.fc2.weight
2025-08-04 14:15:38,022 WARNING:   layers.5.residual_group.layers.0.norm1.bias
2025-08-04 14:15:38,022 WARNING:   layers.5.residual_group.layers.0.norm1.weight
2025-08-04 14:15:38,022 WARNING:   layers.5.residual_group.layers.0.norm2.bias
2025-08-04 14:15:38,022 WARNING:   layers.5.residual_group.layers.0.norm2.weight
2025-08-04 14:15:38,022 WARNING:   layers.5.residual_group.layers.0.v_LePE.depthwise_conv.0.bias
2025-08-04 14:15:38,022 WARNING:   layers.5.residual_group.layers.0.v_LePE.depthwise_conv.0.weight
2025-08-04 14:15:38,022 WARNING:   layers.5.residual_group.layers.0.wqkv.bias
2025-08-04 14:15:38,022 WARNING:   layers.5.residual_group.layers.0.wqkv.weight
2025-08-04 14:15:38,022 WARNING:   layers.5.residual_group.layers.1.attn_win.proj.bias
2025-08-04 14:15:38,022 WARNING:   layers.5.residual_group.layers.1.attn_win.proj.weight
2025-08-04 14:15:38,022 WARNING:   layers.5.residual_group.layers.1.attn_win.relative_position_bias_table
2025-08-04 14:15:38,022 WARNING:   layers.5.residual_group.layers.1.convffn.dwconv.depthwise_conv.0.bias
2025-08-04 14:15:38,022 WARNING:   layers.5.residual_group.layers.1.convffn.dwconv.depthwise_conv.0.weight
2025-08-04 14:15:38,022 WARNING:   layers.5.residual_group.layers.1.convffn.fc1.bias
2025-08-04 14:15:38,022 WARNING:   layers.5.residual_group.layers.1.convffn.fc1.weight
2025-08-04 14:15:38,022 WARNING:   layers.5.residual_group.layers.1.convffn.fc2.bias
2025-08-04 14:15:38,022 WARNING:   layers.5.residual_group.layers.1.convffn.fc2.weight
2025-08-04 14:15:38,022 WARNING:   layers.5.residual_group.layers.1.norm1.bias
2025-08-04 14:15:38,022 WARNING:   layers.5.residual_group.layers.1.norm1.weight
2025-08-04 14:15:38,022 WARNING:   layers.5.residual_group.layers.1.norm2.bias
2025-08-04 14:15:38,022 WARNING:   layers.5.residual_group.layers.1.norm2.weight
2025-08-04 14:15:38,022 WARNING:   layers.5.residual_group.layers.1.v_LePE.depthwise_conv.0.bias
2025-08-04 14:15:38,022 WARNING:   layers.5.residual_group.layers.1.v_LePE.depthwise_conv.0.weight
2025-08-04 14:15:38,023 WARNING:   layers.5.residual_group.layers.1.wqkv.bias
2025-08-04 14:15:38,023 WARNING:   layers.5.residual_group.layers.1.wqkv.weight
2025-08-04 14:15:38,023 WARNING:   layers.5.residual_group.layers.2.attn_win.proj.bias
2025-08-04 14:15:38,023 WARNING:   layers.5.residual_group.layers.2.attn_win.proj.weight
2025-08-04 14:15:38,023 WARNING:   layers.5.residual_group.layers.2.attn_win.relative_position_bias_table
2025-08-04 14:15:38,023 WARNING:   layers.5.residual_group.layers.2.convffn.dwconv.depthwise_conv.0.bias
2025-08-04 14:15:38,023 WARNING:   layers.5.residual_group.layers.2.convffn.dwconv.depthwise_conv.0.weight
2025-08-04 14:15:38,023 WARNING:   layers.5.residual_group.layers.2.convffn.fc1.bias
2025-08-04 14:15:38,023 WARNING:   layers.5.residual_group.layers.2.convffn.fc1.weight
2025-08-04 14:15:38,023 WARNING:   layers.5.residual_group.layers.2.convffn.fc2.bias
2025-08-04 14:15:38,023 WARNING:   layers.5.residual_group.layers.2.convffn.fc2.weight
2025-08-04 14:15:38,023 WARNING:   layers.5.residual_group.layers.2.norm1.bias
2025-08-04 14:15:38,023 WARNING:   layers.5.residual_group.layers.2.norm1.weight
2025-08-04 14:15:38,023 WARNING:   layers.5.residual_group.layers.2.norm2.bias
2025-08-04 14:15:38,023 WARNING:   layers.5.residual_group.layers.2.norm2.weight
2025-08-04 14:15:38,023 WARNING:   layers.5.residual_group.layers.2.v_LePE.depthwise_conv.0.bias
2025-08-04 14:15:38,023 WARNING:   layers.5.residual_group.layers.2.v_LePE.depthwise_conv.0.weight
2025-08-04 14:15:38,023 WARNING:   layers.5.residual_group.layers.2.wqkv.bias
2025-08-04 14:15:38,023 WARNING:   layers.5.residual_group.layers.2.wqkv.weight
2025-08-04 14:15:38,023 WARNING:   layers.5.residual_group.layers.3.attn_win.proj.bias
2025-08-04 14:15:38,023 WARNING:   layers.5.residual_group.layers.3.attn_win.proj.weight
2025-08-04 14:15:38,023 WARNING:   layers.5.residual_group.layers.3.attn_win.relative_position_bias_table
2025-08-04 14:15:38,023 WARNING:   layers.5.residual_group.layers.3.convffn.dwconv.depthwise_conv.0.bias
2025-08-04 14:15:38,023 WARNING:   layers.5.residual_group.layers.3.convffn.dwconv.depthwise_conv.0.weight
2025-08-04 14:15:38,023 WARNING:   layers.5.residual_group.layers.3.convffn.fc1.bias
2025-08-04 14:15:38,023 WARNING:   layers.5.residual_group.layers.3.convffn.fc1.weight
2025-08-04 14:15:38,023 WARNING:   layers.5.residual_group.layers.3.convffn.fc2.bias
2025-08-04 14:15:38,023 WARNING:   layers.5.residual_group.layers.3.convffn.fc2.weight
2025-08-04 14:15:38,023 WARNING:   layers.5.residual_group.layers.3.norm1.bias
2025-08-04 14:15:38,024 WARNING:   layers.5.residual_group.layers.3.norm1.weight
2025-08-04 14:15:38,024 WARNING:   layers.5.residual_group.layers.3.norm2.bias
2025-08-04 14:15:38,024 WARNING:   layers.5.residual_group.layers.3.norm2.weight
2025-08-04 14:15:38,024 WARNING:   layers.5.residual_group.layers.3.v_LePE.depthwise_conv.0.bias
2025-08-04 14:15:38,024 WARNING:   layers.5.residual_group.layers.3.v_LePE.depthwise_conv.0.weight
2025-08-04 14:15:38,024 WARNING:   layers.5.residual_group.layers.3.wqkv.bias
2025-08-04 14:15:38,024 WARNING:   layers.5.residual_group.layers.3.wqkv.weight
2025-08-04 14:15:38,024 WARNING:   layers.5.residual_group.layers.4.attn_win.proj.bias
2025-08-04 14:15:38,024 WARNING:   layers.5.residual_group.layers.4.attn_win.proj.weight
2025-08-04 14:15:38,024 WARNING:   layers.5.residual_group.layers.4.attn_win.relative_position_bias_table
2025-08-04 14:15:38,024 WARNING:   layers.5.residual_group.layers.4.convffn.dwconv.depthwise_conv.0.bias
2025-08-04 14:15:38,024 WARNING:   layers.5.residual_group.layers.4.convffn.dwconv.depthwise_conv.0.weight
2025-08-04 14:15:38,024 WARNING:   layers.5.residual_group.layers.4.convffn.fc1.bias
2025-08-04 14:15:38,024 WARNING:   layers.5.residual_group.layers.4.convffn.fc1.weight
2025-08-04 14:15:38,024 WARNING:   layers.5.residual_group.layers.4.convffn.fc2.bias
2025-08-04 14:15:38,024 WARNING:   layers.5.residual_group.layers.4.convffn.fc2.weight
2025-08-04 14:15:38,024 WARNING:   layers.5.residual_group.layers.4.norm1.bias
2025-08-04 14:15:38,024 WARNING:   layers.5.residual_group.layers.4.norm1.weight
2025-08-04 14:15:38,024 WARNING:   layers.5.residual_group.layers.4.norm2.bias
2025-08-04 14:15:38,024 WARNING:   layers.5.residual_group.layers.4.norm2.weight
2025-08-04 14:15:38,024 WARNING:   layers.5.residual_group.layers.4.v_LePE.depthwise_conv.0.bias
2025-08-04 14:15:38,024 WARNING:   layers.5.residual_group.layers.4.v_LePE.depthwise_conv.0.weight
2025-08-04 14:15:38,024 WARNING:   layers.5.residual_group.layers.4.wqkv.bias
2025-08-04 14:15:38,024 WARNING:   layers.5.residual_group.layers.4.wqkv.weight
2025-08-04 14:15:38,024 WARNING:   layers.5.residual_group.layers.5.attn_win.proj.bias
2025-08-04 14:15:38,024 WARNING:   layers.5.residual_group.layers.5.attn_win.proj.weight
2025-08-04 14:15:38,024 WARNING:   layers.5.residual_group.layers.5.attn_win.relative_position_bias_table
2025-08-04 14:15:38,024 WARNING:   layers.5.residual_group.layers.5.convffn.dwconv.depthwise_conv.0.bias
2025-08-04 14:15:38,024 WARNING:   layers.5.residual_group.layers.5.convffn.dwconv.depthwise_conv.0.weight
2025-08-04 14:15:38,025 WARNING:   layers.5.residual_group.layers.5.convffn.fc1.bias
2025-08-04 14:15:38,025 WARNING:   layers.5.residual_group.layers.5.convffn.fc1.weight
2025-08-04 14:15:38,025 WARNING:   layers.5.residual_group.layers.5.convffn.fc2.bias
2025-08-04 14:15:38,025 WARNING:   layers.5.residual_group.layers.5.convffn.fc2.weight
2025-08-04 14:15:38,025 WARNING:   layers.5.residual_group.layers.5.norm1.bias
2025-08-04 14:15:38,025 WARNING:   layers.5.residual_group.layers.5.norm1.weight
2025-08-04 14:15:38,025 WARNING:   layers.5.residual_group.layers.5.norm2.bias
2025-08-04 14:15:38,025 WARNING:   layers.5.residual_group.layers.5.norm2.weight
2025-08-04 14:15:38,025 WARNING:   layers.5.residual_group.layers.5.v_LePE.depthwise_conv.0.bias
2025-08-04 14:15:38,025 WARNING:   layers.5.residual_group.layers.5.v_LePE.depthwise_conv.0.weight
2025-08-04 14:15:38,025 WARNING:   layers.5.residual_group.layers.5.wqkv.bias
2025-08-04 14:15:38,025 WARNING:   layers.5.residual_group.layers.5.wqkv.weight
2025-08-04 14:15:38,025 WARNING: Loaded net - current net:
2025-08-04 14:15:38,025 WARNING:   layers.2.residual_group.layers.4.attn_win.proj.bias
2025-08-04 14:15:38,025 WARNING:   layers.2.residual_group.layers.4.attn_win.proj.weight
2025-08-04 14:15:38,025 WARNING:   layers.2.residual_group.layers.4.attn_win.relative_position_bias_table
2025-08-04 14:15:38,025 WARNING:   layers.2.residual_group.layers.4.convffn.dwconv.depthwise_conv.0.bias
2025-08-04 14:15:38,025 WARNING:   layers.2.residual_group.layers.4.convffn.dwconv.depthwise_conv.0.weight
2025-08-04 14:15:38,025 WARNING:   layers.2.residual_group.layers.4.convffn.fc1.bias
2025-08-04 14:15:38,025 WARNING:   layers.2.residual_group.layers.4.convffn.fc1.weight
2025-08-04 14:15:38,025 WARNING:   layers.2.residual_group.layers.4.convffn.fc2.bias
2025-08-04 14:15:38,025 WARNING:   layers.2.residual_group.layers.4.convffn.fc2.weight
2025-08-04 14:15:38,025 WARNING:   layers.2.residual_group.layers.4.norm1.bias
2025-08-04 14:15:38,025 WARNING:   layers.2.residual_group.layers.4.norm1.weight
2025-08-04 14:15:38,025 WARNING:   layers.2.residual_group.layers.4.norm2.bias
2025-08-04 14:15:38,025 WARNING:   layers.2.residual_group.layers.4.norm2.weight
2025-08-04 14:15:38,025 WARNING:   layers.2.residual_group.layers.4.v_LePE.depthwise_conv.0.bias
2025-08-04 14:15:38,025 WARNING:   layers.2.residual_group.layers.4.v_LePE.depthwise_conv.0.weight
2025-08-04 14:15:38,026 WARNING:   layers.2.residual_group.layers.4.wqkv.bias
2025-08-04 14:15:38,026 WARNING:   layers.2.residual_group.layers.4.wqkv.weight
2025-08-04 14:15:38,026 WARNING:   layers.2.residual_group.layers.5.attn_win.proj.bias
2025-08-04 14:15:38,026 WARNING:   layers.2.residual_group.layers.5.attn_win.proj.weight
2025-08-04 14:15:38,026 WARNING:   layers.2.residual_group.layers.5.attn_win.relative_position_bias_table
2025-08-04 14:15:38,026 WARNING:   layers.2.residual_group.layers.5.convffn.dwconv.depthwise_conv.0.bias
2025-08-04 14:15:38,026 WARNING:   layers.2.residual_group.layers.5.convffn.dwconv.depthwise_conv.0.weight
2025-08-04 14:15:38,026 WARNING:   layers.2.residual_group.layers.5.convffn.fc1.bias
2025-08-04 14:15:38,026 WARNING:   layers.2.residual_group.layers.5.convffn.fc1.weight
2025-08-04 14:15:38,026 WARNING:   layers.2.residual_group.layers.5.convffn.fc2.bias
2025-08-04 14:15:38,026 WARNING:   layers.2.residual_group.layers.5.convffn.fc2.weight
2025-08-04 14:15:38,026 WARNING:   layers.2.residual_group.layers.5.norm1.bias
2025-08-04 14:15:38,026 WARNING:   layers.2.residual_group.layers.5.norm1.weight
2025-08-04 14:15:38,026 WARNING:   layers.2.residual_group.layers.5.norm2.bias
2025-08-04 14:15:38,026 WARNING:   layers.2.residual_group.layers.5.norm2.weight
2025-08-04 14:15:38,026 WARNING:   layers.2.residual_group.layers.5.v_LePE.depthwise_conv.0.bias
2025-08-04 14:15:38,026 WARNING:   layers.2.residual_group.layers.5.v_LePE.depthwise_conv.0.weight
2025-08-04 14:15:38,026 WARNING:   layers.2.residual_group.layers.5.wqkv.bias
2025-08-04 14:15:38,026 WARNING:   layers.2.residual_group.layers.5.wqkv.weight
