2025-09-06 08:44:22,490 INFO: 
                ____                _       _____  ____
               / __ ) ____ _ _____ (_)_____/ ___/ / __ \
              / __  |/ __ `// ___// // ___/\__ \ / /_/ /
             / /_/ // /_/ /(__  )/ // /__ ___/ // _, _/
            /_____/ \__,_//____//_/ \___//____//_/ |_|
     ______                   __   __                 __      __
    / ____/____   ____   ____/ /  / /   __  __ _____ / /__   / /
   / / __ / __ \ / __ \ / __  /  / /   / / / // ___// //_/  / /
  / /_/ // /_/ // /_/ // /_/ /  / /___/ /_/ // /__ / /<    /_/
  \____/ \____/ \____/ \____/  /_____/\____/ \___//_/|_|  (_)
    
Version Information: 
	BasicSR: 0.1.1
	PyTorch: 2.7.1+cu126
	TorchVision: 0.22.1+cu126
2025-09-06 08:44:22,490 INFO: 
  name: PFT_light_SRx2_Monash_lossComb_fedele
  model_type: PFTModel
  scale: 2
  num_gpu: 1
  manual_seed: 0
  find_unused_parameters: True
  datasets:[
    train:[
      name: Monash_Guns_Dataset
      type: PairedImageDataset
      dataroot_gt: datasets/Monash_Guns_Dataset/HR
      dataroot_lq: datasets/Monash_Guns_Dataset/LR
      filename_tmpl: {}x2
      io_backend:[
        type: disk
      ]
      gt_size: 128
      use_hflip: True
      use_rot: True
      num_worker_per_gpu: 8
      batch_size_per_gpu: 8
      dataset_enlarge_ratio: 1
      prefetch_mode: cuda
      pin_memory: True
      persistent_workers: True
      phase: train
      scale: 2
    ]
    val_1:[
      name: Set5
      type: PairedImageDataset
      dataroot_gt: datasets/TestDataSR/HR/Set5/x2
      dataroot_lq: datasets/TestDataSR/LR/LRBI/Set5/x2
      io_backend:[
        type: disk
      ]
      phase: val
      scale: 2
    ]
    val_2:[
      name: Set14
      type: PairedImageDataset
      dataroot_gt: datasets/TestDataSR/HR/Set14/x2
      dataroot_lq: datasets/TestDataSR/LR/LRBI/Set14/x2
      io_backend:[
        type: disk
      ]
      phase: val
      scale: 2
    ]
    val_3:[
      name: BSD100
      type: PairedImageDataset
      dataroot_gt: datasets/TestDataSR/HR/B100/x2
      dataroot_lq: datasets/TestDataSR/LR/LRBI/B100/x2
      io_backend:[
        type: disk
      ]
      phase: val
      scale: 2
    ]
  ]
  network_g:[
    type: PFT
    upscale: 2
    in_chans: 3
    img_size: 64
    embed_dim: 52
    depths: [2, 4, 6, 6, 6]
    num_heads: 4
    num_topk: [1024, 1024, 256, 256, 256, 256, 128, 128, 128, 128, 128, 128, 64, 64, 64, 64, 64, 64, 32, 32, 32, 32, 32, 32]
    window_size: 32
    convffn_kernel_size: 7
    img_range: 1.0
    mlp_ratio: 1
    upsampler: pixelshuffledirect
    resi_connection: 1conv
    use_checkpoint: False
  ]
  path:[
    pretrain_network_g: None
    strict_load_g: True
    resume_state: None
    experiments_root: /app/PFT-SR/experiments/PFT_light_SRx2_Monash_lossComb_fedele
    models: /app/PFT-SR/experiments/PFT_light_SRx2_Monash_lossComb_fedele/models
    training_states: /app/PFT-SR/experiments/PFT_light_SRx2_Monash_lossComb_fedele/training_states
    log: /app/PFT-SR/experiments/PFT_light_SRx2_Monash_lossComb_fedele
    visualization: /app/PFT-SR/experiments/PFT_light_SRx2_Monash_lossComb_fedele/visualization
  ]
  train:[
    ema_decay: 0.999
    optim_g:[
      type: AdamW
      lr: 0.0002
      weight_decay: 0
      betas: [0.9, 0.99]
    ]
    scheduler:[
      type: MultiStepLR
      milestones: [100000, 200000, 300000]
      gamma: 0.5
    ]
    total_iter: 400000
    warmup_iter: 2000
    pixel_opt:[
      type: L1VGGPerceptualLoss
      l1_weight: 1.0
      perceptual_weight: 0.4
      reduction: mean
    ]
  ]
  val:[
    val_freq: 10000.0
    save_img: False
    metrics:[
      psnr:[
        type: calculate_psnr
        crop_border: 2
        test_y_channel: True
      ]
      ssim:[
        type: calculate_ssim
        crop_border: 2
        test_y_channel: True
      ]
    ]
  ]
  logger:[
    print_freq: 100
    save_checkpoint_freq: 10000.0
    use_tb_logger: True
    wandb:[
      project: None
      resume_id: None
    ]
  ]
  dist_params:[
    backend: nccl
    port: 29500
  ]
  dist: False
  rank: 0
  world_size: 1
  auto_resume: False
  is_train: True
  root_path: /app/PFT-SR

2025-09-06 08:44:22,713 INFO: Dataset [PairedImageDataset] - Monash_Guns_Dataset is built.
2025-09-06 08:44:22,713 INFO: Training statistics:
	Number of train images: 2857
	Dataset enlarge ratio: 1
	Batch size per gpu: 8
	World size (gpu number): 1
	Require iter number per epoch: 358
	Total epochs: 1118; iters: 400000.
2025-09-06 08:44:22,713 INFO: Dataset [PairedImageDataset] - Set5 is built.
2025-09-06 08:44:22,714 INFO: Number of val images/folders in Set5: 5
2025-09-06 08:44:22,714 INFO: Dataset [PairedImageDataset] - Set14 is built.
2025-09-06 08:44:22,714 INFO: Number of val images/folders in Set14: 14
2025-09-06 08:44:22,718 INFO: Dataset [PairedImageDataset] - BSD100 is built.
2025-09-06 08:44:22,718 INFO: Number of val images/folders in BSD100: 100
2025-09-06 08:44:22,771 INFO: Network [PFT] is created.
2025-09-06 08:44:22,916 INFO: Network: PFT, with parameters: 775,532
2025-09-06 08:44:22,916 INFO: PFT(
  (conv_first): Conv2d(3, 52, kernel_size=(3, 3), stride=(1, 1), padding=(1, 1))
  (patch_embed): PatchEmbed(
    (norm): LayerNorm((52,), eps=1e-05, elementwise_affine=True)
  )
  (patch_unembed): PatchUnEmbed()
  (layers): ModuleList(
    (0): PFTB(
      (patch_embed): PatchEmbed()
      (patch_unembed): PatchUnEmbed()
      (residual_group): BasicBlock(
        dim=52, input_resolution=(64, 64), depth=2
        (layers): ModuleList(
          (0-1): 2 x PFTransformerLayer(
            (softmax): Softmax(dim=-1)
            (lrelu): LeakyReLU(negative_slope=0.01)
            (sigmoid): Sigmoid()
            (norm1): LayerNorm((52,), eps=1e-05, elementwise_affine=True)
            (norm2): LayerNorm((52,), eps=1e-05, elementwise_affine=True)
            (wqkv): Linear(in_features=52, out_features=156, bias=True)
            (v_LePE): dwconv(
              (depthwise_conv): Sequential(
                (0): Conv2d(52, 52, kernel_size=(7, 7), stride=(1, 1), padding=(3, 3), groups=52)
                (1): GELU(approximate='none')
              )
            )
            (attn_win): WindowAttention(
              dim=52, window_size=(32, 32), num_heads=4, qkv_bias=True
              (proj): Linear(in_features=52, out_features=52, bias=True)
              (softmax): Softmax(dim=-1)
            )
            (convffn): ConvFFN(
              (fc1): Linear(in_features=52, out_features=52, bias=True)
              (act): GELU(approximate='none')
              (dwconv): dwconv(
                (depthwise_conv): Sequential(
                  (0): Conv2d(52, 52, kernel_size=(7, 7), stride=(1, 1), padding=(3, 3), groups=52)
                  (1): GELU(approximate='none')
                )
              )
              (fc2): Linear(in_features=52, out_features=52, bias=True)
            )
          )
        )
      )
      (conv): Conv2d(52, 52, kernel_size=(3, 3), stride=(1, 1), padding=(1, 1))
    )
    (1): PFTB(
      (patch_embed): PatchEmbed()
      (patch_unembed): PatchUnEmbed()
      (residual_group): BasicBlock(
        dim=52, input_resolution=(64, 64), depth=4
        (layers): ModuleList(
          (0-3): 4 x PFTransformerLayer(
            (softmax): Softmax(dim=-1)
            (lrelu): LeakyReLU(negative_slope=0.01)
            (sigmoid): Sigmoid()
            (norm1): LayerNorm((52,), eps=1e-05, elementwise_affine=True)
            (norm2): LayerNorm((52,), eps=1e-05, elementwise_affine=True)
            (wqkv): Linear(in_features=52, out_features=156, bias=True)
            (v_LePE): dwconv(
              (depthwise_conv): Sequential(
                (0): Conv2d(52, 52, kernel_size=(7, 7), stride=(1, 1), padding=(3, 3), groups=52)
                (1): GELU(approximate='none')
              )
            )
            (attn_win): WindowAttention(
              dim=52, window_size=(32, 32), num_heads=4, qkv_bias=True
              (proj): Linear(in_features=52, out_features=52, bias=True)
              (softmax): Softmax(dim=-1)
            )
            (convffn): ConvFFN(
              (fc1): Linear(in_features=52, out_features=52, bias=True)
              (act): GELU(approximate='none')
              (dwconv): dwconv(
                (depthwise_conv): Sequential(
                  (0): Conv2d(52, 52, kernel_size=(7, 7), stride=(1, 1), padding=(3, 3), groups=52)
                  (1): GELU(approximate='none')
                )
              )
              (fc2): Linear(in_features=52, out_features=52, bias=True)
            )
          )
        )
      )
      (conv): Conv2d(52, 52, kernel_size=(3, 3), stride=(1, 1), padding=(1, 1))
    )
    (2-4): 3 x PFTB(
      (patch_embed): PatchEmbed()
      (patch_unembed): PatchUnEmbed()
      (residual_group): BasicBlock(
        dim=52, input_resolution=(64, 64), depth=6
        (layers): ModuleList(
          (0-5): 6 x PFTransformerLayer(
            (softmax): Softmax(dim=-1)
            (lrelu): LeakyReLU(negative_slope=0.01)
            (sigmoid): Sigmoid()
            (norm1): LayerNorm((52,), eps=1e-05, elementwise_affine=True)
            (norm2): LayerNorm((52,), eps=1e-05, elementwise_affine=True)
            (wqkv): Linear(in_features=52, out_features=156, bias=True)
            (v_LePE): dwconv(
              (depthwise_conv): Sequential(
                (0): Conv2d(52, 52, kernel_size=(7, 7), stride=(1, 1), padding=(3, 3), groups=52)
                (1): GELU(approximate='none')
              )
            )
            (attn_win): WindowAttention(
              dim=52, window_size=(32, 32), num_heads=4, qkv_bias=True
              (proj): Linear(in_features=52, out_features=52, bias=True)
              (softmax): Softmax(dim=-1)
            )
            (convffn): ConvFFN(
              (fc1): Linear(in_features=52, out_features=52, bias=True)
              (act): GELU(approximate='none')
              (dwconv): dwconv(
                (depthwise_conv): Sequential(
                  (0): Conv2d(52, 52, kernel_size=(7, 7), stride=(1, 1), padding=(3, 3), groups=52)
                  (1): GELU(approximate='none')
                )
              )
              (fc2): Linear(in_features=52, out_features=52, bias=True)
            )
          )
        )
      )
      (conv): Conv2d(52, 52, kernel_size=(3, 3), stride=(1, 1), padding=(1, 1))
    )
  )
  (norm): LayerNorm((52,), eps=1e-05, elementwise_affine=True)
  (conv_after_body): Conv2d(52, 52, kernel_size=(3, 3), stride=(1, 1), padding=(1, 1))
  (upsample): UpsampleOneStep(
    (0): Conv2d(52, 12, kernel_size=(3, 3), stride=(1, 1), padding=(1, 1))
    (1): PixelShuffle(upscale_factor=2)
  )
)
2025-09-06 08:44:22,918 INFO: Use Exponential Moving Average with decay: 0.999
2025-09-06 08:44:22,962 INFO: Network [PFT] is created.
2025-09-06 08:44:27,865 INFO: Loss [L1VGGPerceptualLoss] is created.
2025-09-06 08:44:27,884 INFO: Model [PFTModel] is created.
2025-09-06 08:44:28,092 INFO: Use cuda prefetch dataloader
2025-09-06 08:44:28,092 INFO: Start training from epoch: 0, iter: 0
2025-09-06 08:45:33,988 INFO: [PFT_l..][epoch:  0, iter:     100, lr:(1.000e-05,)] [eta: 2 days, 21:59:34, time (data): 0.659 (0.001)] l_pix: 1.1364e+00 
2025-09-06 08:46:39,103 INFO: [PFT_l..][epoch:  0, iter:     200, lr:(2.000e-05,)] [eta: 2 days, 23:08:19, time (data): 0.655 (0.001)] l_pix: 9.9372e-01 
2025-09-06 08:47:44,279 INFO: [PFT_l..][epoch:  0, iter:     300, lr:(3.000e-05,)] [eta: 2 days, 23:32:00, time (data): 0.652 (0.000)] l_pix: 9.0167e-01 
2025-09-06 08:48:49,478 INFO: [PFT_l..][epoch:  1, iter:     400, lr:(4.000e-05,)] [eta: 2 days, 23:43:43, time (data): 0.652 (0.001)] l_pix: 7.1750e-01 
2025-09-06 08:49:54,568 INFO: [PFT_l..][epoch:  1, iter:     500, lr:(5.000e-05,)] [eta: 2 days, 23:48:53, time (data): 0.651 (0.000)] l_pix: 6.0424e-01 
2025-09-06 08:50:59,197 INFO: [PFT_l..][epoch:  1, iter:     600, lr:(6.000e-05,)] [eta: 2 days, 23:46:52, time (data): 0.649 (0.000)] l_pix: 5.8727e-01 
2025-09-06 08:52:03,871 INFO: [PFT_l..][epoch:  1, iter:     700, lr:(7.000e-05,)] [eta: 2 days, 23:45:32, time (data): 0.647 (0.000)] l_pix: 6.3935e-01 
2025-09-06 08:53:08,404 INFO: [PFT_l..][epoch:  2, iter:     800, lr:(8.000e-05,)] [eta: 2 days, 23:43:06, time (data): 0.646 (0.001)] l_pix: 5.6315e-01 
2025-09-06 08:54:12,474 INFO: [PFT_l..][epoch:  2, iter:     900, lr:(9.000e-05,)] [eta: 2 days, 23:37:33, time (data): 0.641 (0.000)] l_pix: 5.2923e-01 
2025-09-06 08:55:16,415 INFO: [PFT_l..][epoch:  2, iter:   1,000, lr:(1.000e-04,)] [eta: 2 days, 23:32:02, time (data): 0.640 (0.000)] l_pix: 6.3628e-01 
2025-09-06 08:56:20,432 INFO: [PFT_l..][epoch:  3, iter:   1,100, lr:(1.100e-04,)] [eta: 2 days, 23:27:47, time (data): 0.640 (0.001)] l_pix: 4.9663e-01 
2025-09-06 08:57:24,497 INFO: [PFT_l..][epoch:  3, iter:   1,200, lr:(1.200e-04,)] [eta: 2 days, 23:24:20, time (data): 0.640 (0.001)] l_pix: 5.3795e-01 
2025-09-06 08:58:28,332 INFO: [PFT_l..][epoch:  3, iter:   1,300, lr:(1.300e-04,)] [eta: 2 days, 23:20:04, time (data): 0.638 (0.000)] l_pix: 5.3738e-01 
2025-09-06 08:59:31,808 INFO: [PFT_l..][epoch:  3, iter:   1,400, lr:(1.400e-04,)] [eta: 2 days, 23:14:34, time (data): 0.636 (0.000)] l_pix: 5.6620e-01 
2025-09-06 09:00:35,076 INFO: [PFT_l..][epoch:  4, iter:   1,500, lr:(1.500e-04,)] [eta: 2 days, 23:08:44, time (data): 0.633 (0.001)] l_pix: 4.9975e-01 
2025-09-06 09:01:38,378 INFO: [PFT_l..][epoch:  4, iter:   1,600, lr:(1.600e-04,)] [eta: 2 days, 23:03:38, time (data): 0.633 (0.001)] l_pix: 5.4875e-01 
2025-09-06 09:02:41,730 INFO: [PFT_l..][epoch:  4, iter:   1,700, lr:(1.700e-04,)] [eta: 2 days, 22:59:13, time (data): 0.633 (0.000)] l_pix: 4.6064e-01 
2025-09-06 09:03:44,765 INFO: [PFT_l..][epoch:  5, iter:   1,800, lr:(1.800e-04,)] [eta: 2 days, 22:54:00, time (data): 0.632 (0.001)] l_pix: 3.2203e-01 
2025-09-06 09:04:47,496 INFO: [PFT_l..][epoch:  5, iter:   1,900, lr:(1.900e-04,)] [eta: 2 days, 22:48:09, time (data): 0.627 (0.000)] l_pix: 4.4247e-01 
2025-09-06 09:05:50,089 INFO: [PFT_l..][epoch:  5, iter:   2,000, lr:(1.999e-04,)] [eta: 2 days, 22:42:20, time (data): 0.626 (0.000)] l_pix: 3.0961e-01 
2025-09-06 09:06:52,688 INFO: [PFT_l..][epoch:  5, iter:   2,100, lr:(1.999e-04,)] [eta: 2 days, 22:36:59, time (data): 0.626 (0.000)] l_pix: 4.3629e-01 
2025-09-06 09:07:55,132 INFO: [PFT_l..][epoch:  6, iter:   2,200, lr:(1.999e-04,)] [eta: 2 days, 22:31:34, time (data): 0.625 (0.001)] l_pix: 4.6204e-01 
2025-09-06 09:08:57,291 INFO: [PFT_l..][epoch:  6, iter:   2,300, lr:(1.999e-04,)] [eta: 2 days, 22:25:42, time (data): 0.621 (0.000)] l_pix: 4.3383e-01 
2025-09-06 09:09:59,347 INFO: [PFT_l..][epoch:  6, iter:   2,400, lr:(1.999e-04,)] [eta: 2 days, 22:19:58, time (data): 0.621 (0.000)] l_pix: 2.3143e-01 
2025-09-06 09:11:01,322 INFO: [PFT_l..][epoch:  7, iter:   2,500, lr:(1.999e-04,)] [eta: 2 days, 22:14:22, time (data): 0.620 (0.001)] l_pix: 4.8549e-01 
2025-09-06 09:12:03,223 INFO: [PFT_l..][epoch:  7, iter:   2,600, lr:(1.999e-04,)] [eta: 2 days, 22:08:57, time (data): 0.619 (0.001)] l_pix: 3.5730e-01 
2025-09-06 09:13:04,996 INFO: [PFT_l..][epoch:  7, iter:   2,700, lr:(1.999e-04,)] [eta: 2 days, 22:03:33, time (data): 0.618 (0.000)] l_pix: 4.5569e-01 
2025-09-06 09:14:06,810 INFO: [PFT_l..][epoch:  7, iter:   2,800, lr:(1.999e-04,)] [eta: 2 days, 21:58:33, time (data): 0.618 (0.000)] l_pix: 4.1578e-01 
2025-09-06 09:15:08,751 INFO: [PFT_l..][epoch:  8, iter:   2,900, lr:(1.999e-04,)] [eta: 2 days, 21:54:07, time (data): 0.620 (0.001)] l_pix: 3.8648e-01 
2025-09-06 09:16:10,376 INFO: [PFT_l..][epoch:  8, iter:   3,000, lr:(1.999e-04,)] [eta: 2 days, 21:49:12, time (data): 0.618 (0.001)] l_pix: 4.3007e-01 
2025-09-06 09:17:11,910 INFO: [PFT_l..][epoch:  8, iter:   3,100, lr:(1.999e-04,)] [eta: 2 days, 21:44:21, time (data): 0.615 (0.000)] l_pix: 3.3874e-01 
2025-09-06 09:18:13,557 INFO: [PFT_l..][epoch:  8, iter:   3,200, lr:(1.999e-04,)] [eta: 2 days, 21:39:58, time (data): 0.616 (0.000)] l_pix: 4.3170e-01 
2025-09-06 09:19:15,291 INFO: [PFT_l..][epoch:  9, iter:   3,300, lr:(1.999e-04,)] [eta: 2 days, 21:35:58, time (data): 0.617 (0.000)] l_pix: 4.2494e-01 
2025-09-06 09:20:16,812 INFO: [PFT_l..][epoch:  9, iter:   3,400, lr:(1.999e-04,)] [eta: 2 days, 21:31:44, time (data): 0.616 (0.000)] l_pix: 3.8334e-01 
2025-09-06 09:21:18,060 INFO: [PFT_l..][epoch:  9, iter:   3,500, lr:(1.999e-04,)] [eta: 2 days, 21:27:10, time (data): 0.612 (0.000)] l_pix: 4.2853e-01 
2025-09-06 09:22:19,388 INFO: [PFT_l..][epoch: 10, iter:   3,600, lr:(1.999e-04,)] [eta: 2 days, 21:22:56, time (data): 0.613 (0.001)] l_pix: 4.1255e-01 
2025-09-06 09:23:20,615 INFO: [PFT_l..][epoch: 10, iter:   3,700, lr:(1.999e-04,)] [eta: 2 days, 21:18:42, time (data): 0.612 (0.000)] l_pix: 3.3490e-01 
2025-09-06 09:24:21,826 INFO: [PFT_l..][epoch: 10, iter:   3,800, lr:(1.999e-04,)] [eta: 2 days, 21:14:36, time (data): 0.612 (0.000)] l_pix: 4.0387e-01 
2025-09-06 09:25:23,050 INFO: [PFT_l..][epoch: 10, iter:   3,900, lr:(1.999e-04,)] [eta: 2 days, 21:10:41, time (data): 0.612 (0.000)] l_pix: 3.9439e-01 
2025-09-06 09:26:24,749 INFO: [PFT_l..][epoch: 11, iter:   4,000, lr:(1.999e-04,)] [eta: 2 days, 21:07:42, time (data): 0.615 (0.001)] l_pix: 5.0496e-01 
2025-09-06 09:27:25,989 INFO: [PFT_l..][epoch: 11, iter:   4,100, lr:(1.999e-04,)] [eta: 2 days, 21:04:05, time (data): 0.612 (0.000)] l_pix: 3.2770e-01 
2025-09-06 09:28:27,335 INFO: [PFT_l..][epoch: 11, iter:   4,200, lr:(1.999e-04,)] [eta: 2 days, 21:00:44, time (data): 0.613 (0.000)] l_pix: 4.9612e-01 
2025-09-06 09:29:28,606 INFO: [PFT_l..][epoch: 12, iter:   4,300, lr:(1.999e-04,)] [eta: 2 days, 20:57:24, time (data): 0.612 (0.001)] l_pix: 3.7211e-01 
2025-09-06 09:30:29,844 INFO: [PFT_l..][epoch: 12, iter:   4,400, lr:(1.999e-04,)] [eta: 2 days, 20:54:06, time (data): 0.612 (0.001)] l_pix: 5.0189e-01 
2025-09-06 09:31:31,257 INFO: [PFT_l..][epoch: 12, iter:   4,500, lr:(1.999e-04,)] [eta: 2 days, 20:51:10, time (data): 0.614 (0.000)] l_pix: 4.4830e-01 
2025-09-06 09:32:32,588 INFO: [PFT_l..][epoch: 12, iter:   4,600, lr:(1.999e-04,)] [eta: 2 days, 20:48:12, time (data): 0.614 (0.000)] l_pix: 4.1389e-01 
2025-09-06 09:33:33,800 INFO: [PFT_l..][epoch: 13, iter:   4,700, lr:(1.999e-04,)] [eta: 2 days, 20:45:09, time (data): 0.613 (0.001)] l_pix: 3.4557e-01 
2025-09-06 09:34:34,861 INFO: [PFT_l..][epoch: 13, iter:   4,800, lr:(1.999e-04,)] [eta: 2 days, 20:41:59, time (data): 0.612 (0.001)] l_pix: 3.8327e-01 
2025-09-06 09:35:35,982 INFO: [PFT_l..][epoch: 13, iter:   4,900, lr:(1.999e-04,)] [eta: 2 days, 20:38:59, time (data): 0.611 (0.000)] l_pix: 4.8947e-01 
2025-09-06 09:36:37,102 INFO: [PFT_l..][epoch: 14, iter:   5,000, lr:(1.999e-04,)] [eta: 2 days, 20:36:03, time (data): 0.611 (0.001)] l_pix: 4.5900e-01 
2025-09-06 09:37:38,219 INFO: [PFT_l..][epoch: 14, iter:   5,100, lr:(1.999e-04,)] [eta: 2 days, 20:33:12, time (data): 0.611 (0.000)] l_pix: 3.2360e-01 
2025-09-06 09:38:39,363 INFO: [PFT_l..][epoch: 14, iter:   5,200, lr:(1.999e-04,)] [eta: 2 days, 20:30:27, time (data): 0.611 (0.000)] l_pix: 4.2930e-01 
2025-09-06 09:39:40,561 INFO: [PFT_l..][epoch: 14, iter:   5,300, lr:(1.999e-04,)] [eta: 2 days, 20:27:50, time (data): 0.612 (0.000)] l_pix: 4.1033e-01 
2025-09-06 09:40:41,939 INFO: [PFT_l..][epoch: 15, iter:   5,400, lr:(1.999e-04,)] [eta: 2 days, 20:25:29, time (data): 0.613 (0.001)] l_pix: 3.8130e-01 
2025-09-06 09:41:43,220 INFO: [PFT_l..][epoch: 15, iter:   5,500, lr:(1.999e-04,)] [eta: 2 days, 20:23:05, time (data): 0.612 (0.000)] l_pix: 3.4955e-01 
2025-09-06 09:42:44,525 INFO: [PFT_l..][epoch: 15, iter:   5,600, lr:(1.999e-04,)] [eta: 2 days, 20:20:45, time (data): 0.613 (0.000)] l_pix: 2.5781e-01 
2025-09-06 09:43:45,673 INFO: [PFT_l..][epoch: 15, iter:   5,700, lr:(1.999e-04,)] [eta: 2 days, 20:18:17, time (data): 0.611 (0.000)] l_pix: 5.0982e-01 
2025-09-06 09:44:47,051 INFO: [PFT_l..][epoch: 16, iter:   5,800, lr:(1.999e-04,)] [eta: 2 days, 20:16:08, time (data): 0.613 (0.001)] l_pix: 5.9269e-01 
2025-09-06 09:45:48,325 INFO: [PFT_l..][epoch: 16, iter:   5,900, lr:(1.999e-04,)] [eta: 2 days, 20:13:54, time (data): 0.613 (0.000)] l_pix: 5.1603e-01 
2025-09-06 09:46:49,524 INFO: [PFT_l..][epoch: 16, iter:   6,000, lr:(1.999e-04,)] [eta: 2 days, 20:11:37, time (data): 0.612 (0.000)] l_pix: 3.6167e-01 
2025-09-06 09:47:50,972 INFO: [PFT_l..][epoch: 17, iter:   6,100, lr:(1.999e-04,)] [eta: 2 days, 20:09:39, time (data): 0.615 (0.002)] l_pix: 3.7337e-01 
2025-09-06 09:48:52,307 INFO: [PFT_l..][epoch: 17, iter:   6,200, lr:(1.999e-04,)] [eta: 2 days, 20:07:36, time (data): 0.614 (0.001)] l_pix: 3.6663e-01 
2025-09-06 09:49:53,525 INFO: [PFT_l..][epoch: 17, iter:   6,300, lr:(1.999e-04,)] [eta: 2 days, 20:05:27, time (data): 0.612 (0.000)] l_pix: 3.0943e-01 
2025-09-06 09:50:54,963 INFO: [PFT_l..][epoch: 17, iter:   6,400, lr:(1.999e-04,)] [eta: 2 days, 20:03:34, time (data): 0.613 (0.000)] l_pix: 3.1490e-01 
2025-09-06 09:51:56,365 INFO: [PFT_l..][epoch: 18, iter:   6,500, lr:(1.999e-04,)] [eta: 2 days, 20:01:41, time (data): 0.613 (0.000)] l_pix: 3.2505e-01 
2025-09-06 09:52:57,686 INFO: [PFT_l..][epoch: 18, iter:   6,600, lr:(1.999e-04,)] [eta: 2 days, 19:59:44, time (data): 0.613 (0.000)] l_pix: 3.6211e-01 
2025-09-06 09:53:58,981 INFO: [PFT_l..][epoch: 18, iter:   6,700, lr:(1.999e-04,)] [eta: 2 days, 19:57:47, time (data): 0.613 (0.000)] l_pix: 3.3071e-01 
2025-09-06 09:55:00,435 INFO: [PFT_l..][epoch: 19, iter:   6,800, lr:(1.999e-04,)] [eta: 2 days, 19:56:01, time (data): 0.614 (0.001)] l_pix: 2.8622e-01 
2025-09-06 09:56:01,752 INFO: [PFT_l..][epoch: 19, iter:   6,900, lr:(1.999e-04,)] [eta: 2 days, 19:54:09, time (data): 0.613 (0.000)] l_pix: 3.6478e-01 
2025-09-06 09:57:03,111 INFO: [PFT_l..][epoch: 19, iter:   7,000, lr:(1.999e-04,)] [eta: 2 days, 19:52:20, time (data): 0.614 (0.000)] l_pix: 2.5949e-01 
2025-09-06 09:58:04,479 INFO: [PFT_l..][epoch: 19, iter:   7,100, lr:(1.999e-04,)] [eta: 2 days, 19:50:34, time (data): 0.614 (0.000)] l_pix: 3.2441e-01 
2025-09-06 09:59:05,602 INFO: [PFT_l..][epoch: 20, iter:   7,200, lr:(1.999e-04,)] [eta: 2 days, 19:48:35, time (data): 0.612 (0.001)] l_pix: 3.9815e-01 
2025-09-06 10:00:06,522 INFO: [PFT_l..][epoch: 20, iter:   7,300, lr:(1.999e-04,)] [eta: 2 days, 19:46:27, time (data): 0.609 (0.000)] l_pix: 3.3749e-01 
2025-09-06 10:01:07,477 INFO: [PFT_l..][epoch: 20, iter:   7,400, lr:(1.999e-04,)] [eta: 2 days, 19:44:22, time (data): 0.609 (0.000)] l_pix: 2.7287e-01 
2025-09-06 10:02:08,691 INFO: [PFT_l..][epoch: 21, iter:   7,500, lr:(1.999e-04,)] [eta: 2 days, 19:42:33, time (data): 0.614 (0.002)] l_pix: 3.7606e-01 
2025-09-06 10:03:10,462 INFO: [PFT_l..][epoch: 21, iter:   7,600, lr:(1.999e-04,)] [eta: 2 days, 19:41:14, time (data): 0.616 (0.001)] l_pix: 3.7173e-01 
2025-09-06 10:04:12,060 INFO: [PFT_l..][epoch: 21, iter:   7,700, lr:(1.999e-04,)] [eta: 2 days, 19:39:46, time (data): 0.616 (0.000)] l_pix: 3.9845e-01 
2025-09-06 10:05:13,503 INFO: [PFT_l..][epoch: 21, iter:   7,800, lr:(1.999e-04,)] [eta: 2 days, 19:38:11, time (data): 0.615 (0.000)] l_pix: 4.4227e-01 
2025-09-06 10:06:14,815 INFO: [PFT_l..][epoch: 22, iter:   7,900, lr:(1.999e-04,)] [eta: 2 days, 19:36:31, time (data): 0.611 (0.001)] l_pix: 3.9997e-01 
2025-09-06 10:07:15,786 INFO: [PFT_l..][epoch: 22, iter:   8,000, lr:(1.999e-04,)] [eta: 2 days, 19:34:35, time (data): 0.610 (0.001)] l_pix: 3.7197e-01 
2025-09-06 10:08:16,902 INFO: [PFT_l..][epoch: 22, iter:   8,100, lr:(1.999e-04,)] [eta: 2 days, 19:32:47, time (data): 0.612 (0.000)] l_pix: 3.1978e-01 
2025-09-06 10:09:18,172 INFO: [PFT_l..][epoch: 22, iter:   8,200, lr:(1.999e-04,)] [eta: 2 days, 19:31:08, time (data): 0.612 (0.000)] l_pix: 4.0453e-01 
2025-09-06 10:10:19,892 INFO: [PFT_l..][epoch: 23, iter:   8,300, lr:(1.999e-04,)] [eta: 2 days, 19:29:51, time (data): 0.616 (0.000)] l_pix: 2.8429e-01 
2025-09-06 10:11:21,495 INFO: [PFT_l..][epoch: 23, iter:   8,400, lr:(1.999e-04,)] [eta: 2 days, 19:28:29, time (data): 0.616 (0.000)] l_pix: 2.5709e-01 
2025-09-06 10:12:23,058 INFO: [PFT_l..][epoch: 23, iter:   8,500, lr:(1.999e-04,)] [eta: 2 days, 19:27:05, time (data): 0.616 (0.000)] l_pix: 3.8319e-01 
2025-09-06 10:13:24,728 INFO: [PFT_l..][epoch: 24, iter:   8,600, lr:(1.999e-04,)] [eta: 2 days, 19:25:47, time (data): 0.617 (0.001)] l_pix: 3.4844e-01 
2025-09-06 10:14:26,341 INFO: [PFT_l..][epoch: 24, iter:   8,700, lr:(1.999e-04,)] [eta: 2 days, 19:24:27, time (data): 0.617 (0.000)] l_pix: 4.0752e-01 
2025-09-06 10:15:27,912 INFO: [PFT_l..][epoch: 24, iter:   8,800, lr:(1.999e-04,)] [eta: 2 days, 19:23:05, time (data): 0.616 (0.000)] l_pix: 3.3647e-01 
2025-09-06 10:16:29,455 INFO: [PFT_l..][epoch: 24, iter:   8,900, lr:(1.999e-04,)] [eta: 2 days, 19:21:42, time (data): 0.616 (0.000)] l_pix: 3.7579e-01 
2025-09-06 10:17:31,192 INFO: [PFT_l..][epoch: 25, iter:   9,000, lr:(1.999e-04,)] [eta: 2 days, 19:20:29, time (data): 0.617 (0.001)] l_pix: 3.2314e-01 
2025-09-06 10:18:32,866 INFO: [PFT_l..][epoch: 25, iter:   9,100, lr:(1.999e-04,)] [eta: 2 days, 19:19:12, time (data): 0.617 (0.000)] l_pix: 3.2048e-01 
2025-09-06 10:19:34,540 INFO: [PFT_l..][epoch: 25, iter:   9,200, lr:(1.999e-04,)] [eta: 2 days, 19:17:57, time (data): 0.617 (0.000)] l_pix: 3.2512e-01 
2025-09-06 10:20:36,482 INFO: [PFT_l..][epoch: 26, iter:   9,300, lr:(1.999e-04,)] [eta: 2 days, 19:16:52, time (data): 0.622 (0.002)] l_pix: 4.1242e-01 
2025-09-06 10:21:38,145 INFO: [PFT_l..][epoch: 26, iter:   9,400, lr:(1.999e-04,)] [eta: 2 days, 19:15:37, time (data): 0.619 (0.001)] l_pix: 4.6336e-01 
2025-09-06 10:22:40,148 INFO: [PFT_l..][epoch: 26, iter:   9,500, lr:(1.999e-04,)] [eta: 2 days, 19:14:35, time (data): 0.618 (0.001)] l_pix: 4.3092e-01 
2025-09-06 10:23:41,767 INFO: [PFT_l..][epoch: 26, iter:   9,600, lr:(1.999e-04,)] [eta: 2 days, 19:13:18, time (data): 0.617 (0.001)] l_pix: 3.2557e-01 
2025-09-06 10:24:43,585 INFO: [PFT_l..][epoch: 27, iter:   9,700, lr:(1.999e-04,)] [eta: 2 days, 19:12:09, time (data): 0.618 (0.001)] l_pix: 2.5473e-01 
2025-09-06 10:25:45,218 INFO: [PFT_l..][epoch: 27, iter:   9,800, lr:(1.999e-04,)] [eta: 2 days, 19:10:53, time (data): 0.617 (0.001)] l_pix: 3.5650e-01 
2025-09-06 10:26:47,152 INFO: [PFT_l..][epoch: 27, iter:   9,900, lr:(1.999e-04,)] [eta: 2 days, 19:09:49, time (data): 0.621 (0.001)] l_pix: 2.6701e-01 
2025-09-06 10:27:49,024 INFO: [PFT_l..][epoch: 28, iter:  10,000, lr:(1.999e-04,)] [eta: 2 days, 19:08:43, time (data): 0.619 (0.001)] l_pix: 3.7843e-01 
2025-09-06 10:27:49,024 INFO: Saving models and training states.
2025-09-06 10:27:49,187 WARNING: Multiple validation datasets are *only* supported by SRModel.
2025-09-06 10:27:51,463 INFO: Validation Set5
	 # psnr: 33.9942	Best: 33.9942 @ 10000 iter
	 # ssim: 0.9295	Best: 0.9295 @ 10000 iter

2025-09-06 10:28:02,739 INFO: Validation Set14
	 # psnr: 30.5795	Best: 30.5795 @ 10000 iter
	 # ssim: 0.8615	Best: 0.8615 @ 10000 iter

2025-09-06 10:28:46,603 INFO: Validation BSD100
	 # psnr: 29.6664	Best: 29.6664 @ 10000 iter
	 # ssim: 0.8329	Best: 0.8329 @ 10000 iter

2025-09-06 10:29:47,813 INFO: [PFT_l..][epoch: 28, iter:  10,100, lr:(1.999e-04,)] [eta: 2 days, 19:44:14, time (data): 0.613 (0.000)] l_pix: 3.9165e-01 
2025-09-06 10:30:49,196 INFO: [PFT_l..][epoch: 28, iter:  10,200, lr:(1.999e-04,)] [eta: 2 days, 19:42:27, time (data): 0.614 (0.000)] l_pix: 3.4989e-01 
2025-09-06 10:31:50,389 INFO: [PFT_l..][epoch: 28, iter:  10,300, lr:(1.999e-04,)] [eta: 2 days, 19:40:34, time (data): 0.612 (0.000)] l_pix: 3.2150e-01 
2025-09-06 10:32:51,597 INFO: [PFT_l..][epoch: 29, iter:  10,400, lr:(1.999e-04,)] [eta: 2 days, 19:38:42, time (data): 0.612 (0.001)] l_pix: 2.7548e-01 
2025-09-06 10:33:52,702 INFO: [PFT_l..][epoch: 29, iter:  10,500, lr:(1.999e-04,)] [eta: 2 days, 19:36:48, time (data): 0.611 (0.000)] l_pix: 4.5855e-01 
2025-09-06 10:34:53,875 INFO: [PFT_l..][epoch: 29, iter:  10,600, lr:(1.999e-04,)] [eta: 2 days, 19:34:57, time (data): 0.612 (0.000)] l_pix: 3.0765e-01 
2025-09-06 10:35:54,909 INFO: [PFT_l..][epoch: 29, iter:  10,700, lr:(1.999e-04,)] [eta: 2 days, 19:33:02, time (data): 0.610 (0.000)] l_pix: 3.8118e-01 
2025-09-06 10:36:56,060 INFO: [PFT_l..][epoch: 30, iter:  10,800, lr:(1.999e-04,)] [eta: 2 days, 19:31:12, time (data): 0.611 (0.001)] l_pix: 4.0679e-01 
2025-09-06 10:37:57,113 INFO: [PFT_l..][epoch: 30, iter:  10,900, lr:(1.999e-04,)] [eta: 2 days, 19:29:19, time (data): 0.610 (0.000)] l_pix: 3.6818e-01 
2025-09-06 10:38:58,206 INFO: [PFT_l..][epoch: 30, iter:  11,000, lr:(1.999e-04,)] [eta: 2 days, 19:27:29, time (data): 0.611 (0.000)] l_pix: 3.5636e-01 
2025-09-06 10:39:59,460 INFO: [PFT_l..][epoch: 31, iter:  11,100, lr:(1.999e-04,)] [eta: 2 days, 19:25:46, time (data): 0.614 (0.002)] l_pix: 4.8866e-01 
2025-09-06 10:41:00,989 INFO: [PFT_l..][epoch: 31, iter:  11,200, lr:(1.999e-04,)] [eta: 2 days, 19:24:12, time (data): 0.615 (0.001)] l_pix: 4.3571e-01 
2025-09-06 10:42:02,160 INFO: [PFT_l..][epoch: 31, iter:  11,300, lr:(1.999e-04,)] [eta: 2 days, 19:22:27, time (data): 0.610 (0.000)] l_pix: 3.3422e-01 
2025-09-06 10:43:03,238 INFO: [PFT_l..][epoch: 31, iter:  11,400, lr:(1.999e-04,)] [eta: 2 days, 19:20:40, time (data): 0.611 (0.000)] l_pix: 2.7058e-01 
2025-09-06 10:44:04,455 INFO: [PFT_l..][epoch: 32, iter:  11,500, lr:(1.999e-04,)] [eta: 2 days, 19:18:58, time (data): 0.612 (0.000)] l_pix: 2.8766e-01 
2025-09-06 10:45:05,806 INFO: [PFT_l..][epoch: 32, iter:  11,600, lr:(1.999e-04,)] [eta: 2 days, 19:17:21, time (data): 0.613 (0.000)] l_pix: 2.9494e-01 
2025-09-06 10:46:06,953 INFO: [PFT_l..][epoch: 32, iter:  11,700, lr:(1.999e-04,)] [eta: 2 days, 19:15:38, time (data): 0.612 (0.000)] l_pix: 4.2102e-01 
2025-09-06 10:47:08,149 INFO: [PFT_l..][epoch: 33, iter:  11,800, lr:(1.999e-04,)] [eta: 2 days, 19:13:58, time (data): 0.612 (0.001)] l_pix: 3.5704e-01 
2025-09-06 10:48:09,330 INFO: [PFT_l..][epoch: 33, iter:  11,900, lr:(1.999e-04,)] [eta: 2 days, 19:12:17, time (data): 0.612 (0.001)] l_pix: 2.6361e-01 
2025-09-06 10:49:10,460 INFO: [PFT_l..][epoch: 33, iter:  12,000, lr:(1.999e-04,)] [eta: 2 days, 19:10:36, time (data): 0.612 (0.001)] l_pix: 3.6105e-01 
2025-09-06 10:50:11,521 INFO: [PFT_l..][epoch: 33, iter:  12,100, lr:(1.999e-04,)] [eta: 2 days, 19:08:53, time (data): 0.610 (0.000)] l_pix: 3.3984e-01 
2025-09-06 10:51:12,591 INFO: [PFT_l..][epoch: 34, iter:  12,200, lr:(1.999e-04,)] [eta: 2 days, 19:07:11, time (data): 0.611 (0.001)] l_pix: 3.5575e-01 
2025-09-06 10:52:13,534 INFO: [PFT_l..][epoch: 34, iter:  12,300, lr:(1.999e-04,)] [eta: 2 days, 19:05:25, time (data): 0.609 (0.001)] l_pix: 4.0344e-01 
2025-09-06 10:53:14,436 INFO: [PFT_l..][epoch: 34, iter:  12,400, lr:(1.999e-04,)] [eta: 2 days, 19:03:39, time (data): 0.609 (0.001)] l_pix: 2.6331e-01 
2025-09-06 10:54:15,403 INFO: [PFT_l..][epoch: 35, iter:  12,500, lr:(1.999e-04,)] [eta: 2 days, 19:01:56, time (data): 0.611 (0.003)] l_pix: 3.4724e-01 
2025-09-06 10:55:16,287 INFO: [PFT_l..][epoch: 35, iter:  12,600, lr:(1.999e-04,)] [eta: 2 days, 19:00:11, time (data): 0.609 (0.001)] l_pix: 4.0495e-01 
2025-09-06 10:56:17,155 INFO: [PFT_l..][epoch: 35, iter:  12,700, lr:(1.999e-04,)] [eta: 2 days, 18:58:26, time (data): 0.608 (0.001)] l_pix: 4.1246e-01 
2025-09-06 10:57:17,943 INFO: [PFT_l..][epoch: 35, iter:  12,800, lr:(1.999e-04,)] [eta: 2 days, 18:56:40, time (data): 0.608 (0.000)] l_pix: 2.9429e-01 
2025-09-06 10:58:18,782 INFO: [PFT_l..][epoch: 36, iter:  12,900, lr:(1.999e-04,)] [eta: 2 days, 18:54:55, time (data): 0.608 (0.000)] l_pix: 3.0349e-01 
2025-09-06 10:59:19,625 INFO: [PFT_l..][epoch: 36, iter:  13,000, lr:(1.999e-04,)] [eta: 2 days, 18:53:12, time (data): 0.608 (0.000)] l_pix: 3.7745e-01 
2025-09-06 11:00:20,492 INFO: [PFT_l..][epoch: 36, iter:  13,100, lr:(1.999e-04,)] [eta: 2 days, 18:51:30, time (data): 0.609 (0.000)] l_pix: 3.5472e-01 
2025-09-06 11:01:21,340 INFO: [PFT_l..][epoch: 36, iter:  13,200, lr:(1.999e-04,)] [eta: 2 days, 18:49:48, time (data): 0.609 (0.001)] l_pix: 2.9806e-01 
2025-09-06 11:02:22,230 INFO: [PFT_l..][epoch: 37, iter:  13,300, lr:(1.999e-04,)] [eta: 2 days, 18:48:07, time (data): 0.608 (0.001)] l_pix: 4.9632e-01 
2025-09-06 11:03:23,077 INFO: [PFT_l..][epoch: 37, iter:  13,400, lr:(1.999e-04,)] [eta: 2 days, 18:46:26, time (data): 0.608 (0.001)] l_pix: 3.4044e-01 
2025-09-06 11:04:23,931 INFO: [PFT_l..][epoch: 37, iter:  13,500, lr:(1.999e-04,)] [eta: 2 days, 18:44:46, time (data): 0.609 (0.001)] l_pix: 4.6100e-01 
2025-09-06 11:05:24,888 INFO: [PFT_l..][epoch: 38, iter:  13,600, lr:(1.999e-04,)] [eta: 2 days, 18:43:10, time (data): 0.609 (0.001)] l_pix: 3.5694e-01 
2025-09-06 11:06:25,740 INFO: [PFT_l..][epoch: 38, iter:  13,700, lr:(1.999e-04,)] [eta: 2 days, 18:41:31, time (data): 0.609 (0.001)] l_pix: 2.6698e-01 
2025-09-06 11:07:26,589 INFO: [PFT_l..][epoch: 38, iter:  13,800, lr:(1.999e-04,)] [eta: 2 days, 18:39:52, time (data): 0.609 (0.001)] l_pix: 3.4852e-01 
2025-09-06 11:08:27,426 INFO: [PFT_l..][epoch: 38, iter:  13,900, lr:(1.999e-04,)] [eta: 2 days, 18:38:14, time (data): 0.608 (0.001)] l_pix: 4.1869e-01 
2025-09-06 11:09:28,296 INFO: [PFT_l..][epoch: 39, iter:  14,000, lr:(1.999e-04,)] [eta: 2 days, 18:36:37, time (data): 0.608 (0.001)] l_pix: 2.6432e-01 
2025-09-06 11:10:29,187 INFO: [PFT_l..][epoch: 39, iter:  14,100, lr:(1.999e-04,)] [eta: 2 days, 18:35:01, time (data): 0.609 (0.001)] l_pix: 4.1903e-01 
2025-09-06 11:11:30,013 INFO: [PFT_l..][epoch: 39, iter:  14,200, lr:(1.999e-04,)] [eta: 2 days, 18:33:24, time (data): 0.608 (0.001)] l_pix: 3.8535e-01 
2025-09-06 11:12:30,933 INFO: [PFT_l..][epoch: 40, iter:  14,300, lr:(1.999e-04,)] [eta: 2 days, 18:31:49, time (data): 0.612 (0.004)] l_pix: 2.8716e-01 
2025-09-06 11:13:31,778 INFO: [PFT_l..][epoch: 40, iter:  14,400, lr:(1.999e-04,)] [eta: 2 days, 18:30:14, time (data): 0.609 (0.001)] l_pix: 3.4403e-01 
2025-09-06 11:14:32,589 INFO: [PFT_l..][epoch: 40, iter:  14,500, lr:(1.999e-04,)] [eta: 2 days, 18:28:38, time (data): 0.608 (0.001)] l_pix: 3.8095e-01 
2025-09-06 11:15:33,462 INFO: [PFT_l..][epoch: 40, iter:  14,600, lr:(1.999e-04,)] [eta: 2 days, 18:27:04, time (data): 0.608 (0.001)] l_pix: 4.0314e-01 
2025-09-06 11:16:34,426 INFO: [PFT_l..][epoch: 41, iter:  14,700, lr:(1.999e-04,)] [eta: 2 days, 18:25:33, time (data): 0.610 (0.001)] l_pix: 3.5296e-01 
2025-09-06 11:17:35,260 INFO: [PFT_l..][epoch: 41, iter:  14,800, lr:(1.999e-04,)] [eta: 2 days, 18:23:59, time (data): 0.609 (0.001)] l_pix: 3.2371e-01 
2025-09-06 11:18:36,050 INFO: [PFT_l..][epoch: 41, iter:  14,900, lr:(1.999e-04,)] [eta: 2 days, 18:22:24, time (data): 0.609 (0.001)] l_pix: 3.9728e-01 
2025-09-06 11:19:36,941 INFO: [PFT_l..][epoch: 42, iter:  15,000, lr:(1.999e-04,)] [eta: 2 days, 18:20:52, time (data): 0.609 (0.001)] l_pix: 2.4262e-01 
2025-09-06 11:20:37,750 INFO: [PFT_l..][epoch: 42, iter:  15,100, lr:(1.999e-04,)] [eta: 2 days, 18:19:19, time (data): 0.608 (0.001)] l_pix: 3.5194e-01 
2025-09-06 11:21:38,574 INFO: [PFT_l..][epoch: 42, iter:  15,200, lr:(1.999e-04,)] [eta: 2 days, 18:17:46, time (data): 0.608 (0.001)] l_pix: 3.9826e-01 
2025-09-06 11:22:39,348 INFO: [PFT_l..][epoch: 42, iter:  15,300, lr:(1.999e-04,)] [eta: 2 days, 18:16:13, time (data): 0.607 (0.001)] l_pix: 2.9528e-01 
2025-09-06 11:23:40,260 INFO: [PFT_l..][epoch: 43, iter:  15,400, lr:(1.999e-04,)] [eta: 2 days, 18:14:43, time (data): 0.609 (0.001)] l_pix: 2.7076e-01 
2025-09-06 11:24:41,074 INFO: [PFT_l..][epoch: 43, iter:  15,500, lr:(1.999e-04,)] [eta: 2 days, 18:13:11, time (data): 0.608 (0.001)] l_pix: 3.5631e-01 
2025-09-06 11:25:41,874 INFO: [PFT_l..][epoch: 43, iter:  15,600, lr:(1.999e-04,)] [eta: 2 days, 18:11:40, time (data): 0.608 (0.001)] l_pix: 3.9851e-01 
2025-09-06 11:26:42,668 INFO: [PFT_l..][epoch: 43, iter:  15,700, lr:(1.999e-04,)] [eta: 2 days, 18:10:09, time (data): 0.607 (0.000)] l_pix: 2.8455e-01 
2025-09-06 11:27:43,579 INFO: [PFT_l..][epoch: 44, iter:  15,800, lr:(1.999e-04,)] [eta: 2 days, 18:08:40, time (data): 0.609 (0.001)] l_pix: 4.1828e-01 
2025-09-06 11:28:44,364 INFO: [PFT_l..][epoch: 44, iter:  15,900, lr:(1.999e-04,)] [eta: 2 days, 18:07:10, time (data): 0.608 (0.001)] l_pix: 2.9006e-01 
2025-09-06 11:29:45,128 INFO: [PFT_l..][epoch: 44, iter:  16,000, lr:(1.999e-04,)] [eta: 2 days, 18:05:39, time (data): 0.608 (0.001)] l_pix: 3.4901e-01 
2025-09-06 11:30:46,040 INFO: [PFT_l..][epoch: 45, iter:  16,100, lr:(1.999e-04,)] [eta: 2 days, 18:04:12, time (data): 0.608 (0.001)] l_pix: 3.2941e-01 
2025-09-06 11:31:46,829 INFO: [PFT_l..][epoch: 45, iter:  16,200, lr:(1.999e-04,)] [eta: 2 days, 18:02:42, time (data): 0.608 (0.001)] l_pix: 4.0330e-01 
2025-09-06 11:32:47,601 INFO: [PFT_l..][epoch: 45, iter:  16,300, lr:(1.999e-04,)] [eta: 2 days, 18:01:12, time (data): 0.608 (0.001)] l_pix: 2.9969e-01 
2025-09-06 11:33:48,407 INFO: [PFT_l..][epoch: 45, iter:  16,400, lr:(1.999e-04,)] [eta: 2 days, 17:59:44, time (data): 0.608 (0.001)] l_pix: 2.8896e-01 
2025-09-06 11:34:49,318 INFO: [PFT_l..][epoch: 46, iter:  16,500, lr:(1.999e-04,)] [eta: 2 days, 17:58:18, time (data): 0.608 (0.000)] l_pix: 3.2558e-01 
2025-09-06 11:35:50,152 INFO: [PFT_l..][epoch: 46, iter:  16,600, lr:(1.999e-04,)] [eta: 2 days, 17:56:51, time (data): 0.608 (0.001)] l_pix: 2.7716e-01 
2025-09-06 11:36:50,913 INFO: [PFT_l..][epoch: 46, iter:  16,700, lr:(1.999e-04,)] [eta: 2 days, 17:55:22, time (data): 0.608 (0.001)] l_pix: 3.3011e-01 
2025-09-06 11:37:51,737 INFO: [PFT_l..][epoch: 47, iter:  16,800, lr:(1.999e-04,)] [eta: 2 days, 17:53:55, time (data): 0.608 (0.001)] l_pix: 3.4794e-01 
2025-09-06 11:38:52,538 INFO: [PFT_l..][epoch: 47, iter:  16,900, lr:(1.999e-04,)] [eta: 2 days, 17:52:28, time (data): 0.608 (0.001)] l_pix: 3.5123e-01 
2025-09-06 11:39:53,281 INFO: [PFT_l..][epoch: 47, iter:  17,000, lr:(1.999e-04,)] [eta: 2 days, 17:51:00, time (data): 0.608 (0.001)] l_pix: 2.6661e-01 
2025-09-06 11:40:54,043 INFO: [PFT_l..][epoch: 47, iter:  17,100, lr:(1.999e-04,)] [eta: 2 days, 17:49:33, time (data): 0.608 (0.000)] l_pix: 2.4738e-01 
2025-09-06 11:41:54,933 INFO: [PFT_l..][epoch: 48, iter:  17,200, lr:(1.999e-04,)] [eta: 2 days, 17:48:09, time (data): 0.609 (0.001)] l_pix: 3.4354e-01 
2025-09-06 11:42:55,687 INFO: [PFT_l..][epoch: 48, iter:  17,300, lr:(1.999e-04,)] [eta: 2 days, 17:46:42, time (data): 0.608 (0.001)] l_pix: 3.9839e-01 
2025-09-06 11:43:56,426 INFO: [PFT_l..][epoch: 48, iter:  17,400, lr:(1.999e-04,)] [eta: 2 days, 17:45:15, time (data): 0.607 (0.001)] l_pix: 3.9499e-01 
2025-09-06 11:44:57,211 INFO: [PFT_l..][epoch: 49, iter:  17,500, lr:(1.999e-04,)] [eta: 2 days, 17:43:50, time (data): 0.612 (0.006)] l_pix: 3.2424e-01 
2025-09-06 11:45:58,029 INFO: [PFT_l..][epoch: 49, iter:  17,600, lr:(1.999e-04,)] [eta: 2 days, 17:42:25, time (data): 0.609 (0.001)] l_pix: 4.5391e-01 
2025-09-06 11:46:58,817 INFO: [PFT_l..][epoch: 49, iter:  17,700, lr:(1.999e-04,)] [eta: 2 days, 17:41:00, time (data): 0.607 (0.000)] l_pix: 3.7977e-01 
2025-09-06 11:47:59,542 INFO: [PFT_l..][epoch: 49, iter:  17,800, lr:(1.999e-04,)] [eta: 2 days, 17:39:34, time (data): 0.607 (0.000)] l_pix: 4.0073e-01 
2025-09-06 11:49:00,366 INFO: [PFT_l..][epoch: 50, iter:  17,900, lr:(1.999e-04,)] [eta: 2 days, 17:38:10, time (data): 0.608 (0.001)] l_pix: 3.4283e-01 
2025-09-06 11:50:01,144 INFO: [PFT_l..][epoch: 50, iter:  18,000, lr:(1.999e-04,)] [eta: 2 days, 17:36:46, time (data): 0.608 (0.001)] l_pix: 2.6162e-01 
2025-09-06 11:51:01,868 INFO: [PFT_l..][epoch: 50, iter:  18,100, lr:(1.999e-04,)] [eta: 2 days, 17:35:21, time (data): 0.607 (0.000)] l_pix: 3.2454e-01 
2025-09-06 11:52:02,642 INFO: [PFT_l..][epoch: 50, iter:  18,200, lr:(1.999e-04,)] [eta: 2 days, 17:33:57, time (data): 0.608 (0.001)] l_pix: 3.7666e-01 
2025-09-06 11:53:03,465 INFO: [PFT_l..][epoch: 51, iter:  18,300, lr:(1.999e-04,)] [eta: 2 days, 17:32:34, time (data): 0.607 (0.001)] l_pix: 4.1907e-01 
2025-09-06 11:54:04,285 INFO: [PFT_l..][epoch: 51, iter:  18,400, lr:(1.999e-04,)] [eta: 2 days, 17:31:12, time (data): 0.608 (0.001)] l_pix: 3.6688e-01 
2025-09-06 11:55:05,015 INFO: [PFT_l..][epoch: 51, iter:  18,500, lr:(1.999e-04,)] [eta: 2 days, 17:29:48, time (data): 0.607 (0.001)] l_pix: 2.6164e-01 
2025-09-06 11:56:05,928 INFO: [PFT_l..][epoch: 52, iter:  18,600, lr:(1.999e-04,)] [eta: 2 days, 17:28:27, time (data): 0.609 (0.001)] l_pix: 4.2957e-01 
2025-09-06 11:57:06,728 INFO: [PFT_l..][epoch: 52, iter:  18,700, lr:(1.999e-04,)] [eta: 2 days, 17:27:05, time (data): 0.608 (0.001)] l_pix: 3.3274e-01 
2025-09-06 11:58:07,562 INFO: [PFT_l..][epoch: 52, iter:  18,800, lr:(1.999e-04,)] [eta: 2 days, 17:25:44, time (data): 0.608 (0.001)] l_pix: 3.9071e-01 
2025-09-06 11:59:08,370 INFO: [PFT_l..][epoch: 52, iter:  18,900, lr:(1.999e-04,)] [eta: 2 days, 17:24:22, time (data): 0.609 (0.001)] l_pix: 3.5388e-01 
2025-09-06 12:00:09,268 INFO: [PFT_l..][epoch: 53, iter:  19,000, lr:(1.999e-04,)] [eta: 2 days, 17:23:03, time (data): 0.609 (0.001)] l_pix: 3.8700e-01 
2025-09-06 12:01:10,001 INFO: [PFT_l..][epoch: 53, iter:  19,100, lr:(1.999e-04,)] [eta: 2 days, 17:21:40, time (data): 0.607 (0.001)] l_pix: 2.1462e-01 
2025-09-06 12:02:10,773 INFO: [PFT_l..][epoch: 53, iter:  19,200, lr:(1.999e-04,)] [eta: 2 days, 17:20:18, time (data): 0.608 (0.001)] l_pix: 2.8488e-01 
2025-09-06 12:03:11,639 INFO: [PFT_l..][epoch: 54, iter:  19,300, lr:(1.999e-04,)] [eta: 2 days, 17:18:59, time (data): 0.607 (0.000)] l_pix: 2.6829e-01 
2025-09-06 12:04:12,454 INFO: [PFT_l..][epoch: 54, iter:  19,400, lr:(1.999e-04,)] [eta: 2 days, 17:17:38, time (data): 0.608 (0.001)] l_pix: 2.5800e-01 
2025-09-06 12:05:13,233 INFO: [PFT_l..][epoch: 54, iter:  19,500, lr:(1.999e-04,)] [eta: 2 days, 17:16:17, time (data): 0.604 (0.000)] l_pix: 2.8537e-01 
2025-09-06 12:06:14,001 INFO: [PFT_l..][epoch: 54, iter:  19,600, lr:(1.999e-04,)] [eta: 2 days, 17:14:57, time (data): 0.608 (0.001)] l_pix: 3.4929e-01 
2025-09-06 12:07:14,859 INFO: [PFT_l..][epoch: 55, iter:  19,700, lr:(1.999e-04,)] [eta: 2 days, 17:13:38, time (data): 0.604 (0.001)] l_pix: 3.0182e-01 
2025-09-06 12:08:15,610 INFO: [PFT_l..][epoch: 55, iter:  19,800, lr:(1.999e-04,)] [eta: 2 days, 17:12:17, time (data): 0.607 (0.001)] l_pix: 3.4320e-01 
2025-09-06 12:09:16,362 INFO: [PFT_l..][epoch: 55, iter:  19,900, lr:(1.999e-04,)] [eta: 2 days, 17:10:56, time (data): 0.609 (0.001)] l_pix: 2.8352e-01 
2025-09-06 12:10:17,203 INFO: [PFT_l..][epoch: 56, iter:  20,000, lr:(1.999e-04,)] [eta: 2 days, 17:09:37, time (data): 0.608 (0.001)] l_pix: 3.5421e-01 
2025-09-06 12:10:17,204 INFO: Saving models and training states.
2025-09-06 12:10:17,371 WARNING: Multiple validation datasets are *only* supported by SRModel.
2025-09-06 12:10:19,656 INFO: Validation Set5
	 # psnr: 34.2164	Best: 34.2164 @ 20000 iter
	 # ssim: 0.9310	Best: 0.9310 @ 20000 iter

2025-09-06 12:10:31,110 INFO: Validation Set14
	 # psnr: 30.7519	Best: 30.7519 @ 20000 iter
	 # ssim: 0.8641	Best: 0.8641 @ 20000 iter

2025-09-06 12:11:16,091 INFO: Validation BSD100
	 # psnr: 29.7577	Best: 29.7577 @ 20000 iter
	 # ssim: 0.8347	Best: 0.8347 @ 20000 iter

2025-09-06 12:12:16,688 INFO: [PFT_l..][epoch: 56, iter:  20,100, lr:(1.999e-04,)] [eta: 2 days, 17:26:47, time (data): 0.607 (0.001)] l_pix: 3.5761e-01 
2025-09-06 12:13:17,418 INFO: [PFT_l..][epoch: 56, iter:  20,200, lr:(1.999e-04,)] [eta: 2 days, 17:25:21, time (data): 0.607 (0.001)] l_pix: 3.2194e-01 
2025-09-06 12:14:18,233 INFO: [PFT_l..][epoch: 56, iter:  20,300, lr:(1.999e-04,)] [eta: 2 days, 17:23:57, time (data): 0.608 (0.001)] l_pix: 3.7952e-01 
2025-09-06 12:15:19,146 INFO: [PFT_l..][epoch: 57, iter:  20,400, lr:(1.999e-04,)] [eta: 2 days, 17:22:34, time (data): 0.609 (0.001)] l_pix: 2.7666e-01 
2025-09-06 12:16:20,020 INFO: [PFT_l..][epoch: 57, iter:  20,500, lr:(1.999e-04,)] [eta: 2 days, 17:21:11, time (data): 0.609 (0.001)] l_pix: 3.8148e-01 
2025-09-06 12:17:20,883 INFO: [PFT_l..][epoch: 57, iter:  20,600, lr:(1.999e-04,)] [eta: 2 days, 17:19:48, time (data): 0.609 (0.001)] l_pix: 3.2788e-01 
2025-09-06 12:18:21,792 INFO: [PFT_l..][epoch: 57, iter:  20,700, lr:(1.999e-04,)] [eta: 2 days, 17:18:27, time (data): 0.609 (0.001)] l_pix: 3.2779e-01 
2025-09-06 12:19:22,730 INFO: [PFT_l..][epoch: 58, iter:  20,800, lr:(1.999e-04,)] [eta: 2 days, 17:17:06, time (data): 0.609 (0.001)] l_pix: 3.2604e-01 
2025-09-06 12:20:23,590 INFO: [PFT_l..][epoch: 58, iter:  20,900, lr:(1.999e-04,)] [eta: 2 days, 17:15:43, time (data): 0.609 (0.001)] l_pix: 4.4693e-01 
2025-09-06 12:21:24,420 INFO: [PFT_l..][epoch: 58, iter:  21,000, lr:(1.999e-04,)] [eta: 2 days, 17:14:21, time (data): 0.608 (0.001)] l_pix: 3.3597e-01 
2025-09-06 12:22:25,318 INFO: [PFT_l..][epoch: 59, iter:  21,100, lr:(1.999e-04,)] [eta: 2 days, 17:12:59, time (data): 0.609 (0.001)] l_pix: 3.6304e-01 
2025-09-06 12:23:26,098 INFO: [PFT_l..][epoch: 59, iter:  21,200, lr:(1.999e-04,)] [eta: 2 days, 17:11:36, time (data): 0.608 (0.001)] l_pix: 2.8764e-01 
2025-09-06 12:24:26,972 INFO: [PFT_l..][epoch: 59, iter:  21,300, lr:(1.999e-04,)] [eta: 2 days, 17:10:15, time (data): 0.608 (0.001)] l_pix: 2.7472e-01 
2025-09-06 12:25:27,842 INFO: [PFT_l..][epoch: 59, iter:  21,400, lr:(1.999e-04,)] [eta: 2 days, 17:08:54, time (data): 0.609 (0.001)] l_pix: 3.5699e-01 
2025-09-06 12:26:28,732 INFO: [PFT_l..][epoch: 60, iter:  21,500, lr:(1.999e-04,)] [eta: 2 days, 17:07:33, time (data): 0.609 (0.001)] l_pix: 3.0735e-01 
2025-09-06 12:27:29,534 INFO: [PFT_l..][epoch: 60, iter:  21,600, lr:(1.999e-04,)] [eta: 2 days, 17:06:12, time (data): 0.608 (0.001)] l_pix: 3.6239e-01 
2025-09-06 12:28:30,348 INFO: [PFT_l..][epoch: 60, iter:  21,700, lr:(1.999e-04,)] [eta: 2 days, 17:04:50, time (data): 0.608 (0.001)] l_pix: 2.4527e-01 
2025-09-06 12:29:31,235 INFO: [PFT_l..][epoch: 61, iter:  21,800, lr:(1.999e-04,)] [eta: 2 days, 17:03:30, time (data): 0.609 (0.001)] l_pix: 2.4481e-01 
2025-09-06 12:30:31,975 INFO: [PFT_l..][epoch: 61, iter:  21,900, lr:(1.999e-04,)] [eta: 2 days, 17:02:08, time (data): 0.608 (0.001)] l_pix: 2.9147e-01 
2025-09-06 12:31:32,768 INFO: [PFT_l..][epoch: 61, iter:  22,000, lr:(1.999e-04,)] [eta: 2 days, 17:00:46, time (data): 0.608 (0.001)] l_pix: 3.1664e-01 
2025-09-06 12:32:33,537 INFO: [PFT_l..][epoch: 61, iter:  22,100, lr:(1.999e-04,)] [eta: 2 days, 16:59:25, time (data): 0.608 (0.001)] l_pix: 2.6821e-01 
2025-09-06 12:33:34,387 INFO: [PFT_l..][epoch: 62, iter:  22,200, lr:(1.999e-04,)] [eta: 2 days, 16:58:05, time (data): 0.609 (0.001)] l_pix: 3.1693e-01 
2025-09-06 12:34:35,139 INFO: [PFT_l..][epoch: 62, iter:  22,300, lr:(1.999e-04,)] [eta: 2 days, 16:56:43, time (data): 0.608 (0.001)] l_pix: 3.3922e-01 
2025-09-06 12:35:35,935 INFO: [PFT_l..][epoch: 62, iter:  22,400, lr:(1.999e-04,)] [eta: 2 days, 16:55:23, time (data): 0.608 (0.001)] l_pix: 4.5334e-01 
2025-09-06 12:36:36,835 INFO: [PFT_l..][epoch: 63, iter:  22,500, lr:(1.999e-04,)] [eta: 2 days, 16:54:04, time (data): 0.609 (0.001)] l_pix: 3.9229e-01 
2025-09-06 12:37:37,541 INFO: [PFT_l..][epoch: 63, iter:  22,600, lr:(1.999e-04,)] [eta: 2 days, 16:52:42, time (data): 0.607 (0.001)] l_pix: 4.3679e-01 
2025-09-06 12:38:38,258 INFO: [PFT_l..][epoch: 63, iter:  22,700, lr:(1.999e-04,)] [eta: 2 days, 16:51:21, time (data): 0.607 (0.001)] l_pix: 2.7823e-01 
2025-09-06 12:39:38,996 INFO: [PFT_l..][epoch: 63, iter:  22,800, lr:(1.999e-04,)] [eta: 2 days, 16:50:00, time (data): 0.607 (0.001)] l_pix: 3.0772e-01 
2025-09-06 12:40:39,835 INFO: [PFT_l..][epoch: 64, iter:  22,900, lr:(1.999e-04,)] [eta: 2 days, 16:48:41, time (data): 0.608 (0.001)] l_pix: 3.6884e-01 
2025-09-06 12:41:40,603 INFO: [PFT_l..][epoch: 64, iter:  23,000, lr:(1.999e-04,)] [eta: 2 days, 16:47:21, time (data): 0.608 (0.001)] l_pix: 4.2682e-01 
2025-09-06 12:42:41,349 INFO: [PFT_l..][epoch: 64, iter:  23,100, lr:(1.999e-04,)] [eta: 2 days, 16:46:01, time (data): 0.607 (0.001)] l_pix: 2.9658e-01 
2025-09-06 12:43:42,136 INFO: [PFT_l..][epoch: 64, iter:  23,200, lr:(1.999e-04,)] [eta: 2 days, 16:44:42, time (data): 0.608 (0.000)] l_pix: 3.0960e-01 
2025-09-06 12:44:42,986 INFO: [PFT_l..][epoch: 65, iter:  23,300, lr:(1.999e-04,)] [eta: 2 days, 16:43:24, time (data): 0.608 (0.001)] l_pix: 2.6999e-01 
2025-09-06 12:45:43,762 INFO: [PFT_l..][epoch: 65, iter:  23,400, lr:(1.999e-04,)] [eta: 2 days, 16:42:04, time (data): 0.608 (0.001)] l_pix: 3.1436e-01 
2025-09-06 12:46:44,536 INFO: [PFT_l..][epoch: 65, iter:  23,500, lr:(1.999e-04,)] [eta: 2 days, 16:40:45, time (data): 0.608 (0.001)] l_pix: 4.4450e-01 
2025-09-06 12:47:45,407 INFO: [PFT_l..][epoch: 66, iter:  23,600, lr:(1.999e-04,)] [eta: 2 days, 16:39:28, time (data): 0.609 (0.001)] l_pix: 3.4974e-01 
2025-09-06 12:48:46,150 INFO: [PFT_l..][epoch: 66, iter:  23,700, lr:(1.999e-04,)] [eta: 2 days, 16:38:09, time (data): 0.608 (0.001)] l_pix: 2.3250e-01 
2025-09-06 12:49:46,918 INFO: [PFT_l..][epoch: 66, iter:  23,800, lr:(1.999e-04,)] [eta: 2 days, 16:36:50, time (data): 0.608 (0.001)] l_pix: 3.6008e-01 
2025-09-06 12:50:47,699 INFO: [PFT_l..][epoch: 66, iter:  23,900, lr:(1.999e-04,)] [eta: 2 days, 16:35:31, time (data): 0.608 (0.001)] l_pix: 2.8087e-01 
2025-09-06 12:51:48,642 INFO: [PFT_l..][epoch: 67, iter:  24,000, lr:(1.999e-04,)] [eta: 2 days, 16:34:16, time (data): 0.610 (0.001)] l_pix: 3.2703e-01 
2025-09-06 12:52:49,465 INFO: [PFT_l..][epoch: 67, iter:  24,100, lr:(1.999e-04,)] [eta: 2 days, 16:32:58, time (data): 0.609 (0.001)] l_pix: 3.4658e-01 
2025-09-06 12:53:50,242 INFO: [PFT_l..][epoch: 67, iter:  24,200, lr:(1.999e-04,)] [eta: 2 days, 16:31:40, time (data): 0.608 (0.001)] l_pix: 3.4136e-01 
2025-09-06 12:54:51,110 INFO: [PFT_l..][epoch: 68, iter:  24,300, lr:(1.999e-04,)] [eta: 2 days, 16:30:24, time (data): 0.608 (0.001)] l_pix: 3.1046e-01 
2025-09-06 12:55:51,887 INFO: [PFT_l..][epoch: 68, iter:  24,400, lr:(1.999e-04,)] [eta: 2 days, 16:29:06, time (data): 0.608 (0.001)] l_pix: 3.3929e-01 
2025-09-06 12:56:52,637 INFO: [PFT_l..][epoch: 68, iter:  24,500, lr:(1.999e-04,)] [eta: 2 days, 16:27:48, time (data): 0.608 (0.001)] l_pix: 3.8484e-01 
2025-09-06 12:57:53,425 INFO: [PFT_l..][epoch: 68, iter:  24,600, lr:(1.999e-04,)] [eta: 2 days, 16:26:31, time (data): 0.608 (0.001)] l_pix: 3.3641e-01 
2025-09-06 12:58:54,298 INFO: [PFT_l..][epoch: 69, iter:  24,700, lr:(1.999e-04,)] [eta: 2 days, 16:25:15, time (data): 0.608 (0.001)] l_pix: 3.4712e-01 
