2025-08-04 20:55:46,070 INFO: 
                ____                _       _____  ____
               / __ ) ____ _ _____ (_)_____/ ___/ / __ \
              / __  |/ __ `// ___// // ___/\__ \ / /_/ /
             / /_/ // /_/ /(__  )/ // /__ ___/ // _, _/
            /_____/ \__,_//____//_/ \___//____//_/ |_|
     ______                   __   __                 __      __
    / ____/____   ____   ____/ /  / /   __  __ _____ / /__   / /
   / / __ / __ \ / __ \ / __  /  / /   / / / // ___// //_/  / /
  / /_/ // /_/ // /_/ // /_/ /  / /___/ /_/ // /__ / /<    /_/
  \____/ \____/ \____/ \____/  /_____/\____/ \___//_/|_|  (_)
    
Version Information: 
	BasicSR: 0.1.1
	PyTorch: 2.7.1+cu126
	TorchVision: 0.22.1+cu126
2025-08-04 20:55:46,070 INFO: 
  name: 101_PFT_light_SRx2_mio
  model_type: PFTModel
  scale: 2
  num_gpu: 1
  manual_seed: 0
  find_unused_parameters: True
  datasets:[
    train:[
      name: Set5Training
      type: PairedImageDataset
      dataroot_gt: datasets/TestDataSR/HR/Set5/x2
      dataroot_lq: datasets/TestDataSR/LR/LRBI/Set5/x2
      filename_tmpl: {}x2
      io_backend:[
        type: disk
      ]
      gt_size: 128
      use_hflip: True
      use_rot: True
      num_worker_per_gpu: 5
      batch_size_per_gpu: 5
      dataset_enlarge_ratio: 1
      prefetch_mode: cuda
      pin_memory: True
      persistent_workers: True
      phase: train
      scale: 2
    ]
    val_1:[
      name: Set5Testing
      type: PairedImageDataset
      dataroot_gt: datasets/TestDataSR1/HR/Set5/x2
      dataroot_lq: datasets/TestDataSR1/LR/LRBI/Set5/x2
      io_backend:[
        type: disk
      ]
      phase: val
      scale: 2
    ]
  ]
  network_g:[
    type: PFT
    upscale: 2
    in_chans: 3
    img_size: 64
    embed_dim: 52
    depths: [2, 4, 6, 6, 6]
    num_heads: 4
    num_topk: [1024, 1024, 256, 256, 256, 256, 128, 128, 128, 128, 128, 128, 64, 64, 64, 64, 64, 64, 32, 32, 32, 32, 32, 32]
    window_size: 32
    convffn_kernel_size: 7
    img_range: 1.0
    mlp_ratio: 1
    upsampler: pixelshuffledirect
    resi_connection: 1conv
    use_checkpoint: False
  ]
  path:[
    pretrain_network_g: experiments\modelli_trainati\Andrea200Epoche.pth
    strict_load_g: True
    resume_state: None
    experiments_root: /app/PFT-SR/experiments/101_PFT_light_SRx2_mio
    models: /app/PFT-SR/experiments/101_PFT_light_SRx2_mio/models
    training_states: /app/PFT-SR/experiments/101_PFT_light_SRx2_mio/training_states
    log: /app/PFT-SR/experiments/101_PFT_light_SRx2_mio
    visualization: /app/PFT-SR/experiments/101_PFT_light_SRx2_mio/visualization
  ]
  train:[
    ema_decay: 0.999
    optim_g:[
      type: AdamW
      lr: 0.0005
      weight_decay: 0
      betas: [0.9, 0.99]
    ]
    scheduler:[
      type: MultiStepLR
      milestones: [250000, 400000, 450000, 475000, 490000]
      gamma: 0.5
    ]
    total_iter: 100
    warmup_iter: 10
    pixel_opt:[
      type: L1Loss
      loss_weight: 1.0
      reduction: mean
    ]
  ]
  val:[
    val_freq: 10000.0
    save_img: False
    metrics:[
      psnr:[
        type: calculate_psnr
        crop_border: 2
        test_y_channel: True
      ]
      ssim:[
        type: calculate_ssim
        crop_border: 2
        test_y_channel: True
      ]
    ]
  ]
  logger:[
    print_freq: 100
    save_checkpoint_freq: 10000.0
    use_tb_logger: True
    wandb:[
      project: None
      resume_id: None
    ]
  ]
  dist_params:[
    backend: nccl
    port: 29500
  ]
  dist: False
  rank: 0
  world_size: 1
  auto_resume: False
  is_train: True
  root_path: /app/PFT-SR

2025-08-04 20:55:46,126 INFO: Dataset [PairedImageDataset] - Set5Training is built.
2025-08-04 20:55:46,126 INFO: Training statistics:
	Number of train images: 5
	Dataset enlarge ratio: 1
	Batch size per gpu: 5
	World size (gpu number): 1
	Require iter number per epoch: 1
	Total epochs: 100; iters: 100.
