2025-08-30 07:15:05,227 INFO: 
                ____                _       _____  ____
               / __ ) ____ _ _____ (_)_____/ ___/ / __ \
              / __  |/ __ `// ___// // ___/\__ \ / /_/ /
             / /_/ // /_/ /(__  )/ // /__ ___/ // _, _/
            /_____/ \__,_//____//_/ \___//____//_/ |_|
     ______                   __   __                 __      __
    / ____/____   ____   ____/ /  / /   __  __ _____ / /__   / /
   / / __ / __ \ / __ \ / __  /  / /   / / / // ___// //_/  / /
  / /_/ // /_/ // /_/ // /_/ /  / /___/ /_/ // /__ / /<    /_/
  \____/ \____/ \____/ \____/  /_____/\____/ \___//_/|_|  (_)
    
Version Information: 
	BasicSR: 0.1.1
	PyTorch: 2.7.1+cu126
	TorchVision: 0.22.1+cu126
2025-08-30 07:15:05,227 INFO: 
  name: PFT_light_SRx2_Monash_lossComb
  model_type: PFTModel
  scale: 2
  num_gpu: 1
  manual_seed: 0
  find_unused_parameters: True
  datasets:[
    train:[
      name: Monash_Guns_Dataset
      type: PairedImageDataset
      dataroot_gt: datasets/Monash_Guns_Dataset/HR
      dataroot_lq: datasets/Monash_Guns_Dataset/LR
      filename_tmpl: {}x2
      io_backend:[
        type: disk
      ]
      gt_size: 128
      use_hflip: True
      use_rot: True
      num_worker_per_gpu: 8
      batch_size_per_gpu: 8
      dataset_enlarge_ratio: 1
      prefetch_mode: cuda
      pin_memory: True
      persistent_workers: True
      phase: train
      scale: 2
    ]
    val_1:[
      name: Set5
      type: PairedImageDataset
      dataroot_gt: datasets/TestDataSR/HR/Set5/x2
      dataroot_lq: datasets/TestDataSR/LR/LRBI/Set5/x2
      io_backend:[
        type: disk
      ]
      phase: val
      scale: 2
    ]
    val_2:[
      name: Set14
      type: PairedImageDataset
      dataroot_gt: datasets/TestDataSR/HR/Set14/x2
      dataroot_lq: datasets/TestDataSR/LR/LRBI/Set14/x2
      io_backend:[
        type: disk
      ]
      phase: val
      scale: 2
    ]
    val_3:[
      name: BSD100
      type: PairedImageDataset
      dataroot_gt: datasets/TestDataSR/HR/B100/x2
      dataroot_lq: datasets/TestDataSR/LR/LRBI/B100/x2
      io_backend:[
        type: disk
      ]
      phase: val
      scale: 2
    ]
  ]
  network_g:[
    type: PFT
    upscale: 2
    in_chans: 3
    img_size: 64
    embed_dim: 52
    depths: [2, 4, 6, 6, 6]
    num_heads: 4
    num_topk: [1024, 1024, 256, 256, 256, 256, 128, 128, 128, 128, 128, 128, 64, 64, 64, 64, 64, 64, 32, 32, 32, 32, 32, 32]
    window_size: 32
    convffn_kernel_size: 7
    img_range: 1.0
    mlp_ratio: 1
    upsampler: pixelshuffledirect
    resi_connection: 1conv
    use_checkpoint: False
  ]
  path:[
    pretrain_network_g: None
    strict_load_g: True
    resume_state: None
    experiments_root: /app/PFT-SR/experiments/PFT_light_SRx2_Monash_lossComb
    models: /app/PFT-SR/experiments/PFT_light_SRx2_Monash_lossComb/models
    training_states: /app/PFT-SR/experiments/PFT_light_SRx2_Monash_lossComb/training_states
    log: /app/PFT-SR/experiments/PFT_light_SRx2_Monash_lossComb
    visualization: /app/PFT-SR/experiments/PFT_light_SRx2_Monash_lossComb/visualization
  ]
  train:[
    ema_decay: 0.999
    optim_g:[
      type: AdamW
      lr: 0.0002
      weight_decay: 0
      betas: [0.9, 0.99]
    ]
    scheduler:[
      type: MultiStepLR
      milestones: [100000, 200000, 300000]
      gamma: 0.5
    ]
    total_iter: 400000
    warmup_iter: 2000
    pixel_opt:[
      type: L1VGGPerceptualLoss
      l1_weight: 1.0
      perceptual_weight: 1.0
      reduction: mean
    ]
  ]
  val:[
    val_freq: 10000.0
    save_img: False
    metrics:[
      psnr:[
        type: calculate_psnr
        crop_border: 2
        test_y_channel: True
      ]
      ssim:[
        type: calculate_ssim
        crop_border: 2
        test_y_channel: True
      ]
    ]
  ]
  logger:[
    print_freq: 100
    save_checkpoint_freq: 10000.0
    use_tb_logger: True
    wandb:[
      project: None
      resume_id: None
    ]
  ]
  dist_params:[
    backend: nccl
    port: 29500
  ]
  dist: False
  rank: 0
  world_size: 1
  auto_resume: False
  is_train: True
  root_path: /app/PFT-SR

2025-08-30 07:15:05,448 INFO: Dataset [PairedImageDataset] - Monash_Guns_Dataset is built.
2025-08-30 07:15:05,449 INFO: Training statistics:
	Number of train images: 2857
	Dataset enlarge ratio: 1
	Batch size per gpu: 8
	World size (gpu number): 1
	Require iter number per epoch: 358
	Total epochs: 1118; iters: 400000.
2025-08-30 07:15:05,449 INFO: Dataset [PairedImageDataset] - Set5 is built.
2025-08-30 07:15:05,449 INFO: Number of val images/folders in Set5: 5
2025-08-30 07:15:05,450 INFO: Dataset [PairedImageDataset] - Set14 is built.
2025-08-30 07:15:05,450 INFO: Number of val images/folders in Set14: 14
2025-08-30 07:15:05,454 INFO: Dataset [PairedImageDataset] - BSD100 is built.
2025-08-30 07:15:05,454 INFO: Number of val images/folders in BSD100: 100
2025-08-30 07:15:05,505 INFO: Network [PFT] is created.
