2025-08-06 20:15:47,829 INFO: 
                ____                _       _____  ____
               / __ ) ____ _ _____ (_)_____/ ___/ / __ \
              / __  |/ __ `// ___// // ___/\__ \ / /_/ /
             / /_/ // /_/ /(__  )/ // /__ ___/ // _, _/
            /_____/ \__,_//____//_/ \___//____//_/ |_|
     ______                   __   __                 __      __
    / ____/____   ____   ____/ /  / /   __  __ _____ / /__   / /
   / / __ / __ \ / __ \ / __  /  / /   / / / // ___// //_/  / /
  / /_/ // /_/ // /_/ // /_/ /  / /___/ /_/ // /__ / /<    /_/
  \____/ \____/ \____/ \____/  /_____/\____/ \___//_/|_|  (_)
    
Version Information: 
	BasicSR: 0.1.1
	PyTorch: 2.7.1+cu126
	TorchVision: 0.22.1+cu126
2025-08-06 20:15:47,829 INFO: 
  name: PFT_SRx2_Set5_training
  model_type: PFTModel
  scale: 2
  num_gpu: 1
  manual_seed: 0
  find_unused_parameters: True
  datasets:[
    train:[
      name: Set5
      type: PairedImageDataset
      dataroot_gt: datasets/TestDataSR/HR/Set5/x2
      dataroot_lq: datasets/TestDataSR/LR/LRBI/Set5/x2
      filename_tmpl: {}x2
      io_backend:[
        type: disk
      ]
      gt_size: 128
      use_hflip: True
      use_rot: True
      num_worker_per_gpu: 8
      batch_size_per_gpu: 4
      dataset_enlarge_ratio: 1
      prefetch_mode: cuda
      pin_memory: True
      persistent_workers: True
      phase: train
      scale: 2
    ]
    val_1:[
      name: Set5
      type: PairedImageDataset
      dataroot_gt: datasets/TestDataSR/HR/Set5/x2
      dataroot_lq: datasets/TestDataSR/LR/LRBI/Set5/x2
      io_backend:[
        type: disk
      ]
      phase: val
      scale: 2
    ]
    val_2:[
      name: Set14
      type: PairedImageDataset
      dataroot_gt: datasets/TestDataSR/HR/Set14/x2
      dataroot_lq: datasets/TestDataSR/LR/LRBI/Set14/x2
      io_backend:[
        type: disk
      ]
      phase: val
      scale: 2
    ]
    val_3:[
      name: BSD100
      type: PairedImageDataset
      dataroot_gt: datasets/TestDataSR/HR/B100/x2
      dataroot_lq: datasets/TestDataSR/LR/LRBI/B100/x2
      io_backend:[
        type: disk
      ]
      phase: val
      scale: 2
    ]
  ]
  network_g:[
    type: PFT
    upscale: 2
    in_chans: 3
    img_size: 64
    embed_dim: 240
    depths: [4, 4, 4, 6, 6, 6]
    num_heads: 6
    num_topk: [1024, 1024, 1024, 1024, 256, 256, 256, 256, 128, 128, 128, 128, 64, 64, 64, 64, 64, 64, 32, 32, 32, 32, 32, 32, 16, 16, 16, 16, 16, 16]
    window_size: 32
    convffn_kernel_size: 7
    img_range: 1.0
    mlp_ratio: 2.0
    upsampler: pixelshuffle
    resi_connection: 1conv
    use_checkpoint: False
  ]
  path:[
    pretrain_network_g: None
    strict_load_g: True
    resume_state: None
    experiments_root: /app/PFT-SR/experiments/PFT_SRx2_Set5_training
    models: /app/PFT-SR/experiments/PFT_SRx2_Set5_training/models
    training_states: /app/PFT-SR/experiments/PFT_SRx2_Set5_training/training_states
    log: /app/PFT-SR/experiments/PFT_SRx2_Set5_training
    visualization: /app/PFT-SR/experiments/PFT_SRx2_Set5_training/visualization
  ]
  train:[
    ema_decay: 0.999
    optim_g:[
      type: AdamW
      lr: 0.0002
      weight_decay: 0
      betas: [0.9, 0.99]
    ]
    scheduler:[
      type: MultiStepLR
      milestones: [2500, 7500, 12500, 17000, 19500]
      gamma: 0.5
    ]
    total_iter: 20000
    warmup_iter: 1000
    pixel_opt:[
      type: L1Loss
      loss_weight: 1.0
      reduction: mean
    ]
  ]
  val:[
    val_freq: 10000.0
    save_img: False
    metrics:[
      psnr:[
        type: calculate_psnr
        crop_border: 2
        test_y_channel: True
      ]
      ssim:[
        type: calculate_ssim
        crop_border: 2
        test_y_channel: True
      ]
    ]
  ]
  logger:[
    print_freq: 100
    save_checkpoint_freq: 10000.0
    use_tb_logger: True
    wandb:[
      project: None
      resume_id: None
    ]
  ]
  dist_params:[
    backend: nccl
    port: 29500
  ]
  dist: False
  rank: 0
  world_size: 1
  auto_resume: False
  is_train: True
  root_path: /app/PFT-SR

2025-08-06 20:15:47,907 INFO: Dataset [PairedImageDataset] - Set5 is built.
2025-08-06 20:15:47,907 INFO: Training statistics:
	Number of train images: 5
	Dataset enlarge ratio: 1
	Batch size per gpu: 4
	World size (gpu number): 1
	Require iter number per epoch: 2
	Total epochs: 10000; iters: 20000.
2025-08-06 20:15:47,908 INFO: Dataset [PairedImageDataset] - Set5 is built.
2025-08-06 20:15:47,908 INFO: Number of val images/folders in Set5: 5
2025-08-06 20:15:47,909 INFO: Dataset [PairedImageDataset] - Set14 is built.
2025-08-06 20:15:47,909 INFO: Number of val images/folders in Set14: 14
2025-08-06 20:15:47,913 INFO: Dataset [PairedImageDataset] - BSD100 is built.
2025-08-06 20:15:47,913 INFO: Number of val images/folders in BSD100: 100
2025-08-06 20:15:48,260 INFO: Network [PFT] is created.
2025-08-06 20:15:48,648 INFO: Network: PFT, with parameters: 19,623,527
2025-08-06 20:15:48,648 INFO: PFT(
  (conv_first): Conv2d(3, 240, kernel_size=(3, 3), stride=(1, 1), padding=(1, 1))
  (patch_embed): PatchEmbed(
    (norm): LayerNorm((240,), eps=1e-05, elementwise_affine=True)
  )
  (patch_unembed): PatchUnEmbed()
  (layers): ModuleList(
    (0-2): 3 x PFTB(
      (patch_embed): PatchEmbed()
      (patch_unembed): PatchUnEmbed()
      (residual_group): BasicBlock(
        dim=240, input_resolution=(64, 64), depth=4
        (layers): ModuleList(
          (0-3): 4 x PFTransformerLayer(
            (softmax): Softmax(dim=-1)
            (lrelu): LeakyReLU(negative_slope=0.01)
            (sigmoid): Sigmoid()
            (norm1): LayerNorm((240,), eps=1e-05, elementwise_affine=True)
            (norm2): LayerNorm((240,), eps=1e-05, elementwise_affine=True)
            (wqkv): Linear(in_features=240, out_features=720, bias=True)
            (v_LePE): dwconv(
              (depthwise_conv): Sequential(
                (0): Conv2d(240, 240, kernel_size=(7, 7), stride=(1, 1), padding=(3, 3), groups=240)
                (1): GELU(approximate='none')
              )
            )
            (attn_win): WindowAttention(
              dim=240, window_size=(32, 32), num_heads=6, qkv_bias=True
              (proj): Linear(in_features=240, out_features=240, bias=True)
              (softmax): Softmax(dim=-1)
            )
            (convffn): ConvFFN(
              (fc1): Linear(in_features=240, out_features=480, bias=True)
              (act): GELU(approximate='none')
              (dwconv): dwconv(
                (depthwise_conv): Sequential(
                  (0): Conv2d(480, 480, kernel_size=(7, 7), stride=(1, 1), padding=(3, 3), groups=480)
                  (1): GELU(approximate='none')
                )
              )
              (fc2): Linear(in_features=480, out_features=240, bias=True)
            )
          )
        )
      )
      (conv): Conv2d(240, 240, kernel_size=(3, 3), stride=(1, 1), padding=(1, 1))
    )
    (3-5): 3 x PFTB(
      (patch_embed): PatchEmbed()
      (patch_unembed): PatchUnEmbed()
      (residual_group): BasicBlock(
        dim=240, input_resolution=(64, 64), depth=6
        (layers): ModuleList(
          (0-5): 6 x PFTransformerLayer(
            (softmax): Softmax(dim=-1)
            (lrelu): LeakyReLU(negative_slope=0.01)
            (sigmoid): Sigmoid()
            (norm1): LayerNorm((240,), eps=1e-05, elementwise_affine=True)
            (norm2): LayerNorm((240,), eps=1e-05, elementwise_affine=True)
            (wqkv): Linear(in_features=240, out_features=720, bias=True)
            (v_LePE): dwconv(
              (depthwise_conv): Sequential(
                (0): Conv2d(240, 240, kernel_size=(7, 7), stride=(1, 1), padding=(3, 3), groups=240)
                (1): GELU(approximate='none')
              )
            )
            (attn_win): WindowAttention(
              dim=240, window_size=(32, 32), num_heads=6, qkv_bias=True
              (proj): Linear(in_features=240, out_features=240, bias=True)
              (softmax): Softmax(dim=-1)
            )
            (convffn): ConvFFN(
              (fc1): Linear(in_features=240, out_features=480, bias=True)
              (act): GELU(approximate='none')
              (dwconv): dwconv(
                (depthwise_conv): Sequential(
                  (0): Conv2d(480, 480, kernel_size=(7, 7), stride=(1, 1), padding=(3, 3), groups=480)
                  (1): GELU(approximate='none')
                )
              )
              (fc2): Linear(in_features=480, out_features=240, bias=True)
            )
          )
        )
      )
      (conv): Conv2d(240, 240, kernel_size=(3, 3), stride=(1, 1), padding=(1, 1))
    )
  )
  (norm): LayerNorm((240,), eps=1e-05, elementwise_affine=True)
  (conv_after_body): Conv2d(240, 240, kernel_size=(3, 3), stride=(1, 1), padding=(1, 1))
  (conv_before_upsample): Sequential(
    (0): Conv2d(240, 64, kernel_size=(3, 3), stride=(1, 1), padding=(1, 1))
    (1): LeakyReLU(negative_slope=0.01, inplace=True)
  )
  (upsample): Upsample(
    (0): Conv2d(64, 256, kernel_size=(3, 3), stride=(1, 1), padding=(1, 1))
    (1): PixelShuffle(upscale_factor=2)
  )
  (conv_last): Conv2d(64, 3, kernel_size=(3, 3), stride=(1, 1), padding=(1, 1))
)
2025-08-06 20:15:48,651 INFO: Use Exponential Moving Average with decay: 0.999
2025-08-06 20:15:48,949 INFO: Network [PFT] is created.
2025-08-06 20:15:49,325 INFO: Loss [L1Loss] is created.
2025-08-06 20:15:49,328 INFO: Model [PFTModel] is created.
2025-08-06 20:15:49,502 INFO: Use cuda prefetch dataloader
2025-08-06 20:15:49,503 INFO: Start training from epoch: 0, iter: 0
2025-08-06 20:18:34,026 INFO: [PFT_S..][epoch: 99, iter:     100, lr:(2.000e-05,)] [eta: 8:48:15, time (data): 1.645 (0.054)] l_pix: 4.5807e-02 
2025-08-06 20:21:22,922 INFO: [PFT_S..][epoch:199, iter:     200, lr:(4.000e-05,)] [eta: 9:01:23, time (data): 1.667 (0.052)] l_pix: 3.4996e-02 
