2025-08-31 20:16:33,070 INFO: 
                ____                _       _____  ____
               / __ ) ____ _ _____ (_)_____/ ___/ / __ \
              / __  |/ __ `// ___// // ___/\__ \ / /_/ /
             / /_/ // /_/ /(__  )/ // /__ ___/ // _, _/
            /_____/ \__,_//____//_/ \___//____//_/ |_|
     ______                   __   __                 __      __
    / ____/____   ____   ____/ /  / /   __  __ _____ / /__   / /
   / / __ / __ \ / __ \ / __  /  / /   / / / // ___// //_/  / /
  / /_/ // /_/ // /_/ // /_/ /  / /___/ /_/ // /__ / /<    /_/
  \____/ \____/ \____/ \____/  /_____/\____/ \___//_/|_|  (_)
    
Version Information: 
	BasicSR: 0.1.1
	PyTorch: 2.7.1+cu126
	TorchVision: 0.22.1+cu126
2025-08-31 20:16:33,070 INFO: 
  name: PFT_M_SRx2
  model_type: PFTModel
  scale: 2
  num_gpu: 1
  manual_seed: 0
  find_unused_parameters: True
  datasets:[
    train:[
      name: Monash_Guns_Dataset
      type: PairedImageDataset
      dataroot_gt: datasets/Monash_Guns_Dataset/HR
      dataroot_lq: datasets/Monash_Guns_Dataset/LR
      filename_tmpl: {}x2
      io_backend:[
        type: disk
      ]
      gt_size: 128
      use_hflip: True
      use_rot: True
      num_worker_per_gpu: 8
      batch_size_per_gpu: 8
      dataset_enlarge_ratio: 1
      prefetch_mode: cuda
      pin_memory: True
      persistent_workers: True
      phase: train
      scale: 2
    ]
    val_1:[
      name: Set5
      type: PairedImageDataset
      dataroot_gt: datasets/TestDataSR/HR/Set5/x2
      dataroot_lq: datasets/TestDataSR/LR/LRBI/Set5/x2
      io_backend:[
        type: disk
      ]
      phase: val
      scale: 2
    ]
    val_2:[
      name: Set14
      type: PairedImageDataset
      dataroot_gt: datasets/TestDataSR/HR/Set14/x2
      dataroot_lq: datasets/TestDataSR/LR/LRBI/Set14/x2
      io_backend:[
        type: disk
      ]
      phase: val
      scale: 2
    ]
    val_3:[
      name: BSD100
      type: PairedImageDataset
      dataroot_gt: datasets/TestDataSR/HR/B100/x2
      dataroot_lq: datasets/TestDataSR/LR/LRBI/B100/x2
      io_backend:[
        type: disk
      ]
      phase: val
      scale: 2
    ]
  ]
  network_g:[
    type: PFT
    upscale: 2
    in_chans: 3
    img_size: 64
    embed_dim: 120
    depths: [2, 4, 4, 6, 6, 6]
    num_heads: 5
    num_topk: [1024, 1024, 256, 256, 256, 256, 128, 128, 128, 128, 64, 64, 64, 64, 64, 64, 32, 32, 32, 32, 32, 32, 16, 16, 16, 16, 16, 16]
    window_size: 32
    convffn_kernel_size: 7
    img_range: 1.0
    mlp_ratio: 2.0
    upsampler: pixelshuffle
    resi_connection: 1conv
    use_checkpoint: False
  ]
  path:[
    pretrain_network_g: None
    strict_load_g: True
    resume_state: None
    experiments_root: /app/PFT-SR/experiments/PFT_M_SRx2
    models: /app/PFT-SR/experiments/PFT_M_SRx2/models
    training_states: /app/PFT-SR/experiments/PFT_M_SRx2/training_states
    log: /app/PFT-SR/experiments/PFT_M_SRx2
    visualization: /app/PFT-SR/experiments/PFT_M_SRx2/visualization
  ]
  train:[
    ema_decay: 0.999
    optim_g:[
      type: AdamW
      lr: 0.0002
      weight_decay: 0
      betas: [0.9, 0.99]
    ]
    scheduler:[
      type: MultiStepLR
      milestones: [100000, 200000, 300000]
      gamma: 0.5
    ]
    total_iter: 400000
    warmup_iter: 2000
    pixel_opt:[
      type: L1Loss
      loss_weight: 1.0
      reduction: mean
    ]
  ]
  val:[
    val_freq: 10000.0
    save_img: False
    metrics:[
      psnr:[
        type: calculate_psnr
        crop_border: 2
        test_y_channel: True
      ]
      ssim:[
        type: calculate_ssim
        crop_border: 2
        test_y_channel: True
      ]
    ]
  ]
  logger:[
    print_freq: 100
    save_checkpoint_freq: 10000.0
    use_tb_logger: True
    wandb:[
      project: None
      resume_id: None
    ]
  ]
  dist_params:[
    backend: nccl
    port: 29500
  ]
  dist: False
  rank: 0
  world_size: 1
  auto_resume: False
  is_train: True
  root_path: /app/PFT-SR

2025-08-31 20:16:33,293 INFO: Dataset [PairedImageDataset] - Monash_Guns_Dataset is built.
2025-08-31 20:16:33,293 INFO: Training statistics:
	Number of train images: 2857
	Dataset enlarge ratio: 1
	Batch size per gpu: 8
	World size (gpu number): 1
	Require iter number per epoch: 358
	Total epochs: 1118; iters: 400000.
2025-08-31 20:16:33,294 INFO: Dataset [PairedImageDataset] - Set5 is built.
2025-08-31 20:16:33,294 INFO: Number of val images/folders in Set5: 5
2025-08-31 20:16:33,295 INFO: Dataset [PairedImageDataset] - Set14 is built.
2025-08-31 20:16:33,295 INFO: Number of val images/folders in Set14: 14
2025-08-31 20:16:33,299 INFO: Dataset [PairedImageDataset] - BSD100 is built.
2025-08-31 20:16:33,299 INFO: Number of val images/folders in BSD100: 100
2025-08-31 20:16:33,432 INFO: Network [PFT] is created.
2025-08-31 20:16:33,599 INFO: Network: PFT, with parameters: 5,452,727
2025-08-31 20:16:33,599 INFO: PFT(
  (conv_first): Conv2d(3, 120, kernel_size=(3, 3), stride=(1, 1), padding=(1, 1))
  (patch_embed): PatchEmbed(
    (norm): LayerNorm((120,), eps=1e-05, elementwise_affine=True)
  )
  (patch_unembed): PatchUnEmbed()
  (layers): ModuleList(
    (0): PFTB(
      (patch_embed): PatchEmbed()
      (patch_unembed): PatchUnEmbed()
      (residual_group): BasicBlock(
        dim=120, input_resolution=(64, 64), depth=2
        (layers): ModuleList(
          (0-1): 2 x PFTransformerLayer(
            (softmax): Softmax(dim=-1)
            (lrelu): LeakyReLU(negative_slope=0.01)
            (sigmoid): Sigmoid()
            (norm1): LayerNorm((120,), eps=1e-05, elementwise_affine=True)
            (norm2): LayerNorm((120,), eps=1e-05, elementwise_affine=True)
            (wqkv): Linear(in_features=120, out_features=360, bias=True)
            (v_LePE): dwconv(
              (depthwise_conv): Sequential(
                (0): Conv2d(120, 120, kernel_size=(7, 7), stride=(1, 1), padding=(3, 3), groups=120)
                (1): GELU(approximate='none')
              )
            )
            (attn_win): WindowAttention(
              dim=120, window_size=(32, 32), num_heads=5, qkv_bias=True
              (proj): Linear(in_features=120, out_features=120, bias=True)
              (softmax): Softmax(dim=-1)
            )
            (convffn): ConvFFN(
              (fc1): Linear(in_features=120, out_features=240, bias=True)
              (act): GELU(approximate='none')
              (dwconv): dwconv(
                (depthwise_conv): Sequential(
                  (0): Conv2d(240, 240, kernel_size=(7, 7), stride=(1, 1), padding=(3, 3), groups=240)
                  (1): GELU(approximate='none')
                )
              )
              (fc2): Linear(in_features=240, out_features=120, bias=True)
            )
          )
        )
      )
      (conv): Conv2d(120, 120, kernel_size=(3, 3), stride=(1, 1), padding=(1, 1))
    )
    (1-2): 2 x PFTB(
      (patch_embed): PatchEmbed()
      (patch_unembed): PatchUnEmbed()
      (residual_group): BasicBlock(
        dim=120, input_resolution=(64, 64), depth=4
        (layers): ModuleList(
          (0-3): 4 x PFTransformerLayer(
            (softmax): Softmax(dim=-1)
            (lrelu): LeakyReLU(negative_slope=0.01)
            (sigmoid): Sigmoid()
            (norm1): LayerNorm((120,), eps=1e-05, elementwise_affine=True)
            (norm2): LayerNorm((120,), eps=1e-05, elementwise_affine=True)
            (wqkv): Linear(in_features=120, out_features=360, bias=True)
            (v_LePE): dwconv(
              (depthwise_conv): Sequential(
                (0): Conv2d(120, 120, kernel_size=(7, 7), stride=(1, 1), padding=(3, 3), groups=120)
                (1): GELU(approximate='none')
              )
            )
            (attn_win): WindowAttention(
              dim=120, window_size=(32, 32), num_heads=5, qkv_bias=True
              (proj): Linear(in_features=120, out_features=120, bias=True)
              (softmax): Softmax(dim=-1)
            )
            (convffn): ConvFFN(
              (fc1): Linear(in_features=120, out_features=240, bias=True)
              (act): GELU(approximate='none')
              (dwconv): dwconv(
                (depthwise_conv): Sequential(
                  (0): Conv2d(240, 240, kernel_size=(7, 7), stride=(1, 1), padding=(3, 3), groups=240)
                  (1): GELU(approximate='none')
                )
              )
              (fc2): Linear(in_features=240, out_features=120, bias=True)
            )
          )
        )
      )
      (conv): Conv2d(120, 120, kernel_size=(3, 3), stride=(1, 1), padding=(1, 1))
    )
    (3-5): 3 x PFTB(
      (patch_embed): PatchEmbed()
      (patch_unembed): PatchUnEmbed()
      (residual_group): BasicBlock(
        dim=120, input_resolution=(64, 64), depth=6
        (layers): ModuleList(
          (0-5): 6 x PFTransformerLayer(
            (softmax): Softmax(dim=-1)
            (lrelu): LeakyReLU(negative_slope=0.01)
            (sigmoid): Sigmoid()
            (norm1): LayerNorm((120,), eps=1e-05, elementwise_affine=True)
            (norm2): LayerNorm((120,), eps=1e-05, elementwise_affine=True)
            (wqkv): Linear(in_features=120, out_features=360, bias=True)
            (v_LePE): dwconv(
              (depthwise_conv): Sequential(
                (0): Conv2d(120, 120, kernel_size=(7, 7), stride=(1, 1), padding=(3, 3), groups=120)
                (1): GELU(approximate='none')
              )
            )
            (attn_win): WindowAttention(
              dim=120, window_size=(32, 32), num_heads=5, qkv_bias=True
              (proj): Linear(in_features=120, out_features=120, bias=True)
              (softmax): Softmax(dim=-1)
            )
            (convffn): ConvFFN(
              (fc1): Linear(in_features=120, out_features=240, bias=True)
              (act): GELU(approximate='none')
              (dwconv): dwconv(
                (depthwise_conv): Sequential(
                  (0): Conv2d(240, 240, kernel_size=(7, 7), stride=(1, 1), padding=(3, 3), groups=240)
                  (1): GELU(approximate='none')
                )
              )
              (fc2): Linear(in_features=240, out_features=120, bias=True)
            )
          )
        )
      )
      (conv): Conv2d(120, 120, kernel_size=(3, 3), stride=(1, 1), padding=(1, 1))
    )
  )
  (norm): LayerNorm((120,), eps=1e-05, elementwise_affine=True)
  (conv_after_body): Conv2d(120, 120, kernel_size=(3, 3), stride=(1, 1), padding=(1, 1))
  (conv_before_upsample): Sequential(
    (0): Conv2d(120, 64, kernel_size=(3, 3), stride=(1, 1), padding=(1, 1))
    (1): LeakyReLU(negative_slope=0.01, inplace=True)
  )
  (upsample): Upsample(
    (0): Conv2d(64, 256, kernel_size=(3, 3), stride=(1, 1), padding=(1, 1))
    (1): PixelShuffle(upscale_factor=2)
  )
  (conv_last): Conv2d(64, 3, kernel_size=(3, 3), stride=(1, 1), padding=(1, 1))
)
2025-08-31 20:16:33,602 INFO: Use Exponential Moving Average with decay: 0.999
2025-08-31 20:16:33,721 INFO: Network [PFT] is created.
2025-08-31 20:16:33,773 INFO: Loss [L1Loss] is created.
2025-08-31 20:16:33,775 INFO: Model [PFTModel] is created.
2025-08-31 20:16:33,961 INFO: Use cuda prefetch dataloader
2025-08-31 20:16:33,961 INFO: Start training from epoch: 0, iter: 0
2025-08-31 20:18:26,230 INFO: [PFT_M..][epoch:  0, iter:     100, lr:(1.000e-05,)] [eta: 5 days, 0:30:30, time (data): 1.123 (0.001)] l_pix: 6.0975e-02 
2025-08-31 20:20:18,070 INFO: [PFT_M..][epoch:  0, iter:     200, lr:(2.000e-05,)] [eta: 5 days, 2:19:56, time (data): 1.121 (0.001)] l_pix: 4.2624e-02 
2025-08-31 20:22:10,217 INFO: [PFT_M..][epoch:  0, iter:     300, lr:(3.000e-05,)] [eta: 5 days, 3:02:12, time (data): 1.122 (0.001)] l_pix: 3.9549e-02 
2025-08-31 20:24:02,207 INFO: [PFT_M..][epoch:  1, iter:     400, lr:(4.000e-05,)] [eta: 5 days, 3:19:50, time (data): 1.121 (0.001)] l_pix: 2.9586e-02 
2025-08-31 20:25:53,640 INFO: [PFT_M..][epoch:  1, iter:     500, lr:(5.000e-05,)] [eta: 5 days, 3:22:18, time (data): 1.114 (0.001)] l_pix: 2.4042e-02 
2025-08-31 20:27:44,959 INFO: [PFT_M..][epoch:  1, iter:     600, lr:(6.000e-05,)] [eta: 5 days, 3:22:02, time (data): 1.114 (0.001)] l_pix: 2.3635e-02 
2025-08-31 20:29:36,211 INFO: [PFT_M..][epoch:  1, iter:     700, lr:(7.000e-05,)] [eta: 5 days, 3:20:42, time (data): 1.112 (0.001)] l_pix: 2.7596e-02 
2025-08-31 20:31:27,443 INFO: [PFT_M..][epoch:  2, iter:     800, lr:(8.000e-05,)] [eta: 5 days, 3:19:04, time (data): 1.112 (0.001)] l_pix: 2.2517e-02 
2025-08-31 20:33:18,133 INFO: [PFT_M..][epoch:  2, iter:     900, lr:(9.000e-05,)] [eta: 5 days, 3:13:23, time (data): 1.107 (0.001)] l_pix: 2.1226e-02 
2025-08-31 20:35:07,376 INFO: [PFT_M..][epoch:  2, iter:   1,000, lr:(1.000e-04,)] [eta: 5 days, 2:58:52, time (data): 1.099 (0.001)] l_pix: 2.8289e-02 
2025-08-31 20:36:56,669 INFO: [PFT_M..][epoch:  3, iter:   1,100, lr:(1.100e-04,)] [eta: 5 days, 2:46:56, time (data): 1.093 (0.001)] l_pix: 2.0465e-02 
2025-08-31 20:38:45,684 INFO: [PFT_M..][epoch:  3, iter:   1,200, lr:(1.200e-04,)] [eta: 5 days, 2:35:10, time (data): 1.091 (0.001)] l_pix: 2.4027e-02 
2025-08-31 20:40:34,638 INFO: [PFT_M..][epoch:  3, iter:   1,300, lr:(1.300e-04,)] [eta: 5 days, 2:24:36, time (data): 1.089 (0.000)] l_pix: 2.6080e-02 
2025-08-31 20:42:23,066 INFO: [PFT_M..][epoch:  3, iter:   1,400, lr:(1.400e-04,)] [eta: 5 days, 2:12:48, time (data): 1.087 (0.000)] l_pix: 2.3142e-02 
2025-08-31 20:44:10,906 INFO: [PFT_M..][epoch:  4, iter:   1,500, lr:(1.500e-04,)] [eta: 5 days, 1:59:44, time (data): 1.079 (0.001)] l_pix: 2.5945e-02 
2025-08-31 20:45:58,061 INFO: [PFT_M..][epoch:  4, iter:   1,600, lr:(1.600e-04,)] [eta: 5 days, 1:45:13, time (data): 1.075 (0.001)] l_pix: 2.9809e-02 
2025-08-31 20:47:45,298 INFO: [PFT_M..][epoch:  4, iter:   1,700, lr:(1.700e-04,)] [eta: 5 days, 1:32:32, time (data): 1.073 (0.000)] l_pix: 2.0899e-02 
2025-08-31 20:49:32,460 INFO: [PFT_M..][epoch:  5, iter:   1,800, lr:(1.800e-04,)] [eta: 5 days, 1:20:47, time (data): 1.072 (0.001)] l_pix: 1.9660e-02 
2025-08-31 20:51:19,545 INFO: [PFT_M..][epoch:  5, iter:   1,900, lr:(1.900e-04,)] [eta: 5 days, 1:09:48, time (data): 1.071 (0.000)] l_pix: 2.0141e-02 
2025-08-31 20:53:06,311 INFO: [PFT_M..][epoch:  5, iter:   2,000, lr:(1.999e-04,)] [eta: 5 days, 0:58:41, time (data): 1.069 (0.000)] l_pix: 1.4625e-02 
2025-08-31 20:54:52,667 INFO: [PFT_M..][epoch:  5, iter:   2,100, lr:(1.999e-04,)] [eta: 5 days, 0:47:10, time (data): 1.064 (0.000)] l_pix: 2.2678e-02 
2025-08-31 20:56:39,337 INFO: [PFT_M..][epoch:  6, iter:   2,200, lr:(1.999e-04,)] [eta: 5 days, 0:37:29, time (data): 1.065 (0.001)] l_pix: 2.3943e-02 
2025-08-31 20:58:25,474 INFO: [PFT_M..][epoch:  6, iter:   2,300, lr:(1.999e-04,)] [eta: 5 days, 0:26:57, time (data): 1.062 (0.000)] l_pix: 1.6612e-02 
2025-08-31 21:00:11,554 INFO: [PFT_M..][epoch:  6, iter:   2,400, lr:(1.999e-04,)] [eta: 5 days, 0:16:59, time (data): 1.061 (0.000)] l_pix: 1.0677e-02 
2025-08-31 21:01:57,648 INFO: [PFT_M..][epoch:  7, iter:   2,500, lr:(1.999e-04,)] [eta: 5 days, 0:07:43, time (data): 1.061 (0.001)] l_pix: 2.2429e-02 
2025-08-31 21:03:43,942 INFO: [PFT_M..][epoch:  7, iter:   2,600, lr:(1.999e-04,)] [eta: 4 days, 23:59:32, time (data): 1.062 (0.001)] l_pix: 1.6528e-02 
2025-08-31 21:05:30,291 INFO: [PFT_M..][epoch:  7, iter:   2,700, lr:(1.999e-04,)] [eta: 4 days, 23:51:57, time (data): 1.063 (0.000)] l_pix: 2.5036e-02 
2025-08-31 21:07:16,771 INFO: [PFT_M..][epoch:  7, iter:   2,800, lr:(1.999e-04,)] [eta: 4 days, 23:45:06, time (data): 1.064 (0.000)] l_pix: 1.8915e-02 
2025-08-31 21:09:03,124 INFO: [PFT_M..][epoch:  8, iter:   2,900, lr:(1.999e-04,)] [eta: 4 days, 23:38:19, time (data): 1.064 (0.001)] l_pix: 1.7624e-02 
2025-08-31 21:10:49,218 INFO: [PFT_M..][epoch:  8, iter:   3,000, lr:(1.999e-04,)] [eta: 4 days, 23:31:17, time (data): 1.062 (0.001)] l_pix: 1.6812e-02 
2025-08-31 21:12:35,173 INFO: [PFT_M..][epoch:  8, iter:   3,100, lr:(1.999e-04,)] [eta: 4 days, 23:24:18, time (data): 1.059 (0.000)] l_pix: 1.5626e-02 
2025-08-31 21:14:21,212 INFO: [PFT_M..][epoch:  8, iter:   3,200, lr:(1.999e-04,)] [eta: 4 days, 23:17:49, time (data): 1.060 (0.000)] l_pix: 2.3345e-02 
2025-08-31 21:16:07,183 INFO: [PFT_M..][epoch:  9, iter:   3,300, lr:(1.999e-04,)] [eta: 4 days, 23:11:29, time (data): 1.059 (0.000)] l_pix: 1.7622e-02 
2025-08-31 21:17:52,909 INFO: [PFT_M..][epoch:  9, iter:   3,400, lr:(1.999e-04,)] [eta: 4 days, 23:04:56, time (data): 1.058 (0.000)] l_pix: 1.5943e-02 
2025-08-31 21:19:38,599 INFO: [PFT_M..][epoch:  9, iter:   3,500, lr:(1.999e-04,)] [eta: 4 days, 22:58:36, time (data): 1.056 (0.000)] l_pix: 1.7854e-02 
2025-08-31 21:21:24,293 INFO: [PFT_M..][epoch: 10, iter:   3,600, lr:(1.999e-04,)] [eta: 4 days, 22:52:31, time (data): 1.057 (0.001)] l_pix: 1.7436e-02 
2025-08-31 21:23:10,200 INFO: [PFT_M..][epoch: 10, iter:   3,700, lr:(1.999e-04,)] [eta: 4 days, 22:47:03, time (data): 1.059 (0.000)] l_pix: 1.1885e-02 
2025-08-31 21:24:56,065 INFO: [PFT_M..][epoch: 10, iter:   3,800, lr:(1.999e-04,)] [eta: 4 days, 22:41:43, time (data): 1.059 (0.000)] l_pix: 1.7498e-02 
2025-08-31 21:26:42,106 INFO: [PFT_M..][epoch: 10, iter:   3,900, lr:(1.999e-04,)] [eta: 4 days, 22:36:51, time (data): 1.060 (0.000)] l_pix: 1.6779e-02 
2025-08-31 21:28:28,298 INFO: [PFT_M..][epoch: 11, iter:   4,000, lr:(1.999e-04,)] [eta: 4 days, 22:32:24, time (data): 1.061 (0.001)] l_pix: 2.4599e-02 
2025-08-31 21:30:14,283 INFO: [PFT_M..][epoch: 11, iter:   4,100, lr:(1.999e-04,)] [eta: 4 days, 22:27:44, time (data): 1.060 (0.000)] l_pix: 1.4481e-02 
2025-08-31 21:32:00,303 INFO: [PFT_M..][epoch: 11, iter:   4,200, lr:(1.999e-04,)] [eta: 4 days, 22:23:17, time (data): 1.060 (0.000)] l_pix: 2.5263e-02 
2025-08-31 21:33:46,429 INFO: [PFT_M..][epoch: 12, iter:   4,300, lr:(1.999e-04,)] [eta: 4 days, 22:19:06, time (data): 1.061 (0.002)] l_pix: 1.3749e-02 
2025-08-31 21:35:32,609 INFO: [PFT_M..][epoch: 12, iter:   4,400, lr:(1.999e-04,)] [eta: 4 days, 22:15:07, time (data): 1.062 (0.001)] l_pix: 2.1932e-02 
2025-08-31 21:37:18,611 INFO: [PFT_M..][epoch: 12, iter:   4,500, lr:(1.999e-04,)] [eta: 4 days, 22:10:58, time (data): 1.060 (0.000)] l_pix: 2.1805e-02 
2025-08-31 21:39:04,600 INFO: [PFT_M..][epoch: 12, iter:   4,600, lr:(1.999e-04,)] [eta: 4 days, 22:06:54, time (data): 1.060 (0.000)] l_pix: 1.7377e-02 
2025-08-31 21:40:50,499 INFO: [PFT_M..][epoch: 13, iter:   4,700, lr:(1.999e-04,)] [eta: 4 days, 22:02:48, time (data): 1.059 (0.002)] l_pix: 1.3917e-02 
2025-08-31 21:42:36,740 INFO: [PFT_M..][epoch: 13, iter:   4,800, lr:(1.999e-04,)] [eta: 4 days, 21:59:17, time (data): 1.061 (0.001)] l_pix: 1.4609e-02 
2025-08-31 21:44:22,871 INFO: [PFT_M..][epoch: 13, iter:   4,900, lr:(1.999e-04,)] [eta: 4 days, 21:55:40, time (data): 1.061 (0.000)] l_pix: 2.5182e-02 
2025-08-31 21:46:08,814 INFO: [PFT_M..][epoch: 14, iter:   5,000, lr:(1.999e-04,)] [eta: 4 days, 21:51:54, time (data): 1.060 (0.001)] l_pix: 2.6564e-02 
2025-08-31 21:47:54,685 INFO: [PFT_M..][epoch: 14, iter:   5,100, lr:(1.999e-04,)] [eta: 4 days, 21:48:06, time (data): 1.058 (0.000)] l_pix: 1.1578e-02 
2025-08-31 21:49:40,729 INFO: [PFT_M..][epoch: 14, iter:   5,200, lr:(1.999e-04,)] [eta: 4 days, 21:44:37, time (data): 1.059 (0.000)] l_pix: 1.8494e-02 
2025-08-31 21:51:26,599 INFO: [PFT_M..][epoch: 14, iter:   5,300, lr:(1.999e-04,)] [eta: 4 days, 21:40:58, time (data): 1.058 (0.000)] l_pix: 1.8425e-02 
2025-08-31 21:53:12,697 INFO: [PFT_M..][epoch: 15, iter:   5,400, lr:(1.999e-04,)] [eta: 4 days, 21:37:40, time (data): 1.060 (0.001)] l_pix: 1.6453e-02 
2025-08-31 21:54:58,669 INFO: [PFT_M..][epoch: 15, iter:   5,500, lr:(1.999e-04,)] [eta: 4 days, 21:34:17, time (data): 1.059 (0.000)] l_pix: 1.4041e-02 
2025-08-31 21:56:44,396 INFO: [PFT_M..][epoch: 15, iter:   5,600, lr:(1.999e-04,)] [eta: 4 days, 21:30:39, time (data): 1.058 (0.000)] l_pix: 9.2300e-03 
2025-08-31 21:58:30,051 INFO: [PFT_M..][epoch: 15, iter:   5,700, lr:(1.999e-04,)] [eta: 4 days, 21:27:01, time (data): 1.057 (0.000)] l_pix: 2.3144e-02 
2025-08-31 22:00:16,137 INFO: [PFT_M..][epoch: 16, iter:   5,800, lr:(1.999e-04,)] [eta: 4 days, 21:23:56, time (data): 1.059 (0.001)] l_pix: 2.8502e-02 
2025-08-31 22:02:01,951 INFO: [PFT_M..][epoch: 16, iter:   5,900, lr:(1.999e-04,)] [eta: 4 days, 21:20:35, time (data): 1.056 (0.000)] l_pix: 2.1373e-02 
2025-08-31 22:03:47,743 INFO: [PFT_M..][epoch: 16, iter:   6,000, lr:(1.999e-04,)] [eta: 4 days, 21:17:16, time (data): 1.057 (0.000)] l_pix: 1.3344e-02 
2025-08-31 22:05:33,571 INFO: [PFT_M..][epoch: 17, iter:   6,100, lr:(1.999e-04,)] [eta: 4 days, 21:14:02, time (data): 1.059 (0.002)] l_pix: 1.5750e-02 
2025-08-31 22:07:19,097 INFO: [PFT_M..][epoch: 17, iter:   6,200, lr:(1.999e-04,)] [eta: 4 days, 21:10:32, time (data): 1.057 (0.001)] l_pix: 1.4836e-02 
2025-08-31 22:09:04,831 INFO: [PFT_M..][epoch: 17, iter:   6,300, lr:(1.999e-04,)] [eta: 4 days, 21:07:19, time (data): 1.057 (0.000)] l_pix: 1.0863e-02 
2025-08-31 22:10:50,611 INFO: [PFT_M..][epoch: 17, iter:   6,400, lr:(1.999e-04,)] [eta: 4 days, 21:04:11, time (data): 1.057 (0.000)] l_pix: 1.2559e-02 
2025-08-31 22:12:36,390 INFO: [PFT_M..][epoch: 18, iter:   6,500, lr:(1.999e-04,)] [eta: 4 days, 21:01:05, time (data): 1.057 (0.000)] l_pix: 1.1211e-02 
2025-08-31 22:14:21,919 INFO: [PFT_M..][epoch: 18, iter:   6,600, lr:(1.999e-04,)] [eta: 4 days, 20:57:47, time (data): 1.056 (0.000)] l_pix: 1.6948e-02 
2025-08-31 22:16:07,433 INFO: [PFT_M..][epoch: 18, iter:   6,700, lr:(1.999e-04,)] [eta: 4 days, 20:54:31, time (data): 1.055 (0.000)] l_pix: 1.2817e-02 
2025-08-31 22:17:53,219 INFO: [PFT_M..][epoch: 19, iter:   6,800, lr:(1.999e-04,)] [eta: 4 days, 20:51:33, time (data): 1.057 (0.001)] l_pix: 1.0071e-02 
2025-08-31 22:19:38,817 INFO: [PFT_M..][epoch: 19, iter:   6,900, lr:(1.999e-04,)] [eta: 4 days, 20:48:26, time (data): 1.056 (0.000)] l_pix: 1.3050e-02 
2025-08-31 22:21:24,480 INFO: [PFT_M..][epoch: 19, iter:   7,000, lr:(1.999e-04,)] [eta: 4 days, 20:45:26, time (data): 1.056 (0.000)] l_pix: 8.3855e-03 
2025-08-31 22:23:09,852 INFO: [PFT_M..][epoch: 19, iter:   7,100, lr:(1.999e-04,)] [eta: 4 days, 20:42:12, time (data): 1.053 (0.000)] l_pix: 1.2099e-02 
2025-08-31 22:24:55,262 INFO: [PFT_M..][epoch: 20, iter:   7,200, lr:(1.999e-04,)] [eta: 4 days, 20:39:02, time (data): 1.054 (0.001)] l_pix: 1.7331e-02 
2025-08-31 22:26:40,905 INFO: [PFT_M..][epoch: 20, iter:   7,300, lr:(1.999e-04,)] [eta: 4 days, 20:36:07, time (data): 1.058 (0.000)] l_pix: 1.2384e-02 
2025-08-31 22:28:26,479 INFO: [PFT_M..][epoch: 20, iter:   7,400, lr:(1.999e-04,)] [eta: 4 days, 20:33:10, time (data): 1.056 (0.000)] l_pix: 1.0548e-02 
2025-08-31 22:30:11,929 INFO: [PFT_M..][epoch: 21, iter:   7,500, lr:(1.999e-04,)] [eta: 4 days, 20:30:08, time (data): 1.053 (0.002)] l_pix: 1.4489e-02 
2025-08-31 22:31:57,580 INFO: [PFT_M..][epoch: 21, iter:   7,600, lr:(1.999e-04,)] [eta: 4 days, 20:27:19, time (data): 1.055 (0.001)] l_pix: 1.3877e-02 
2025-08-31 22:33:42,822 INFO: [PFT_M..][epoch: 21, iter:   7,700, lr:(1.999e-04,)] [eta: 4 days, 20:24:11, time (data): 1.055 (0.000)] l_pix: 1.7778e-02 
2025-08-31 22:35:28,205 INFO: [PFT_M..][epoch: 21, iter:   7,800, lr:(1.999e-04,)] [eta: 4 days, 20:21:12, time (data): 1.054 (0.000)] l_pix: 1.9090e-02 
2025-08-31 22:37:13,781 INFO: [PFT_M..][epoch: 22, iter:   7,900, lr:(1.999e-04,)] [eta: 4 days, 20:18:24, time (data): 1.054 (0.002)] l_pix: 1.3869e-02 
2025-08-31 22:38:59,144 INFO: [PFT_M..][epoch: 22, iter:   8,000, lr:(1.999e-04,)] [eta: 4 days, 20:15:28, time (data): 1.054 (0.001)] l_pix: 1.3790e-02 
2025-08-31 22:40:44,615 INFO: [PFT_M..][epoch: 22, iter:   8,100, lr:(1.999e-04,)] [eta: 4 days, 20:12:38, time (data): 1.054 (0.000)] l_pix: 1.0902e-02 
2025-08-31 22:42:30,257 INFO: [PFT_M..][epoch: 22, iter:   8,200, lr:(1.999e-04,)] [eta: 4 days, 20:09:59, time (data): 1.056 (0.000)] l_pix: 1.6207e-02 
2025-08-31 22:44:15,674 INFO: [PFT_M..][epoch: 23, iter:   8,300, lr:(1.999e-04,)] [eta: 4 days, 20:07:10, time (data): 1.053 (0.000)] l_pix: 9.5152e-03 
2025-08-31 22:46:01,091 INFO: [PFT_M..][epoch: 23, iter:   8,400, lr:(1.999e-04,)] [eta: 4 days, 20:04:22, time (data): 1.054 (0.000)] l_pix: 7.7105e-03 
2025-08-31 22:47:46,457 INFO: [PFT_M..][epoch: 23, iter:   8,500, lr:(1.999e-04,)] [eta: 4 days, 20:01:34, time (data): 1.054 (0.000)] l_pix: 1.7283e-02 
2025-08-31 22:49:31,946 INFO: [PFT_M..][epoch: 24, iter:   8,600, lr:(1.999e-04,)] [eta: 4 days, 19:58:52, time (data): 1.055 (0.001)] l_pix: 1.3415e-02 
2025-08-31 22:51:17,251 INFO: [PFT_M..][epoch: 24, iter:   8,700, lr:(1.999e-04,)] [eta: 4 days, 19:56:04, time (data): 1.053 (0.000)] l_pix: 1.7525e-02 
2025-08-31 22:53:02,425 INFO: [PFT_M..][epoch: 24, iter:   8,800, lr:(1.999e-04,)] [eta: 4 days, 19:53:11, time (data): 1.052 (0.000)] l_pix: 1.2026e-02 
2025-08-31 22:54:47,807 INFO: [PFT_M..][epoch: 24, iter:   8,900, lr:(1.999e-04,)] [eta: 4 days, 19:50:29, time (data): 1.054 (0.000)] l_pix: 1.4353e-02 
2025-08-31 22:56:33,370 INFO: [PFT_M..][epoch: 25, iter:   9,000, lr:(1.999e-04,)] [eta: 4 days, 19:47:56, time (data): 1.055 (0.001)] l_pix: 1.1383e-02 
2025-08-31 22:58:18,838 INFO: [PFT_M..][epoch: 25, iter:   9,100, lr:(1.999e-04,)] [eta: 4 days, 19:45:20, time (data): 1.056 (0.000)] l_pix: 1.1598e-02 
2025-08-31 23:00:04,080 INFO: [PFT_M..][epoch: 25, iter:   9,200, lr:(1.999e-04,)] [eta: 4 days, 19:42:35, time (data): 1.054 (0.000)] l_pix: 1.2563e-02 
2025-08-31 23:01:49,678 INFO: [PFT_M..][epoch: 26, iter:   9,300, lr:(1.999e-04,)] [eta: 4 days, 19:40:07, time (data): 1.057 (0.002)] l_pix: 1.6217e-02 
2025-08-31 23:03:34,896 INFO: [PFT_M..][epoch: 26, iter:   9,400, lr:(1.999e-04,)] [eta: 4 days, 19:37:24, time (data): 1.054 (0.001)] l_pix: 2.3162e-02 
2025-08-31 23:05:20,280 INFO: [PFT_M..][epoch: 26, iter:   9,500, lr:(1.999e-04,)] [eta: 4 days, 19:34:49, time (data): 1.053 (0.000)] l_pix: 1.8252e-02 
2025-08-31 23:07:05,488 INFO: [PFT_M..][epoch: 26, iter:   9,600, lr:(1.999e-04,)] [eta: 4 days, 19:32:07, time (data): 1.052 (0.000)] l_pix: 1.2235e-02 
2025-08-31 23:08:51,098 INFO: [PFT_M..][epoch: 27, iter:   9,700, lr:(1.999e-04,)] [eta: 4 days, 19:29:44, time (data): 1.057 (0.000)] l_pix: 9.1563e-03 
2025-08-31 23:10:36,449 INFO: [PFT_M..][epoch: 27, iter:   9,800, lr:(1.999e-04,)] [eta: 4 days, 19:27:10, time (data): 1.055 (0.000)] l_pix: 1.3495e-02 
2025-08-31 23:12:21,776 INFO: [PFT_M..][epoch: 27, iter:   9,900, lr:(1.999e-04,)] [eta: 4 days, 19:24:37, time (data): 1.053 (0.000)] l_pix: 9.2794e-03 
2025-08-31 23:14:07,578 INFO: [PFT_M..][epoch: 28, iter:  10,000, lr:(1.999e-04,)] [eta: 4 days, 19:22:23, time (data): 1.056 (0.001)] l_pix: 1.6001e-02 
2025-08-31 23:14:07,578 INFO: Saving models and training states.
2025-08-31 23:14:07,867 WARNING: Multiple validation datasets are *only* supported by SRModel.
2025-08-31 23:14:11,353 INFO: Validation Set5
	 # psnr: 34.5888	Best: 34.5888 @ 10000 iter
	 # ssim: 0.9335	Best: 0.9335 @ 10000 iter

2025-08-31 23:14:28,140 INFO: Validation Set14
	 # psnr: 30.9491	Best: 30.9491 @ 10000 iter
	 # ssim: 0.8703	Best: 0.8703 @ 10000 iter

2025-08-31 23:15:31,480 INFO: Validation BSD100
	 # psnr: 30.0746	Best: 30.0746 @ 10000 iter
	 # ssim: 0.8451	Best: 0.8451 @ 10000 iter

2025-08-31 23:17:16,276 INFO: [PFT_M..][epoch: 28, iter:  10,100, lr:(1.999e-04,)] [eta: 4 days, 20:13:29, time (data): 1.049 (0.000)] l_pix: 1.8986e-02 
2025-08-31 23:19:01,089 INFO: [PFT_M..][epoch: 28, iter:  10,200, lr:(1.999e-04,)] [eta: 4 days, 20:10:06, time (data): 1.048 (0.000)] l_pix: 1.2695e-02 
2025-08-31 23:20:45,764 INFO: [PFT_M..][epoch: 28, iter:  10,300, lr:(1.999e-04,)] [eta: 4 days, 20:06:40, time (data): 1.045 (0.000)] l_pix: 1.0760e-02 
2025-08-31 23:22:30,582 INFO: [PFT_M..][epoch: 29, iter:  10,400, lr:(1.999e-04,)] [eta: 4 days, 20:03:21, time (data): 1.047 (0.001)] l_pix: 9.4978e-03 
2025-08-31 23:24:15,077 INFO: [PFT_M..][epoch: 29, iter:  10,500, lr:(1.999e-04,)] [eta: 4 days, 19:59:52, time (data): 1.045 (0.000)] l_pix: 2.2093e-02 
2025-08-31 23:25:59,816 INFO: [PFT_M..][epoch: 29, iter:  10,600, lr:(1.999e-04,)] [eta: 4 days, 19:56:34, time (data): 1.047 (0.000)] l_pix: 1.1763e-02 
2025-08-31 23:27:44,282 INFO: [PFT_M..][epoch: 29, iter:  10,700, lr:(1.999e-04,)] [eta: 4 days, 19:53:08, time (data): 1.044 (0.000)] l_pix: 1.4812e-02 
2025-08-31 23:29:29,076 INFO: [PFT_M..][epoch: 30, iter:  10,800, lr:(1.999e-04,)] [eta: 4 days, 19:49:55, time (data): 1.047 (0.001)] l_pix: 1.3262e-02 
2025-08-31 23:31:13,674 INFO: [PFT_M..][epoch: 30, iter:  10,900, lr:(1.999e-04,)] [eta: 4 days, 19:46:37, time (data): 1.045 (0.000)] l_pix: 1.5316e-02 
2025-08-31 23:32:58,351 INFO: [PFT_M..][epoch: 30, iter:  11,000, lr:(1.999e-04,)] [eta: 4 days, 19:43:24, time (data): 1.046 (0.000)] l_pix: 1.5511e-02 
2025-08-31 23:34:43,217 INFO: [PFT_M..][epoch: 31, iter:  11,100, lr:(1.999e-04,)] [eta: 4 days, 19:40:19, time (data): 1.053 (0.002)] l_pix: 2.0597e-02 
2025-08-31 23:36:28,383 INFO: [PFT_M..][epoch: 31, iter:  11,200, lr:(1.999e-04,)] [eta: 4 days, 19:37:25, time (data): 1.052 (0.001)] l_pix: 1.8632e-02 
2025-08-31 23:38:13,104 INFO: [PFT_M..][epoch: 31, iter:  11,300, lr:(1.999e-04,)] [eta: 4 days, 19:34:18, time (data): 1.047 (0.000)] l_pix: 1.2738e-02 
2025-08-31 23:39:57,855 INFO: [PFT_M..][epoch: 31, iter:  11,400, lr:(1.999e-04,)] [eta: 4 days, 19:31:13, time (data): 1.047 (0.000)] l_pix: 1.0278e-02 
2025-08-31 23:41:43,011 INFO: [PFT_M..][epoch: 32, iter:  11,500, lr:(1.999e-04,)] [eta: 4 days, 19:28:23, time (data): 1.051 (0.000)] l_pix: 9.3223e-03 
2025-08-31 23:43:27,721 INFO: [PFT_M..][epoch: 32, iter:  11,600, lr:(1.999e-04,)] [eta: 4 days, 19:25:19, time (data): 1.048 (0.000)] l_pix: 9.8918e-03 
2025-08-31 23:45:12,538 INFO: [PFT_M..][epoch: 32, iter:  11,700, lr:(1.999e-04,)] [eta: 4 days, 19:22:20, time (data): 1.051 (0.000)] l_pix: 1.6023e-02 
2025-08-31 23:46:57,262 INFO: [PFT_M..][epoch: 33, iter:  11,800, lr:(1.999e-04,)] [eta: 4 days, 19:19:20, time (data): 1.048 (0.001)] l_pix: 1.5160e-02 
2025-08-31 23:48:41,866 INFO: [PFT_M..][epoch: 33, iter:  11,900, lr:(1.999e-04,)] [eta: 4 days, 19:16:16, time (data): 1.045 (0.000)] l_pix: 1.0152e-02 
2025-08-31 23:50:26,553 INFO: [PFT_M..][epoch: 33, iter:  12,000, lr:(1.999e-04,)] [eta: 4 days, 19:13:17, time (data): 1.046 (0.000)] l_pix: 1.6326e-02 
2025-08-31 23:52:11,333 INFO: [PFT_M..][epoch: 33, iter:  12,100, lr:(1.999e-04,)] [eta: 4 days, 19:10:22, time (data): 1.048 (0.000)] l_pix: 1.3452e-02 
2025-08-31 23:53:56,114 INFO: [PFT_M..][epoch: 34, iter:  12,200, lr:(1.999e-04,)] [eta: 4 days, 19:07:28, time (data): 1.048 (0.001)] l_pix: 1.3572e-02 
2025-08-31 23:55:40,815 INFO: [PFT_M..][epoch: 34, iter:  12,300, lr:(1.999e-04,)] [eta: 4 days, 19:04:33, time (data): 1.046 (0.000)] l_pix: 1.7160e-02 
2025-08-31 23:57:25,412 INFO: [PFT_M..][epoch: 34, iter:  12,400, lr:(1.999e-04,)] [eta: 4 days, 19:01:35, time (data): 1.046 (0.000)] l_pix: 9.4369e-03 
2025-08-31 23:59:10,107 INFO: [PFT_M..][epoch: 35, iter:  12,500, lr:(1.999e-04,)] [eta: 4 days, 18:58:42, time (data): 1.048 (0.003)] l_pix: 1.1793e-02 
2025-09-01 00:00:54,869 INFO: [PFT_M..][epoch: 35, iter:  12,600, lr:(1.999e-04,)] [eta: 4 days, 18:55:52, time (data): 1.048 (0.001)] l_pix: 1.6788e-02 
2025-09-01 00:02:39,544 INFO: [PFT_M..][epoch: 35, iter:  12,700, lr:(1.999e-04,)] [eta: 4 days, 18:53:00, time (data): 1.045 (0.000)] l_pix: 2.0125e-02 
2025-09-01 00:04:23,836 INFO: [PFT_M..][epoch: 35, iter:  12,800, lr:(1.999e-04,)] [eta: 4 days, 18:49:58, time (data): 1.044 (0.000)] l_pix: 1.0308e-02 
2025-09-01 00:06:08,281 INFO: [PFT_M..][epoch: 36, iter:  12,900, lr:(1.999e-04,)] [eta: 4 days, 18:47:02, time (data): 1.044 (0.000)] l_pix: 1.0097e-02 
2025-09-01 00:07:53,001 INFO: [PFT_M..][epoch: 36, iter:  13,000, lr:(1.999e-04,)] [eta: 4 days, 18:44:15, time (data): 1.046 (0.000)] l_pix: 1.5605e-02 
2025-09-01 00:09:37,850 INFO: [PFT_M..][epoch: 36, iter:  13,100, lr:(1.999e-04,)] [eta: 4 days, 18:41:32, time (data): 1.049 (0.000)] l_pix: 1.4927e-02 
2025-09-01 00:11:22,544 INFO: [PFT_M..][epoch: 36, iter:  13,200, lr:(1.999e-04,)] [eta: 4 days, 18:38:46, time (data): 1.047 (0.000)] l_pix: 1.0622e-02 
2025-09-01 00:13:07,081 INFO: [PFT_M..][epoch: 37, iter:  13,300, lr:(1.999e-04,)] [eta: 4 days, 18:35:57, time (data): 1.045 (0.000)] l_pix: 2.0822e-02 
2025-09-01 00:14:51,450 INFO: [PFT_M..][epoch: 37, iter:  13,400, lr:(1.999e-04,)] [eta: 4 days, 18:33:03, time (data): 1.044 (0.000)] l_pix: 1.0901e-02 
2025-09-01 00:16:35,972 INFO: [PFT_M..][epoch: 37, iter:  13,500, lr:(1.999e-04,)] [eta: 4 days, 18:30:15, time (data): 1.045 (0.000)] l_pix: 2.0549e-02 
2025-09-01 00:18:20,759 INFO: [PFT_M..][epoch: 38, iter:  13,600, lr:(1.999e-04,)] [eta: 4 days, 18:27:35, time (data): 1.047 (0.001)] l_pix: 1.2985e-02 
2025-09-01 00:20:05,500 INFO: [PFT_M..][epoch: 38, iter:  13,700, lr:(1.999e-04,)] [eta: 4 days, 18:24:55, time (data): 1.049 (0.000)] l_pix: 8.7695e-03 
2025-09-01 00:21:50,179 INFO: [PFT_M..][epoch: 38, iter:  13,800, lr:(1.999e-04,)] [eta: 4 days, 18:22:14, time (data): 1.047 (0.000)] l_pix: 1.4157e-02 
2025-09-01 00:23:34,807 INFO: [PFT_M..][epoch: 38, iter:  13,900, lr:(1.999e-04,)] [eta: 4 days, 18:19:32, time (data): 1.044 (0.000)] l_pix: 1.7920e-02 
2025-09-01 00:25:19,405 INFO: [PFT_M..][epoch: 39, iter:  14,000, lr:(1.999e-04,)] [eta: 4 days, 18:16:50, time (data): 1.046 (0.001)] l_pix: 8.5574e-03 
2025-09-01 00:27:04,405 INFO: [PFT_M..][epoch: 39, iter:  14,100, lr:(1.999e-04,)] [eta: 4 days, 18:14:21, time (data): 1.051 (0.000)] l_pix: 1.6520e-02 
2025-09-01 00:28:48,934 INFO: [PFT_M..][epoch: 39, iter:  14,200, lr:(1.999e-04,)] [eta: 4 days, 18:11:38, time (data): 1.047 (0.000)] l_pix: 1.5604e-02 
2025-09-01 00:30:33,660 INFO: [PFT_M..][epoch: 40, iter:  14,300, lr:(1.999e-04,)] [eta: 4 days, 18:09:03, time (data): 1.051 (0.003)] l_pix: 9.0863e-03 
2025-09-01 00:32:18,492 INFO: [PFT_M..][epoch: 40, iter:  14,400, lr:(1.999e-04,)] [eta: 4 days, 18:06:30, time (data): 1.049 (0.001)] l_pix: 1.1882e-02 
2025-09-01 00:34:03,124 INFO: [PFT_M..][epoch: 40, iter:  14,500, lr:(1.999e-04,)] [eta: 4 days, 18:03:53, time (data): 1.044 (0.000)] l_pix: 1.3778e-02 
2025-09-01 00:35:48,314 INFO: [PFT_M..][epoch: 40, iter:  14,600, lr:(1.999e-04,)] [eta: 4 days, 18:01:31, time (data): 1.050 (0.000)] l_pix: 1.7614e-02 
2025-09-01 00:37:33,628 INFO: [PFT_M..][epoch: 41, iter:  14,700, lr:(1.999e-04,)] [eta: 4 days, 17:59:14, time (data): 1.056 (0.000)] l_pix: 1.5873e-02 
2025-09-01 00:39:18,745 INFO: [PFT_M..][epoch: 41, iter:  14,800, lr:(1.999e-04,)] [eta: 4 days, 17:56:51, time (data): 1.052 (0.000)] l_pix: 1.0263e-02 
2025-09-01 00:41:03,193 INFO: [PFT_M..][epoch: 41, iter:  14,900, lr:(1.999e-04,)] [eta: 4 days, 17:54:12, time (data): 1.045 (0.000)] l_pix: 1.8092e-02 
2025-09-01 00:42:47,889 INFO: [PFT_M..][epoch: 42, iter:  15,000, lr:(1.999e-04,)] [eta: 4 days, 17:51:39, time (data): 1.047 (0.001)] l_pix: 7.6804e-03 
2025-09-01 00:44:32,677 INFO: [PFT_M..][epoch: 42, iter:  15,100, lr:(1.999e-04,)] [eta: 4 days, 17:49:10, time (data): 1.046 (0.000)] l_pix: 1.2332e-02 
2025-09-01 00:46:17,525 INFO: [PFT_M..][epoch: 42, iter:  15,200, lr:(1.999e-04,)] [eta: 4 days, 17:46:43, time (data): 1.048 (0.000)] l_pix: 1.4919e-02 
2025-09-01 00:48:02,047 INFO: [PFT_M..][epoch: 42, iter:  15,300, lr:(1.999e-04,)] [eta: 4 days, 17:44:08, time (data): 1.043 (0.000)] l_pix: 1.0152e-02 
2025-09-01 00:49:46,952 INFO: [PFT_M..][epoch: 43, iter:  15,400, lr:(1.999e-04,)] [eta: 4 days, 17:41:43, time (data): 1.048 (0.001)] l_pix: 8.6667e-03 
2025-09-01 00:51:31,832 INFO: [PFT_M..][epoch: 43, iter:  15,500, lr:(1.999e-04,)] [eta: 4 days, 17:39:19, time (data): 1.047 (0.000)] l_pix: 1.3485e-02 
2025-09-01 00:53:16,421 INFO: [PFT_M..][epoch: 43, iter:  15,600, lr:(1.999e-04,)] [eta: 4 days, 17:36:47, time (data): 1.046 (0.000)] l_pix: 1.6875e-02 
2025-09-01 00:55:01,087 INFO: [PFT_M..][epoch: 43, iter:  15,700, lr:(1.999e-04,)] [eta: 4 days, 17:34:18, time (data): 1.047 (0.000)] l_pix: 9.6739e-03 
2025-09-01 00:56:45,940 INFO: [PFT_M..][epoch: 44, iter:  15,800, lr:(1.999e-04,)] [eta: 4 days, 17:31:55, time (data): 1.048 (0.001)] l_pix: 2.0271e-02 
2025-09-01 00:58:30,563 INFO: [PFT_M..][epoch: 44, iter:  15,900, lr:(1.999e-04,)] [eta: 4 days, 17:29:26, time (data): 1.046 (0.000)] l_pix: 1.3492e-02 
2025-09-01 01:00:15,165 INFO: [PFT_M..][epoch: 44, iter:  16,000, lr:(1.999e-04,)] [eta: 4 days, 17:26:57, time (data): 1.046 (0.000)] l_pix: 1.4786e-02 
2025-09-01 01:02:00,009 INFO: [PFT_M..][epoch: 45, iter:  16,100, lr:(1.999e-04,)] [eta: 4 days, 17:24:35, time (data): 1.048 (0.000)] l_pix: 1.2226e-02 
2025-09-01 01:03:44,692 INFO: [PFT_M..][epoch: 45, iter:  16,200, lr:(1.999e-04,)] [eta: 4 days, 17:22:09, time (data): 1.047 (0.000)] l_pix: 1.4876e-02 
2025-09-01 01:05:29,338 INFO: [PFT_M..][epoch: 45, iter:  16,300, lr:(1.999e-04,)] [eta: 4 days, 17:19:43, time (data): 1.047 (0.000)] l_pix: 9.7762e-03 
2025-09-01 01:07:13,897 INFO: [PFT_M..][epoch: 45, iter:  16,400, lr:(1.999e-04,)] [eta: 4 days, 17:17:15, time (data): 1.046 (0.000)] l_pix: 8.8061e-03 
2025-09-01 01:08:58,689 INFO: [PFT_M..][epoch: 46, iter:  16,500, lr:(1.999e-04,)] [eta: 4 days, 17:14:53, time (data): 1.046 (0.000)] l_pix: 1.1175e-02 
2025-09-01 01:10:43,288 INFO: [PFT_M..][epoch: 46, iter:  16,600, lr:(1.999e-04,)] [eta: 4 days, 17:12:27, time (data): 1.046 (0.000)] l_pix: 8.4132e-03 
2025-09-01 01:12:27,815 INFO: [PFT_M..][epoch: 46, iter:  16,700, lr:(1.999e-04,)] [eta: 4 days, 17:10:00, time (data): 1.049 (0.000)] l_pix: 1.1662e-02 
